#
# A fatal error has been detected by the Java Runtime Environment:
#
#  EXCEPTION_ACCESS_VIOLATION (0xc0000005) at pc=0x00007ffdabb53137, pid=7360, tid=4320
#
# JRE version: Java(TM) SE Runtime Environment (8.0_60-b27) (build 1.8.0_60-b27)
# Java VM: Java HotSpot(TM) 64-Bit Server VM (25.60-b23 mixed mode windows-amd64 compressed oops)
# Problematic frame:
# C  [ntdll.dll+0x23137]
#
# Failed to write core dump. Minidumps are not enabled by default on client versions of Windows
#
# If you would like to submit a bug report, please visit:
#   http://bugreport.java.com/bugreport/crash.jsp
#

---------------  T H R E A D  ---------------

Current thread (0x0000000017007000):  VMThread [stack: 0x00000000180a0000,0x00000000181a0000] [id=4320]

siginfo: ExceptionCode=0xc0000005, reading address 0x00000000feffffff

Registers:
RAX=0x00000000feffffff, RBX=0x0000000000850000, RCX=0x00000000198044d0, RDX=0x0000000080000000
RSP=0x000000001819ef10, RBP=0x00000000198044d0, RSI=0x00000000198044c0, RDI=0x00000000000000fb
R8 =0x0000000000853914, R9 =0x000000000000001b, R10=0x0000000000000000, R11=0x000000001819f1e0
R12=0x0000000000853870, R13=0x0000000000850150, R14=0x0000000019826370, R15=0x000000000000001b
RIP=0x00007ffdabb53137, EFLAGS=0x0000000000010287

Top of Stack: (sp=0x000000001819ef10)
0x000000001819ef10:   0000000000030000 0000000000000025
0x000000001819ef20:   00007ffd8cfa0000 00000000198074a0
0x000000001819ef30:   0000000000000000 00007ffd8cfe5bf0
0x000000001819ef40:   000000000058abd0 000000000058abc0
0x000000001819ef50:   000000008cfa0001 0000000000510000
0x000000001819ef60:   00000000000000fb 00000000198044d0
0x000000001819ef70:   00000000005756c6 0000037f00000001
0x000000001819ef80:   000000000058abd0 0000000000000000
0x000000001819ef90:   00000000000000fb 00000000005740e8
0x000000001819efa0:   00000000005740a0 00007ffdabb77e2c
0x000000001819efb0:   00007ffd8cfa0000 0000000000000000
0x000000001819efc0:   0000000088090081 00007ffd8d0bc020
0x000000001819efd0:   00000000690894f5 00007ffdabb77d65
0x000000001819efe0:   0000000000000000 000000001819f140
0x000000001819eff0:   0000000005000005 00007ffd8d0bc020
0x000000001819f000:   000000000085e520 00007ffd8cfa2e47 

Instructions: (pc=0x00007ffdabb53137)
0x00007ffdabb53117:   b7 c0 48 3b f8 76 0c 4d 8b 36 48 8d 83 50 01 00
0x00007ffdabb53127:   00 eb a6 48 8d 4e 10 48 89 4c 24 58 49 8b 46 08
0x00007ffdabb53137:   48 8b 10 49 3b d6 75 10 4c 89 31 48 89 41 08 48
0x00007ffdabb53147:   89 08 49 89 4e 08 eb 1c 33 c0 48 89 44 24 28 48 


Register to memory mapping:

RAX=0x00000000feffffff is an unallocated location in the heap
RBX=0x0000000000850000 is an unknown value
RCX=0x00000000198044d0 is an unknown value
RDX=0x0000000080000000 is an unknown value
RSP=0x000000001819ef10 is an unknown value
RBP=0x00000000198044d0 is an unknown value
RSI=0x00000000198044c0 is an unknown value
RDI=0x00000000000000fb is an unknown value
R8 =0x0000000000853914 is an unknown value
R9 =0x000000000000001b is an unknown value
R10=0x0000000000000000 is an unknown value
R11=0x000000001819f1e0 is an unknown value
R12=0x0000000000853870 is an unknown value
R13=0x0000000000850150 is an unknown value
R14=0x0000000019826370 is an unknown value
R15=0x000000000000001b is an unknown value


Stack: [0x00000000180a0000,0x00000000181a0000],  sp=0x000000001819ef10,  free space=1019k
Native frames: (J=compiled Java code, j=interpreted, Vv=VM code, C=native code)
C  [ntdll.dll+0x23137]

VM_Operation (0x0000000019d4edf0): Exit, mode: safepoint, requested by thread 0x0000000018ca0000


---------------  P R O C E S S  ---------------

Java Threads: ( => current thread )
  0x0000000019fe6000 JavaThread "LWJGL Timer" daemon [_thread_blocked, id=8804, stack(0x00000000600d0000,0x00000000601d0000)]
  0x000000001a041000 JavaThread "AsynchExecutor-Thread" daemon [_thread_blocked, id=8688, stack(0x000000005ffd0000,0x00000000600d0000)]
  0x00000000024ad800 JavaThread "DestroyJavaVM" [_thread_blocked, id=4792, stack(0x0000000000710000,0x0000000000810000)]
  0x0000000018ca0000 JavaThread "LWJGL Application" [_thread_blocked, id=9104, stack(0x0000000019c50000,0x0000000019d50000)]
  0x0000000018ab4000 JavaThread "Monitor Ctrl-Break" daemon [_thread_in_native, id=1460, stack(0x0000000018f80000,0x0000000019080000)]
  0x0000000018992800 JavaThread "Service Thread" daemon [_thread_blocked, id=4740, stack(0x0000000018d80000,0x0000000018e80000)]
  0x0000000017047000 JavaThread "C1 CompilerThread2" daemon [_thread_blocked, id=7976, stack(0x0000000018880000,0x0000000018980000)]
  0x0000000017040000 JavaThread "C2 CompilerThread1" daemon [_thread_blocked, id=3560, stack(0x0000000018780000,0x0000000018880000)]
  0x000000001703d800 JavaThread "C2 CompilerThread0" daemon [_thread_blocked, id=9604, stack(0x0000000018680000,0x0000000018780000)]
  0x000000001703c000 JavaThread "Attach Listener" daemon [_thread_blocked, id=8328, stack(0x0000000018580000,0x0000000018680000)]
  0x000000001703a800 JavaThread "Signal Dispatcher" daemon [_thread_blocked, id=2812, stack(0x0000000018480000,0x0000000018580000)]
  0x00000000023f2000 JavaThread "Finalizer" daemon [_thread_blocked, id=9196, stack(0x00000000182a0000,0x00000000183a0000)]
  0x0000000017008800 JavaThread "Reference Handler" daemon [_thread_blocked, id=5116, stack(0x00000000181a0000,0x00000000182a0000)]

Other Threads:
=>0x0000000017007000 VMThread [stack: 0x00000000180a0000,0x00000000181a0000] [id=4320]

VM state:at safepoint (shutting down)

VM Mutex/Monitor currently owned by a thread:  ([mutex/lock_event])
[0x00000000024ac570] Threads_lock - owner thread: 0x0000000017007000

Heap:
 PSYoungGen      total 38400K, used 26265K [0x00000000d5b00000, 0x00000000d8580000, 0x0000000100000000)
  eden space 33280K, 78% used [0x00000000d5b00000,0x00000000d74a65e8,0x00000000d7b80000)
  from space 5120K, 0% used [0x00000000d8080000,0x00000000d8080000,0x00000000d8580000)
  to   space 5120K, 0% used [0x00000000d7b80000,0x00000000d7b80000,0x00000000d8080000)
 ParOldGen       total 87552K, used 0K [0x0000000081000000, 0x0000000086580000, 0x00000000d5b00000)
  object space 87552K, 0% used [0x0000000081000000,0x0000000081000000,0x0000000086580000)
 Metaspace       used 8642K, capacity 8755K, committed 8832K, reserved 1056768K
  class space    used 833K, capacity 880K, committed 896K, reserved 1048576K

Card table byte_map: [0x0000000011870000,0x0000000011c70000] byte_map_base: 0x0000000011468000

Marking Bits: (ParMarkBitMap*) 0x000000007609a5b0
 Begin Bits: [0x0000000012320000, 0x00000000142e0000)
 End Bits:   [0x00000000142e0000, 0x00000000162a0000)

Polling page: 0x00000000004f0000

CodeCache: size=245760Kb used=3887Kb max_used=3887Kb free=241872Kb
 bounds [0x00000000024b0000, 0x0000000002880000, 0x00000000114b0000]
 total_blobs=1325 nmethods=859 adapters=379
 compilation: enabled

Compilation events (10 events):
Event: 4.664 Thread 0x0000000017047000  854       1       com.badlogic.gdx.utils.viewport.Viewport::getCamera (5 bytes)
Event: 4.664 Thread 0x0000000017047000 nmethod 854 0x000000000287b710 code [0x000000000287b860, 0x000000000287b970]
Event: 4.812 Thread 0x0000000017047000  855       3       org.lwjgl.opengl.Sync::getTime (12 bytes)
Event: 4.812 Thread 0x0000000017047000 nmethod 855 0x000000000287b9d0 code [0x000000000287bb60, 0x000000000287bea8]
Event: 4.812 Thread 0x0000000017047000  856       3       org.lwjgl.Sys::getTime (13 bytes)
Event: 4.813 Thread 0x0000000017047000 nmethod 856 0x000000000287c010 code [0x000000000287c180, 0x000000000287c368]
Event: 4.818 Thread 0x0000000017047000  858       3       org.lwjgl.opengl.GL20::glVertexAttribPointer (63 bytes)
Event: 4.820 Thread 0x0000000017047000 nmethod 858 0x000000000287c790 code [0x000000000287ca40, 0x000000000287db28]
Event: 4.888 Thread 0x0000000017047000  859       1       org.lwjgl.opengl.WindowsMouse::isGrabbed (5 bytes)
Event: 4.888 Thread 0x0000000017047000 nmethod 859 0x000000000287ea90 code [0x000000000287ebe0, 0x000000000287ecf0]

GC Heap History (0 events):
No events

Deoptimization events (10 events):
Event: 1.400 Thread 0x0000000018ca0000 Uncommon trap: reason=class_check action=maybe_recompile pc=0x000000000272b8fc method=com.badlogic.gdx.assets.AssetLoadingTask.handleAsyncLoader()V @ 4
Event: 1.420 Thread 0x000000001a041000 Uncommon trap: reason=unstable_if action=reinterpret pc=0x00000000027207e4 method=java.lang.ThreadLocal.get()Ljava/lang/Object; @ 11
Event: 1.632 Thread 0x0000000018ca0000 Uncommon trap: reason=class_check action=maybe_recompile pc=0x000000000273644c method=com.badlogic.gdx.assets.AssetLoadingTask.handleAsyncLoader()V @ 137
Event: 2.069 Thread 0x0000000018ca0000 Uncommon trap: reason=class_check action=maybe_recompile pc=0x000000000273644c method=com.badlogic.gdx.assets.AssetLoadingTask.handleAsyncLoader()V @ 137
Event: 2.071 Thread 0x0000000018ca0000 Uncommon trap: reason=class_check action=maybe_recompile pc=0x0000000002729c90 method=com.badlogic.gdx.assets.AssetLoadingTask.handleAsyncLoader()V @ 137
Event: 2.073 Thread 0x0000000018ca0000 Uncommon trap: reason=class_check action=maybe_recompile pc=0x00000000027333c0 method=com.badlogic.gdx.assets.AssetLoadingTask.handleAsyncLoader()V @ 137
Event: 2.102 Thread 0x0000000018ca0000 Uncommon trap: reason=unstable_if action=reinterpret pc=0x000000000272859c method=java.lang.Math.min(FF)F @ 37
Event: 2.106 Thread 0x0000000018ca0000 Uncommon trap: reason=unstable_if action=reinterpret pc=0x0000000002723474 method=java.io.BufferedOutputStream.write([BII)V @ 6
Event: 2.218 Thread 0x0000000018ca0000 Uncommon trap: reason=unstable_if action=reinterpret pc=0x000000000271a694 method=java.lang.AbstractStringBuilder.append([CII)Ljava/lang/AbstractStringBuilder; @ 1
Event: 2.267 Thread 0x0000000018ca0000 Uncommon trap: reason=unstable_if action=reinterpret pc=0x000000000271581c method=java.lang.Math.min(FF)F @ 37

Internal exceptions (10 events):
Event: 0.269 Thread 0x00000000024ad800 Exception <a 'java/security/PrivilegedActionException'> (0x00000000d5ec31f0) thrown at [C:\re\workspace\8-2-build-windows-amd64-cygwin\jdk8u60\4407\hotspot\src\share\vm\prims\jvm.cpp, line 1386]
Event: 0.271 Thread 0x00000000024ad800 Exception <a 'java/security/PrivilegedActionException'> (0x00000000d5ec7220) thrown at [C:\re\workspace\8-2-build-windows-amd64-cygwin\jdk8u60\4407\hotspot\src\share\vm\prims\jvm.cpp, line 1386]
Event: 0.271 Thread 0x00000000024ad800 Exception <a 'java/security/PrivilegedActionException'> (0x00000000d5ec7430) thrown at [C:\re\workspace\8-2-build-windows-amd64-cygwin\jdk8u60\4407\hotspot\src\share\vm\prims\jvm.cpp, line 1386]
Event: 0.564 Thread 0x00000000024ad800 Exception <a 'java/security/PrivilegedActionException'> (0x00000000d6082b78) thrown at [C:\re\workspace\8-2-build-windows-amd64-cygwin\jdk8u60\4407\hotspot\src\share\vm\prims\jvm.cpp, line 1386]
Event: 0.564 Thread 0x00000000024ad800 Exception <a 'java/security/PrivilegedActionException'> (0x00000000d6084850) thrown at [C:\re\workspace\8-2-build-windows-amd64-cygwin\jdk8u60\4407\hotspot\src\share\vm\prims\jvm.cpp, line 1386]
Event: 0.564 Thread 0x00000000024ad800 Exception <a 'java/security/PrivilegedActionException'> (0x00000000d60859c0) thrown at [C:\re\workspace\8-2-build-windows-amd64-cygwin\jdk8u60\4407\hotspot\src\share\vm\prims\jvm.cpp, line 1386]
Event: 0.564 Thread 0x00000000024ad800 Exception <a 'java/security/PrivilegedActionException'> (0x00000000d608ab28) thrown at [C:\re\workspace\8-2-build-windows-amd64-cygwin\jdk8u60\4407\hotspot\src\share\vm\prims\jvm.cpp, line 1386]
Event: 0.564 Thread 0x00000000024ad800 Exception <a 'java/security/PrivilegedActionException'> (0x00000000d608b780) thrown at [C:\re\workspace\8-2-build-windows-amd64-cygwin\jdk8u60\4407\hotspot\src\share\vm\prims\jvm.cpp, line 1386]
Event: 0.564 Thread 0x00000000024ad800 Exception <a 'java/security/PrivilegedActionException'> (0x00000000d608c3a8) thrown at [C:\re\workspace\8-2-build-windows-amd64-cygwin\jdk8u60\4407\hotspot\src\share\vm\prims\jvm.cpp, line 1386]
Event: 1.420 Thread 0x000000001a041000 Implicit null exception at 0x0000000002720708 to 0x00000000027207d1

Events (10 events):
Event: 5.210 loading class java/util/HashMap$Values done
Event: 5.210 loading class java/util/HashMap$ValueIterator
Event: 5.210 loading class java/util/HashMap$ValueIterator done
Event: 5.210 loading class java/util/IdentityHashMap$KeySet
Event: 5.210 loading class java/util/IdentityHashMap$KeySet done
Event: 5.210 loading class java/util/IdentityHashMap$KeyIterator
Event: 5.210 loading class java/util/IdentityHashMap$IdentityHashMapIterator
Event: 5.210 loading class java/util/IdentityHashMap$IdentityHashMapIterator done
Event: 5.210 loading class java/util/IdentityHashMap$KeyIterator done
Event: 5.211 Executing VM operation: Exit


Dynamic libraries:
0x00007ff7bb340000 - 0x00007ff7bb377000 	C:\Program Files\Java\jdk1.8.0_60\bin\java.exe
0x00007ffdabb30000 - 0x00007ffdabcf1000 	C:\WINDOWS\SYSTEM32\ntdll.dll
0x00007ffdaaec0000 - 0x00007ffdaaf6d000 	C:\WINDOWS\system32\KERNEL32.DLL
0x00007ffda83b0000 - 0x00007ffda8598000 	C:\WINDOWS\system32\KERNELBASE.dll
0x00007ffdab0d0000 - 0x00007ffdab177000 	C:\WINDOWS\system32\ADVAPI32.dll
0x00007ffda9130000 - 0x00007ffda91cd000 	C:\WINDOWS\system32\msvcrt.dll
0x00007ffdab8c0000 - 0x00007ffdab91b000 	C:\WINDOWS\system32\sechost.dll
0x00007ffdab9f0000 - 0x00007ffdabb0c000 	C:\WINDOWS\system32\RPCRT4.dll
0x00007ffdab5c0000 - 0x00007ffdab716000 	C:\WINDOWS\system32\USER32.dll
0x00007ffdab730000 - 0x00007ffdab8b6000 	C:\WINDOWS\system32\GDI32.dll
0x00007ffd9bdd0000 - 0x00007ffd9c044000 	C:\WINDOWS\WinSxS\amd64_microsoft.windows.common-controls_6595b64144ccf1df_6.0.10586.0_none_8c15ae12515e1c22\COMCTL32.dll
0x00007ffdab180000 - 0x00007ffdab3fd000 	C:\WINDOWS\system32\combase.dll
0x00007ffda8d80000 - 0x00007ffda8dea000 	C:\WINDOWS\system32\bcryptPrimitives.dll
0x00007ffdab520000 - 0x00007ffdab55b000 	C:\WINDOWS\system32\IMM32.DLL
0x0000000076120000 - 0x00000000761f2000 	C:\Program Files\Java\jdk1.8.0_60\jre\bin\msvcr100.dll
0x0000000075890000 - 0x0000000076119000 	C:\Program Files\Java\jdk1.8.0_60\jre\bin\server\jvm.dll
0x00007ffdab720000 - 0x00007ffdab728000 	C:\WINDOWS\system32\PSAPI.DLL
0x00007ffda62c0000 - 0x00007ffda62c9000 	C:\WINDOWS\SYSTEM32\WSOCK32.dll
0x00007ffda92a0000 - 0x00007ffda930b000 	C:\WINDOWS\system32\WS2_32.dll
0x00007ffda67e0000 - 0x00007ffda6803000 	C:\WINDOWS\SYSTEM32\WINMM.dll
0x00007ffd9c1c0000 - 0x00007ffd9c1ca000 	C:\WINDOWS\SYSTEM32\VERSION.dll
0x00007ffda62d0000 - 0x00007ffda62fc000 	C:\WINDOWS\SYSTEM32\WINMMBASE.dll
0x00007ffda8e50000 - 0x00007ffda8e93000 	C:\WINDOWS\system32\cfgmgr32.dll
0x0000000075880000 - 0x000000007588f000 	C:\Program Files\Java\jdk1.8.0_60\jre\bin\verify.dll
0x0000000075850000 - 0x0000000075879000 	C:\Program Files\Java\jdk1.8.0_60\jre\bin\java.dll
0x0000000075830000 - 0x0000000075846000 	C:\Program Files\Java\jdk1.8.0_60\jre\bin\zip.dll
0x00007ffda9530000 - 0x00007ffdaaa8c000 	C:\WINDOWS\system32\SHELL32.dll
0x00007ffda8730000 - 0x00007ffda8d75000 	C:\WINDOWS\system32\windows.storage.dll
0x00007ffdab560000 - 0x00007ffdab5b2000 	C:\WINDOWS\system32\shlwapi.dll
0x00007ffda8150000 - 0x00007ffda815f000 	C:\WINDOWS\system32\kernel.appcore.dll
0x00007ffda85c0000 - 0x00007ffda8675000 	C:\WINDOWS\system32\shcore.dll
0x00007ffda8160000 - 0x00007ffda81ab000 	C:\WINDOWS\system32\powrprof.dll
0x00007ffda81c0000 - 0x00007ffda81d4000 	C:\WINDOWS\system32\profapi.dll
0x00007ffd9e7f0000 - 0x00007ffd9e800000 	C:\Program Files (x86)\JetBrains\IntelliJ IDEA Community Edition 15.0.2\bin\breakgen64.dll
0x0000000075810000 - 0x000000007582a000 	C:\Program Files\Java\jdk1.8.0_60\jre\bin\net.dll
0x00007ffda7a80000 - 0x00007ffda7adc000 	C:\WINDOWS\system32\mswsock.dll
0x0000000065580000 - 0x0000000065616000 	C:\Users\slick\AppData\Local\Temp\libgdxslick\ca72f4d7\gdx64.dll
0x00007ffda7b30000 - 0x00007ffda7b47000 	C:\WINDOWS\SYSTEM32\CRYPTSP.dll
0x00007ffda77c0000 - 0x00007ffda77f4000 	C:\WINDOWS\system32\rsaenh.dll
0x00007ffda7d50000 - 0x00007ffda7d79000 	C:\WINDOWS\SYSTEM32\bcrypt.dll
0x00007ffda7910000 - 0x00007ffda792f000 	C:\WINDOWS\SYSTEM32\USERENV.dll
0x00007ffda7c50000 - 0x00007ffda7c5b000 	C:\WINDOWS\SYSTEM32\CRYPTBASE.dll
0x00007ffda24b0000 - 0x00007ffda24e8000 	C:\WINDOWS\SYSTEM32\IPHLPAPI.DLL
0x00007ffdab400000 - 0x00007ffdab408000 	C:\WINDOWS\system32\NSI.dll
0x00007ffda21a0000 - 0x00007ffda21b6000 	C:\WINDOWS\SYSTEM32\dhcpcsvc6.DLL
0x00007ffda2430000 - 0x00007ffda244a000 	C:\WINDOWS\SYSTEM32\dhcpcsvc.DLL
0x00000000757f0000 - 0x0000000075801000 	C:\Program Files\Java\jdk1.8.0_60\jre\bin\nio.dll
0x0000000180000000 - 0x0000000180053000 	C:\Users\slick\AppData\Local\Temp\libgdxslick\dc0f0009\lwjgl64.dll
0x00007ffd82920000 - 0x00007ffd82a49000 	C:\WINDOWS\SYSTEM32\OPENGL32.dll
0x00007ffd82780000 - 0x00007ffd827ae000 	C:\WINDOWS\SYSTEM32\GLU32.dll
0x00007ffd82820000 - 0x00007ffd8291a000 	C:\WINDOWS\SYSTEM32\DDRAW.dll
0x00007ffd95620000 - 0x00007ffd95628000 	C:\WINDOWS\SYSTEM32\DCIMAN32.dll
0x0000000002420000 - 0x0000000002484000 	C:\Users\slick\AppData\Local\Temp\libgdxslick\dc0f0009\OpenAL64.dll
0x00007ffda8f30000 - 0x00007ffda9073000 	C:\WINDOWS\system32\ole32.dll
0x00007ffda69e0000 - 0x00007ffda6a76000 	C:\WINDOWS\system32\uxtheme.dll
0x00007ffd8d100000 - 0x00007ffd8d1a3000 	C:\Program Files\Common Files\microsoft shared\ink\tiptsf.dll
0x00007ffda91d0000 - 0x00007ffda9291000 	C:\WINDOWS\system32\OLEAUT32.dll
0x00007ffda9080000 - 0x00007ffda9127000 	C:\WINDOWS\system32\clbcatq.dll
0x00007ffda60e0000 - 0x00007ffda6266000 	C:\WINDOWS\System32\PROPSYS.dll
0x00007ffda1610000 - 0x00007ffda16ac000 	C:\WINDOWS\SYSTEM32\dsound.dll
0x00007ffda1990000 - 0x00007ffda1a00000 	C:\WINDOWS\System32\MMDevApi.dll
0x00007ffda6c20000 - 0x00007ffda6c47000 	C:\WINDOWS\System32\DEVOBJ.dll
0x00007ffd9ddf0000 - 0x00007ffd9de78000 	C:\WINDOWS\SYSTEM32\AUDIOSES.DLL
0x00007ffda3740000 - 0x00007ffda3876000 	C:\WINDOWS\SYSTEM32\wintypes.dll
0x00007ffdaaf70000 - 0x00007ffdab0ca000 	C:\WINDOWS\system32\MSCTF.dll
0x00007ffda5d90000 - 0x00007ffda5db2000 	C:\WINDOWS\system32\dwmapi.dll
0x00007ffd7bcd0000 - 0x00007ffd7c7d0000 	C:\WINDOWS\SYSTEM32\ig75icd64.dll
0x00007ffda04f0000 - 0x00007ffda0ef9000 	C:\WINDOWS\SYSTEM32\igdusc64.dll
0x00007ffda60c0000 - 0x00007ffda60d3000 	C:\WINDOWS\SYSTEM32\WTSAPI32.dll
0x00007ffd87300000 - 0x00007ffd87391000 	C:\WINDOWS\SYSTEM32\mscms.dll
0x00007ffd974a0000 - 0x00007ffd974e2000 	C:\WINDOWS\SYSTEM32\icm32.dll
0x00007ffd8cfa0000 - 0x00007ffd8d0fc000 	C:\Windows\System32\uiautomationcore.dll
0x00007ffda8010000 - 0x00007ffda80a9000 	C:\WINDOWS\SYSTEM32\sxs.dll
0x00007ffd9aa70000 - 0x00007ffd9aada000 	C:\Windows\System32\OLEACC.dll

VM Arguments:
jvm_args: -Didea.launcher.port=7542 -Didea.launcher.bin.path=C:\Program Files (x86)\JetBrains\IntelliJ IDEA Community Edition 15.0.2\bin -Dfile.encoding=UTF-8 
java_command: com.intellij.rt.execution.application.AppMain com.slickgames.simpleninja.main.Launcher
java_class_path (initial): E:\SimpleNinja-M\bin;C:\Program Files\Java\jdk1.8.0_60\jre\lib\charsets.jar;C:\Program Files\Java\jdk1.8.0_60\jre\lib\deploy.jar;C:\Program Files\Java\jdk1.8.0_60\jre\lib\ext\access-bridge-64.jar;C:\Program Files\Java\jdk1.8.0_60\jre\lib\ext\cldrdata.jar;C:\Program Files\Java\jdk1.8.0_60\jre\lib\ext\dnsns.jar;C:\Program Files\Java\jdk1.8.0_60\jre\lib\ext\jaccess.jar;C:\Program Files\Java\jdk1.8.0_60\jre\lib\ext\jfxrt.jar;C:\Program Files\Java\jdk1.8.0_60\jre\lib\ext\localedata.jar;C:\Program Files\Java\jdk1.8.0_60\jre\lib\ext\nashorn.jar;C:\Program Files\Java\jdk1.8.0_60\jre\lib\ext\sunec.jar;C:\Program Files\Java\jdk1.8.0_60\jre\lib\ext\sunjce_provider.jar;C:\Program Files\Java\jdk1.8.0_60\jre\lib\ext\sunmscapi.jar;C:\Program Files\Java\jdk1.8.0_60\jre\lib\ext\sunpkcs11.jar;C:\Program Files\Java\jdk1.8.0_60\jre\lib\ext\zipfs.jar;C:\Program Files\Java\jdk1.8.0_60\jre\lib\javaws.jar;C:\Program Files\Java\jdk1.8.0_60\jre\lib\jce.jar;C:\Program Files\Java\jdk1.8.0_60\jre\lib\jfr.jar;C:\Program Files\Java\jdk1.8.0_60\jre\lib\jfxswt.jar;C:\Program Files\Java\jdk1.8.0_60\jre\lib\jsse.jar;C:\Program Files\Java\jdk1.8.0_60\jre\lib\management-agent.jar;C:\Program Files\Java\jdk1.8.0_60\jre\lib\plugin.jar;C:\Program Files\Java\jdk1.8.0_60\jre\lib\resources.jar;C:\Program Files\Java\jdk1.8.0_60\jre\lib\rt.jar;E:\SimpleNinja-M\libs\gdx.jar;E:\SimpleNinja-M\libs\gdx-box2d.jar;E:\SimpleNinja-M\libs\gdx-natives.jar;E:\SimpleNinja-M\libs\gdx-sources.jar;E:\SimpleNinja-M\libs\gdx-backend-lwjgl.jar;E:\SimpleNinja-M\libs\gdx-box2d-natives.jar;E:\SimpleNinja-M\libs\runnable-2D-particles.jar;E:\SimpleNinja-M\libs\runnable-texturepacker.jar;E:\SimpleNinja-M\libs\gdx-backend-lwjgl-natives.jar;C:\Program Files (x86)\JetBrains\IntelliJ IDEA Community Edition 15.0.2\lib\idea_rt.jar
Launcher Type: SUN_STANDARD

Environment Variables:
PATH=C:\ProgramData\Oracle\Java\javapath;C:\WINDOWS\system32;C:\WINDOWS;C:\WINDOWS\System32\Wbem;C:\WINDOWS\System32\WindowsPowerShell\v1.0\;C:\Program Files (x86)\Skype\Phone\
USERNAME=slick
OS=Windows_NT
PROCESSOR_IDENTIFIER=Intel64 Family 6 Model 69 Stepping 1, GenuineIntel



---------------  S Y S T E M  ---------------

OS: Windows 10.0 , 64 bit Build 10586 (10.0.10586.0)

CPU:total 4 (2 cores per cpu, 2 threads per core) family 6 model 69 stepping 1, cmov, cx8, fxsr, mmx, sse, sse2, sse3, ssse3, sse4.1, sse4.2, popcnt, avx, avx2, aes, clmul, erms, lzcnt, ht, tsc, tscinvbit, bmi1, bmi2

Memory: 4k page, physical 8318808k(3907152k free), swap 9629528k(4052652k free)

vm_info: Java HotSpot(TM) 64-Bit Server VM (25.60-b23) for windows-amd64 JRE (1.8.0_60-b27), built on Aug  4 2015 11:06:27 by "java_re" with MS VC++ 10.0 (VS2010)

time: Fri Feb 26 19:09:12 2016
elapsed time: 9 seconds (0d 0h 0m 9s)

