#
# A fatal error has been detected by the Java Runtime Environment:
#
#  SIGSEGV (0xb) at pc=0x00007fb8487afcf0, pid=5953, tid=140429504706304
#
# JRE version: Java(TM) SE Runtime Environment (8.0_73-b02) (build 1.8.0_73-b02)
# Java VM: Java HotSpot(TM) 64-Bit Server VM (25.73-b02 mixed mode linux-amd64 compressed oops)
# Problematic frame:
# C  [libdrm_intel.so.1+0x5cf0]
#
# Failed to write core dump. Core dumps have been disabled. To enable core dumping, try "ulimit -c unlimited" before starting Java again
#
# If you would like to submit a bug report, please visit:
#   http://bugreport.java.com/bugreport/crash.jsp
# The crash happened outside the Java Virtual Machine in native code.
# See problematic frame for where to report the bug.
#

---------------  T H R E A D  ---------------

Current thread (0x00007fb8a43d4800):  JavaThread "LWJGL Application" [_thread_in_native, id=5989, stack(0x00007fb84aae7000,0x00007fb84abe8000)]

siginfo: si_signo: 11 (SIGSEGV), si_code: 128 (SI_KERNEL), si_addr: 0x0000000000000000

Registers:
RAX=0x0000000000000000, RBX=0x00007fb8343df840, RCX=0x0000000000000000, RDX=0x0000000000000000
RSP=0x00007fb84abe6438, RBP=0x0000000000000000, RSI=0x0000000000000000, RDI=0x41a0000042ca0000
R8 =0x00007fb83404a9b8, R9 =0x0000000000000000, R10=0x0000000000000000, R11=0x0000000000000246
R12=0x41a0000042ca0000, R13=0x0000000000000000, R14=0x0000000000000000, R15=0x00007fb8341d32e0
RIP=0x00007fb8487afcf0, EFLAGS=0x0000000000010202, CSGSFS=0x0000000000000033, ERR=0x0000000000000000
  TRAPNO=0x000000000000000d

Top of Stack: (sp=0x00007fb84abe6438)
0x00007fb84abe6438:   00007fb8487afd40 0000000000100000
0x00007fb84abe6448:   00007fb83404a8c0 0000000000000738
0x00007fb84abe6458:   00007fb83404a9b8 00007fb8343df840
0x00007fb84abe6468:   00007fb8487b0e8d 0000000000000000
0x00007fb84abe6478:   0000000080848000 0000000000008000
0x00007fb84abe6488:   0000000000000000 0000000000000000
0x00007fb84abe6498:   0000000000000000 0000000000000000
0x00007fb84abe64a8:   00007fb8491baa08 00007fb84abe64f0
0x00007fb84abe64b8:   00007fb8491baa08 00007fb834448070
0x00007fb84abe64c8:   710d61083ec1e700 00007fb8343df840
0x00007fb84abe64d8:   00007fb834184b48 00007fb8491b3ce0
0x00007fb84abe64e8:   0000000000000000 0000000000000001
0x00007fb84abe64f8:   00007fb8340347d0 0000000000000000
0x00007fb84abe6508:   00007fb8487b320a 0000000000000001
0x00007fb84abe6518:   0000000000000000 0000000000000001
0x00007fb84abe6528:   00007fb848dd2395 00007fb848ed0b68
0x00007fb84abe6538:   000000b848d1180b 00007fb834184b48
0x00007fb84abe6548:   0000000000000000 00007fb8340403f0
0x00007fb84abe6558:   0000000000000001 00007fb8340347d0
0x00007fb84abe6568:   00007fb848de001d 0000000000000000
0x00007fb84abe6578:   0000000000000000 0000000000000000
0x00007fb84abe6588:   00007fb834040300 00007fb8340349a0
0x00007fb84abe6598:   00007fb84a894dc8 00007fb84abe65d0
0x00007fb84abe65a8:   00007fb834034c10 00007fb800000001
0x00007fb84abe65b8:   0000000000000000 0000000004600003
0x00007fb84abe65c8:   00007fb84a869b31 00007fb834040300
0x00007fb84abe65d8:   710d61083ec1e700 0000000004600003
0x00007fb84abe65e8:   00007fb883b09f58 00007fb84abe6670
0x00007fb84abe65f8:   0000000000000000 00007fb883b09f50
0x00007fb84abe6608:   00007fb84abe6690 00007fb8a43d4800
0x00007fb84abe6618:   00007fb894dfa994 0000000000000009
0x00007fb84abe6628:   0000000000000000 00007fb84abe6630 

Instructions: (pc=0x00007fb8487afcf0)
0x00007fb8487afcd0:   41 bd 28 00 00 00 be 18 01 00 00 41 be 05 00 00
0x00007fb8487afce0:   00 eb a9 0f 1f 00 66 2e 0f 1f 84 00 00 00 00 00
0x00007fb8487afcf0:   48 83 bf 80 00 00 00 00 74 77 8b 87 90 00 00 00
0x00007fb8487afd00:   85 c0 7e 6d 41 55 41 54 45 31 ed 55 53 31 ed 48 

Register to memory mapping:

RAX=0x0000000000000000 is an unknown value
RBX=0x00007fb8343df840 is an unknown value
RCX=0x0000000000000000 is an unknown value
RDX=0x0000000000000000 is an unknown value
RSP=0x00007fb84abe6438 is pointing into the stack for thread: 0x00007fb8a43d4800
RBP=0x0000000000000000 is an unknown value
RSI=0x0000000000000000 is an unknown value
RDI=0x41a0000042ca0000 is an unknown value
R8 =0x00007fb83404a9b8 is an unknown value
R9 =0x0000000000000000 is an unknown value
R10=0x0000000000000000 is an unknown value
R11=0x0000000000000246 is an unknown value
R12=0x41a0000042ca0000 is an unknown value
R13=0x0000000000000000 is an unknown value
R14=0x0000000000000000 is an unknown value
R15=0x00007fb8341d32e0 is an unknown value


Stack: [0x00007fb84aae7000,0x00007fb84abe8000],  sp=0x00007fb84abe6438,  free space=1021k
Native frames: (J=compiled Java code, j=interpreted, Vv=VM code, C=native code)
C  [libdrm_intel.so.1+0x5cf0]

Java frames: (J=compiled Java code, j=interpreted, Vv=VM code)
j  org.lwjgl.opengl.LinuxContextImplementation.nSwapBuffers(Ljava/nio/ByteBuffer;)V+0
j  org.lwjgl.opengl.LinuxContextImplementation.swapBuffers()V+38
j  org.lwjgl.opengl.ContextGL.swapBuffers()V+3
j  org.lwjgl.opengl.DrawableGL.swapBuffers()V+0
j  org.lwjgl.opengl.Display.swapBuffers()V+39
j  org.lwjgl.opengl.Display.update(Z)V+44
j  com.badlogic.gdx.backends.lwjgl.LwjglApplication.mainLoop()V+690
j  com.badlogic.gdx.backends.lwjgl.LwjglApplication$1.run()V+27
v  ~StubRoutines::call_stub

---------------  P R O C E S S  ---------------

Java Threads: ( => current thread )
  0x00007fb83442c000 JavaThread "AsynchExecutor-Thread" daemon [_thread_blocked, id=5996, stack(0x00007fb84808c000,0x00007fb84818d000)]
  0x00007fb834019800 JavaThread "process reaper" daemon [_thread_blocked, id=5991, stack(0x00007fb880013000,0x00007fb88004c000)]
  0x00007fb8a400a800 JavaThread "DestroyJavaVM" [_thread_blocked, id=5954, stack(0x00007fb8aac6e000,0x00007fb8aad6f000)]
=>0x00007fb8a43d4800 JavaThread "LWJGL Application" [_thread_in_native, id=5989, stack(0x00007fb84aae7000,0x00007fb84abe8000)]
  0x00007fb8a432b000 JavaThread "AWT-XAWT" daemon [_thread_in_native, id=5985, stack(0x00007fb85230c000,0x00007fb85240d000)]
  0x00007fb8a430a000 JavaThread "Java2D Disposer" daemon [_thread_blocked, id=5984, stack(0x00007fb85281d000,0x00007fb85291e000)]
  0x00007fb8a41ad000 JavaThread "Monitor Ctrl-Break" daemon [_thread_in_native, id=5977, stack(0x00007fb880fa8000,0x00007fb8810a9000)]
  0x00007fb8a40c0000 JavaThread "Service Thread" daemon [_thread_blocked, id=5966, stack(0x00007fb8814ce000,0x00007fb8815cf000)]
  0x00007fb8a40bc800 JavaThread "C1 CompilerThread2" daemon [_thread_in_native, id=5965, stack(0x00007fb8815cf000,0x00007fb8816d0000)]
  0x00007fb8a40bb000 JavaThread "C2 CompilerThread1" daemon [_thread_blocked, id=5964, stack(0x00007fb8816d0000,0x00007fb8817d1000)]
  0x00007fb8a40b8000 JavaThread "C2 CompilerThread0" daemon [_thread_blocked, id=5963, stack(0x00007fb8817d1000,0x00007fb8818d2000)]
  0x00007fb8a40b6800 JavaThread "Signal Dispatcher" daemon [_thread_blocked, id=5962, stack(0x00007fb8818d2000,0x00007fb8819d3000)]
  0x00007fb8a4080000 JavaThread "Finalizer" daemon [_thread_blocked, id=5961, stack(0x00007fb8820b5000,0x00007fb8821b6000)]
  0x00007fb8a407e000 JavaThread "Reference Handler" daemon [_thread_blocked, id=5960, stack(0x00007fb8821b6000,0x00007fb8822b7000)]

Other Threads:
  0x00007fb8a4079000 VMThread [stack: 0x00007fb8822b7000,0x00007fb8823b8000] [id=5959]
  0x00007fb8a40c3000 WatcherThread [stack: 0x00007fb8813cd000,0x00007fb8814ce000] [id=5969]

VM state:not at safepoint (normal execution)

VM Mutex/Monitor currently owned by a thread: None

Heap:
 PSYoungGen      total 36864K, used 7491K [0x00000000d6c00000, 0x00000000db400000, 0x0000000100000000)
  eden space 31744K, 10% used [0x00000000d6c00000,0x00000000d6f3d208,0x00000000d8b00000)
  from space 5120K, 81% used [0x00000000d8b00000,0x00000000d8f13a98,0x00000000d9000000)
  to   space 5120K, 0% used [0x00000000daf00000,0x00000000daf00000,0x00000000db400000)
 ParOldGen       total 84992K, used 8K [0x0000000084400000, 0x0000000089700000, 0x00000000d6c00000)
  object space 84992K, 0% used [0x0000000084400000,0x0000000084402000,0x0000000089700000)
 Metaspace       used 11118K, capacity 11323K, committed 11520K, reserved 1058816K
  class space    used 1090K, capacity 1158K, committed 1280K, reserved 1048576K

Card table byte_map: [0x00007fb894646000,0x00007fb894a25000] byte_map_base: 0x00007fb894224000

Marking Bits: (ParMarkBitMap*) 0x00007fb8aa13e100
 Begin Bits: [0x00007fb8901ce000, 0x00007fb8920be000)
 End Bits:   [0x00007fb8920be000, 0x00007fb893fae000)

Polling page: 0x00007fb8aad8b000

CodeCache: size=245760Kb used=4430Kb max_used=4430Kb free=241329Kb
 bounds [0x00007fb894de5000, 0x00007fb895245000, 0x00007fb8a3de5000]
 total_blobs=1640 nmethods=1059 adapters=495
 compilation: enabled

Compilation events (10 events):
Event: 4.281 Thread 0x00007fb8a40bc800 nmethod 1055 0x00007fb895235790 code [0x00007fb895235980, 0x00007fb895236118]
Event: 4.281 Thread 0x00007fb8a40bc800 1056       3       org.lwjgl.opengl.GL11::glDepthMask (19 bytes)
Event: 4.281 Thread 0x00007fb8a40bc800 nmethod 1056 0x00007fb8952365d0 code [0x00007fb8952367c0, 0x00007fb895236ed8]
Event: 4.281 Thread 0x00007fb8a40bc800 1058       3       com.badlogic.gdx.backends.lwjgl.LwjglGL20::glUseProgram (5 bytes)
Event: 4.282 Thread 0x00007fb8a40bc800 nmethod 1058 0x00007fb895237290 code [0x00007fb895237480, 0x00007fb895237c18]
Event: 4.282 Thread 0x00007fb8a40bc800 1059       3       org.lwjgl.opengl.GL20::glUseProgram (19 bytes)
Event: 4.282 Thread 0x00007fb8a40bc800 nmethod 1059 0x00007fb8952380d0 code [0x00007fb8952382c0, 0x00007fb8952389d8]
Event: 4.307 Thread 0x00007fb8a40bc800 1061       3       java.security.CodeSource::<init> (40 bytes)
Event: 4.307 Thread 0x00007fb8a40bc800 nmethod 1061 0x00007fb8952311d0 code [0x00007fb895231360, 0x00007fb895231768]
Event: 4.307 Thread 0x00007fb8a40bc800 1063   !   3       sun.misc.Resource::getBytes (242 bytes)

GC Heap History (2 events):
Event: 1.363 GC heap before
{Heap before GC invocations=1 (full 0):
 PSYoungGen      total 36864K, used 31744K [0x00000000d6c00000, 0x00000000d9500000, 0x0000000100000000)
  eden space 31744K, 100% used [0x00000000d6c00000,0x00000000d8b00000,0x00000000d8b00000)
  from space 5120K, 0% used [0x00000000d9000000,0x00000000d9000000,0x00000000d9500000)
  to   space 5120K, 0% used [0x00000000d8b00000,0x00000000d8b00000,0x00000000d9000000)
 ParOldGen       total 84992K, used 0K [0x0000000084400000, 0x0000000089700000, 0x00000000d6c00000)
  object space 84992K, 0% used [0x0000000084400000,0x0000000084400000,0x0000000089700000)
 Metaspace       used 10336K, capacity 10491K, committed 10624K, reserved 1058816K
  class space    used 1018K, capacity 1094K, committed 1152K, reserved 1048576K
Event: 1.380 GC heap after
Heap after GC invocations=1 (full 0):
 PSYoungGen      total 36864K, used 4174K [0x00000000d6c00000, 0x00000000db400000, 0x0000000100000000)
  eden space 31744K, 0% used [0x00000000d6c00000,0x00000000d6c00000,0x00000000d8b00000)
  from space 5120K, 81% used [0x00000000d8b00000,0x00000000d8f13a98,0x00000000d9000000)
  to   space 5120K, 0% used [0x00000000daf00000,0x00000000daf00000,0x00000000db400000)
 ParOldGen       total 84992K, used 8K [0x0000000084400000, 0x0000000089700000, 0x00000000d6c00000)
  object space 84992K, 0% used [0x0000000084400000,0x0000000084402000,0x0000000089700000)
 Metaspace       used 10336K, capacity 10491K, committed 10624K, reserved 1058816K
  class space    used 1018K, capacity 1094K, committed 1152K, reserved 1048576K
}

Deoptimization events (10 events):
Event: 0.478 Thread 0x00007fb8a43d4800 Uncommon trap: reason=unstable_if action=reinterpret pc=0x00007fb894f651d0 method=java.lang.String.replace(CC)Ljava/lang/String; @ 26
Event: 1.002 Thread 0x00007fb8a43d4800 Uncommon trap: reason=unstable_if action=reinterpret pc=0x00007fb89507807c method=java.util.concurrent.FutureTask.isDone()Z @ 4
Event: 1.035 Thread 0x00007fb8a43d4800 Uncommon trap: reason=unstable_if action=reinterpret pc=0x00007fb895074cd8 method=sun.misc.FloatingDecimal$BinaryToASCIIBuffer.dtoa(IJIZ)V @ 714
Event: 1.178 Thread 0x00007fb8a43d4800 Uncommon trap: reason=unstable_if action=reinterpret pc=0x00007fb89509e640 method=sun.misc.FloatingDecimal$BinaryToASCIIBuffer.dtoa(IJIZ)V @ 111
Event: 1.187 Thread 0x00007fb8a43d4800 Uncommon trap: reason=unstable_if action=reinterpret pc=0x00007fb8950732d8 method=java.lang.Math.min(FF)F @ 37
Event: 1.187 Thread 0x00007fb8a43d4800 Uncommon trap: reason=unstable_if action=reinterpret pc=0x00007fb895092930 method=sun.misc.FloatingDecimal$BinaryToASCIIBuffer.getChars([C)I @ 94
Event: 1.194 Thread 0x00007fb8a43d4800 Uncommon trap: reason=unstable_if action=reinterpret pc=0x00007fb89507b634 method=java.io.BufferedOutputStream.write([BII)V @ 6
Event: 1.293 Thread 0x00007fb8a43d4800 Uncommon trap: reason=unstable_if action=reinterpret pc=0x00007fb895036574 method=java.nio.charset.CoderResult.isUnderflow()Z @ 4
Event: 1.295 Thread 0x00007fb8a43d4800 Uncommon trap: reason=unstable_if action=reinterpret pc=0x00007fb89506cb6c method=java.lang.AbstractStringBuilder.append([CII)Ljava/lang/AbstractStringBuilder; @ 1
Event: 1.326 Thread 0x00007fb8a43d4800 Uncommon trap: reason=unstable_if action=reinterpret pc=0x00007fb895072464 method=java.lang.Math.min(FF)F @ 37

Internal exceptions (10 events):
Event: 0.356 Thread 0x00007fb8a400a800 Exception <a 'java/security/PrivilegedActionException'> (0x00000000d725e538) thrown at [/HUDSON3/workspace/8-2-build-linux-amd64/jdk8u73/6086/hotspot/src/share/vm/prims/jvm.cpp, line 1386]
Event: 0.356 Thread 0x00007fb8a400a800 Exception <a 'java/security/PrivilegedActionException'> (0x00000000d725f190) thrown at [/HUDSON3/workspace/8-2-build-linux-amd64/jdk8u73/6086/hotspot/src/share/vm/prims/jvm.cpp, line 1386]
Event: 0.356 Thread 0x00007fb8a400a800 Exception <a 'java/security/PrivilegedActionException'> (0x00000000d725fdb8) thrown at [/HUDSON3/workspace/8-2-build-linux-amd64/jdk8u73/6086/hotspot/src/share/vm/prims/jvm.cpp, line 1386]
Event: 0.356 Thread 0x00007fb8a400a800 Exception <a 'java/security/PrivilegedActionException'> (0x00000000d7261cb0) thrown at [/HUDSON3/workspace/8-2-build-linux-amd64/jdk8u73/6086/hotspot/src/share/vm/prims/jvm.cpp, line 1386]
Event: 0.356 Thread 0x00007fb8a400a800 Exception <a 'java/security/PrivilegedActionException'> (0x00000000d7262908) thrown at [/HUDSON3/workspace/8-2-build-linux-amd64/jdk8u73/6086/hotspot/src/share/vm/prims/jvm.cpp, line 1386]
Event: 0.356 Thread 0x00007fb8a400a800 Exception <a 'java/security/PrivilegedActionException'> (0x00000000d7263530) thrown at [/HUDSON3/workspace/8-2-build-linux-amd64/jdk8u73/6086/hotspot/src/share/vm/prims/jvm.cpp, line 1386]
Event: 0.356 Thread 0x00007fb8a400a800 Exception <a 'java/security/PrivilegedActionException'> (0x00000000d7265270) thrown at [/HUDSON3/workspace/8-2-build-linux-amd64/jdk8u73/6086/hotspot/src/share/vm/prims/jvm.cpp, line 1386]
Event: 0.357 Thread 0x00007fb8a400a800 Exception <a 'java/security/PrivilegedActionException'> (0x00000000d7265ec8) thrown at [/HUDSON3/workspace/8-2-build-linux-amd64/jdk8u73/6086/hotspot/src/share/vm/prims/jvm.cpp, line 1386]
Event: 0.357 Thread 0x00007fb8a400a800 Exception <a 'java/security/PrivilegedActionException'> (0x00000000d7266af0) thrown at [/HUDSON3/workspace/8-2-build-linux-amd64/jdk8u73/6086/hotspot/src/share/vm/prims/jvm.cpp, line 1386]
Event: 0.508 Thread 0x00007fb8a43d4800 Exception <a 'java/lang/NoClassDefFoundError': org/lwjgl/opengles/GLContext> (0x00000000d764d3f0) thrown at [/HUDSON3/workspace/8-2-build-linux-amd64/jdk8u73/6086/hotspot/src/share/vm/classfile/systemDictionary.cpp, line 199]

Events (10 events):
Event: 4.306 loading class com/badlogic/gdx/math/Interpolation$SwingOut
Event: 4.306 loading class com/badlogic/gdx/math/Interpolation$SwingOut done
Event: 4.306 loading class com/badlogic/gdx/math/Interpolation$Bounce
Event: 4.306 loading class com/badlogic/gdx/math/Interpolation$Bounce done
Event: 4.306 loading class com/badlogic/gdx/math/Interpolation$BounceOut
Event: 4.306 loading class com/badlogic/gdx/math/Interpolation$BounceOut done
Event: 4.306 loading class com/badlogic/gdx/math/Interpolation$BounceIn
Event: 4.306 loading class com/badlogic/gdx/math/Interpolation$BounceIn done
Event: 4.307 loading class com/badlogic/gdx/scenes/scene2d/ui/Slider$1
Event: 4.307 loading class com/badlogic/gdx/scenes/scene2d/ui/Slider$1 done


Dynamic libraries:
00400000-00401000 r-xp 00000000 08:02 14812629                           /usr/local/java/jdk1.8.0_73/bin/java
00600000-00601000 rw-p 00000000 08:02 14812629                           /usr/local/java/jdk1.8.0_73/bin/java
008d2000-008f3000 rw-p 00000000 00:00 0                                  [heap]
84400000-89700000 rw-p 00000000 00:00 0 
89700000-d6c00000 ---p 00000000 00:00 0 
d6c00000-db400000 rw-p 00000000 00:00 0 
db400000-100000000 ---p 00000000 00:00 0 
100000000-100140000 rw-p 00000000 00:00 0 
100140000-140000000 ---p 00000000 00:00 0 
7fb828000000-7fb828021000 rw-p 00000000 00:00 0 
7fb828021000-7fb82c000000 ---p 00000000 00:00 0 
7fb82c000000-7fb82cb22000 rw-p 00000000 00:00 0 
7fb82cb22000-7fb830000000 ---p 00000000 00:00 0 
7fb830000000-7fb830021000 rw-p 00000000 00:00 0 
7fb830021000-7fb834000000 ---p 00000000 00:00 0 
7fb834000000-7fb834d5e000 rw-p 00000000 00:00 0 
7fb834d5e000-7fb838000000 ---p 00000000 00:00 0 
7fb838000000-7fb838021000 rw-p 00000000 00:00 0 
7fb838021000-7fb83c000000 ---p 00000000 00:00 0 
7fb83c0e7000-7fb83cce7000 rw-s 1033c3000 00:06 266                       /dev/dri/card0
7fb83cce7000-7fb83dce7000 rw-s 1023c3000 00:06 266                       /dev/dri/card0
7fb83e4e7000-7fb83e547000 rw-s 104023000 00:06 266                       /dev/dri/card0
7fb83e547000-7fb83e5a7000 rw-s 00000000 00:05 140135                     /drm mm object (deleted)
7fb83e5a7000-7fb83e5b7000 rw-s 00000000 00:05 139143                     /drm mm object (deleted)
7fb83e5b7000-7fb83e5ef000 rw-s 00000000 00:05 141117                     /drm mm object (deleted)
7fb83e5ef000-7fb83e627000 rw-s 00000000 00:05 138184                     /drm mm object (deleted)
7fb83e627000-7fb83e687000 rw-s 103fc3000 00:06 266                       /dev/dri/card0
7fb83e687000-7fb83e6e7000 rw-s 00000000 00:05 138182                     /drm mm object (deleted)
7fb83e6e7000-7fb83e717000 rw-s 00000000 00:05 140111                     /drm mm object (deleted)
7fb83e717000-7fb83e777000 rw-s 00000000 00:05 140110                     /drm mm object (deleted)
7fb83e777000-7fb83e977000 rw-p 00000000 00:00 0 
7fb83e977000-7fb83fbad000 rw-p 00000000 00:00 0 
7fb83fbad000-7fb83fbe4000 r-xp 00000000 08:02 14689553                   /usr/lib/x86_64-linux-gnu/libtxc_dxtn_s2tc.so.0.0.0
7fb83fbe4000-7fb83fde3000 ---p 00037000 08:02 14689553                   /usr/lib/x86_64-linux-gnu/libtxc_dxtn_s2tc.so.0.0.0
7fb83fde3000-7fb83fde4000 r--p 00036000 08:02 14689553                   /usr/lib/x86_64-linux-gnu/libtxc_dxtn_s2tc.so.0.0.0
7fb83fde4000-7fb83fde5000 rw-p 00037000 08:02 14689553                   /usr/lib/x86_64-linux-gnu/libtxc_dxtn_s2tc.so.0.0.0
7fb83fde5000-7fb83fdfe000 r-xp 00000000 08:02 16912897                   /lib/x86_64-linux-gnu/libz.so.1.2.8
7fb83fdfe000-7fb83fffd000 ---p 00019000 08:02 16912897                   /lib/x86_64-linux-gnu/libz.so.1.2.8
7fb83fffd000-7fb83fffe000 r--p 00018000 08:02 16912897                   /lib/x86_64-linux-gnu/libz.so.1.2.8
7fb83fffe000-7fb83ffff000 rw-p 00019000 08:02 16912897                   /lib/x86_64-linux-gnu/libz.so.1.2.8
7fb83ffff000-7fb844000000 rw-s 00000000 00:15 12                         /dev/shm/pulse-shm-3203110454
7fb844000000-7fb844021000 rw-p 00000000 00:00 0 
7fb844021000-7fb848000000 ---p 00000000 00:00 0 
7fb848000000-7fb848010000 rw-s 00000000 00:05 139140                     /drm mm object (deleted)
7fb848010000-7fb84802c000 rw-s 00000000 00:05 140112                     /drm mm object (deleted)
7fb84802c000-7fb84808c000 rw-s 00000000 00:05 140106                     /drm mm object (deleted)
7fb84808c000-7fb84808f000 ---p 00000000 00:00 0 
7fb84808f000-7fb84818d000 rw-p 00000000 00:00 0                          [stack:5996]
7fb84818d000-7fb848195000 r-xp 00000000 08:02 14689317                   /usr/lib/x86_64-linux-gnu/libpciaccess.so.0.11.1
7fb848195000-7fb848395000 ---p 00008000 08:02 14689317                   /usr/lib/x86_64-linux-gnu/libpciaccess.so.0.11.1
7fb848395000-7fb848396000 r--p 00008000 08:02 14689317                   /usr/lib/x86_64-linux-gnu/libpciaccess.so.0.11.1
7fb848396000-7fb848397000 rw-p 00009000 08:02 14689317                   /usr/lib/x86_64-linux-gnu/libpciaccess.so.0.11.1
7fb848397000-7fb8483a2000 r-xp 00000000 08:02 14688807                   /usr/lib/x86_64-linux-gnu/libdrm_radeon.so.1.0.1
7fb8483a2000-7fb8485a1000 ---p 0000b000 08:02 14688807                   /usr/lib/x86_64-linux-gnu/libdrm_radeon.so.1.0.1
7fb8485a1000-7fb8485a2000 r--p 0000a000 08:02 14688807                   /usr/lib/x86_64-linux-gnu/libdrm_radeon.so.1.0.1
7fb8485a2000-7fb8485a3000 rw-p 0000b000 08:02 14688807                   /usr/lib/x86_64-linux-gnu/libdrm_radeon.so.1.0.1
7fb8485a3000-7fb8485a9000 r-xp 00000000 08:02 14688805                   /usr/lib/x86_64-linux-gnu/libdrm_nouveau.so.2.0.0
7fb8485a9000-7fb8487a8000 ---p 00006000 08:02 14688805                   /usr/lib/x86_64-linux-gnu/libdrm_nouveau.so.2.0.0
7fb8487a8000-7fb8487a9000 r--p 00005000 08:02 14688805                   /usr/lib/x86_64-linux-gnu/libdrm_nouveau.so.2.0.0
7fb8487a9000-7fb8487aa000 rw-p 00006000 08:02 14688805                   /usr/lib/x86_64-linux-gnu/libdrm_nouveau.so.2.0.0
7fb8487aa000-7fb8487ca000 r-xp 00000000 08:02 14688803                   /usr/lib/x86_64-linux-gnu/libdrm_intel.so.1.0.0
7fb8487ca000-7fb8489c9000 ---p 00020000 08:02 14688803                   /usr/lib/x86_64-linux-gnu/libdrm_intel.so.1.0.0
7fb8489c9000-7fb8489ca000 r--p 0001f000 08:02 14688803                   /usr/lib/x86_64-linux-gnu/libdrm_intel.so.1.0.0
7fb8489ca000-7fb8489cb000 rw-p 00020000 08:02 14688803                   /usr/lib/x86_64-linux-gnu/libdrm_intel.so.1.0.0
7fb8489cb000-7fb848f7d000 r-xp 00000000 08:02 15074181                   /usr/lib/x86_64-linux-gnu/dri/i965_dri.so
7fb848f7d000-7fb84917c000 ---p 005b2000 08:02 15074181                   /usr/lib/x86_64-linux-gnu/dri/i965_dri.so
7fb84917c000-7fb8491a9000 r--p 005b1000 08:02 15074181                   /usr/lib/x86_64-linux-gnu/dri/i965_dri.so
7fb8491a9000-7fb8491af000 rw-p 005de000 08:02 15074181                   /usr/lib/x86_64-linux-gnu/dri/i965_dri.so
7fb8491af000-7fb8491b7000 rw-p 00000000 00:00 0 
7fb8491b7000-7fb8491c4000 r-xp 00000000 08:02 14688799                   /usr/lib/x86_64-linux-gnu/libdrm.so.2.4.0
7fb8491c4000-7fb8493c3000 ---p 0000d000 08:02 14688799                   /usr/lib/x86_64-linux-gnu/libdrm.so.2.4.0
7fb8493c3000-7fb8493c4000 r--p 0000c000 08:02 14688799                   /usr/lib/x86_64-linux-gnu/libdrm.so.2.4.0
7fb8493c4000-7fb8493c5000 rw-p 0000d000 08:02 14688799                   /usr/lib/x86_64-linux-gnu/libdrm.so.2.4.0
7fb8493c5000-7fb8493c6000 r-xp 00000000 08:02 14689732                   /usr/lib/x86_64-linux-gnu/libxshmfence.so.1.0.0
7fb8493c6000-7fb8495c6000 ---p 00001000 08:02 14689732                   /usr/lib/x86_64-linux-gnu/libxshmfence.so.1.0.0
7fb8495c6000-7fb8495c7000 r--p 00001000 08:02 14689732                   /usr/lib/x86_64-linux-gnu/libxshmfence.so.1.0.0
7fb8495c7000-7fb8495c8000 rw-p 00002000 08:02 14689732                   /usr/lib/x86_64-linux-gnu/libxshmfence.so.1.0.0
7fb8495c8000-7fb8495cd000 r-xp 00000000 08:02 14689714                   /usr/lib/x86_64-linux-gnu/libxcb-sync.so.1.0.0
7fb8495cd000-7fb8497cd000 ---p 00005000 08:02 14689714                   /usr/lib/x86_64-linux-gnu/libxcb-sync.so.1.0.0
7fb8497cd000-7fb8497ce000 r--p 00005000 08:02 14689714                   /usr/lib/x86_64-linux-gnu/libxcb-sync.so.1.0.0
7fb8497ce000-7fb8497cf000 rw-p 00006000 08:02 14689714                   /usr/lib/x86_64-linux-gnu/libxcb-sync.so.1.0.0
7fb8497cf000-7fb8497d1000 r-xp 00000000 08:02 14689702                   /usr/lib/x86_64-linux-gnu/libxcb-present.so.0.0.0
7fb8497d1000-7fb8499d0000 ---p 00002000 08:02 14689702                   /usr/lib/x86_64-linux-gnu/libxcb-present.so.0.0.0
7fb8499d0000-7fb8499d1000 r--p 00001000 08:02 14689702                   /usr/lib/x86_64-linux-gnu/libxcb-present.so.0.0.0
7fb8499d1000-7fb8499d2000 rw-p 00002000 08:02 14689702                   /usr/lib/x86_64-linux-gnu/libxcb-present.so.0.0.0
7fb8499d2000-7fb8499d4000 r-xp 00000000 08:02 14689692                   /usr/lib/x86_64-linux-gnu/libxcb-dri3.so.0.0.0
7fb8499d4000-7fb849bd3000 ---p 00002000 08:02 14689692                   /usr/lib/x86_64-linux-gnu/libxcb-dri3.so.0.0.0
7fb849bd3000-7fb849bd4000 r--p 00001000 08:02 14689692                   /usr/lib/x86_64-linux-gnu/libxcb-dri3.so.0.0.0
7fb849bd4000-7fb849bd5000 rw-p 00002000 08:02 14689692                   /usr/lib/x86_64-linux-gnu/libxcb-dri3.so.0.0.0
7fb849bd5000-7fb849bd9000 r-xp 00000000 08:02 14689690                   /usr/lib/x86_64-linux-gnu/libxcb-dri2.so.0.0.0
7fb849bd9000-7fb849dd8000 ---p 00004000 08:02 14689690                   /usr/lib/x86_64-linux-gnu/libxcb-dri2.so.0.0.0
7fb849dd8000-7fb849dd9000 r--p 00003000 08:02 14689690                   /usr/lib/x86_64-linux-gnu/libxcb-dri2.so.0.0.0
7fb849dd9000-7fb849dda000 rw-p 00004000 08:02 14689690                   /usr/lib/x86_64-linux-gnu/libxcb-dri2.so.0.0.0
7fb849dda000-7fb849df1000 r-xp 00000000 08:02 14689694                   /usr/lib/x86_64-linux-gnu/libxcb-glx.so.0.0.0
7fb849df1000-7fb849ff0000 ---p 00017000 08:02 14689694                   /usr/lib/x86_64-linux-gnu/libxcb-glx.so.0.0.0
7fb849ff0000-7fb849ff2000 r--p 00016000 08:02 14689694                   /usr/lib/x86_64-linux-gnu/libxcb-glx.so.0.0.0
7fb849ff2000-7fb849ff3000 rw-p 00018000 08:02 14689694                   /usr/lib/x86_64-linux-gnu/libxcb-glx.so.0.0.0
7fb849ff3000-7fb849ff4000 r-xp 00000000 08:02 14688522                   /usr/lib/x86_64-linux-gnu/libX11-xcb.so.1.0.0
7fb849ff4000-7fb84a1f3000 ---p 00001000 08:02 14688522                   /usr/lib/x86_64-linux-gnu/libX11-xcb.so.1.0.0
7fb84a1f3000-7fb84a1f4000 r--p 00000000 08:02 14688522                   /usr/lib/x86_64-linux-gnu/libX11-xcb.so.1.0.0
7fb84a1f4000-7fb84a1f5000 rw-p 00001000 08:02 14688522                   /usr/lib/x86_64-linux-gnu/libX11-xcb.so.1.0.0
7fb84a1f5000-7fb84a1f7000 r-xp 00000000 08:02 14688537                   /usr/lib/x86_64-linux-gnu/libXdamage.so.1.1.0
7fb84a1f7000-7fb84a3f6000 ---p 00002000 08:02 14688537                   /usr/lib/x86_64-linux-gnu/libXdamage.so.1.1.0
7fb84a3f6000-7fb84a3f7000 r--p 00001000 08:02 14688537                   /usr/lib/x86_64-linux-gnu/libXdamage.so.1.1.0
7fb84a3f7000-7fb84a3f8000 rw-p 00002000 08:02 14688537                   /usr/lib/x86_64-linux-gnu/libXdamage.so.1.1.0
7fb84a3f8000-7fb84a421000 r-xp 00000000 08:02 14688958                   /usr/lib/x86_64-linux-gnu/libglapi.so.0.0.0
7fb84a421000-7fb84a620000 ---p 00029000 08:02 14688958                   /usr/lib/x86_64-linux-gnu/libglapi.so.0.0.0
7fb84a620000-7fb84a624000 r--p 00028000 08:02 14688958                   /usr/lib/x86_64-linux-gnu/libglapi.so.0.0.0
7fb84a624000-7fb84a625000 rw-p 0002c000 08:02 14688958                   /usr/lib/x86_64-linux-gnu/libglapi.so.0.0.0
7fb84a625000-7fb84a626000 rw-p 00000000 00:00 0 
7fb84a626000-7fb84a64c000 r-xp 00000000 08:02 16912744                   /lib/x86_64-linux-gnu/libexpat.so.1.6.0
7fb84a64c000-7fb84a84c000 ---p 00026000 08:02 16912744                   /lib/x86_64-linux-gnu/libexpat.so.1.6.0
7fb84a84c000-7fb84a84e000 r--p 00026000 08:02 16912744                   /lib/x86_64-linux-gnu/libexpat.so.1.6.0
7fb84a84e000-7fb84a84f000 rw-p 00028000 08:02 16912744                   /lib/x86_64-linux-gnu/libexpat.so.1.6.0
7fb84a84f000-7fb84a8e3000 r-xp 00000000 08:02 15075562                   /usr/lib/x86_64-linux-gnu/mesa/libGL.so.1.2.0
7fb84a8e3000-7fb84aae2000 ---p 00094000 08:02 15075562                   /usr/lib/x86_64-linux-gnu/mesa/libGL.so.1.2.0
7fb84aae2000-7fb84aae5000 r--p 00093000 08:02 15075562                   /usr/lib/x86_64-linux-gnu/mesa/libGL.so.1.2.0
7fb84aae5000-7fb84aae6000 rw-p 00096000 08:02 15075562                   /usr/lib/x86_64-linux-gnu/mesa/libGL.so.1.2.0
7fb84aae6000-7fb84aae7000 rw-p 00000000 00:00 0 
7fb84aae7000-7fb84aaea000 ---p 00000000 00:00 0 
7fb84aaea000-7fb84abe8000 rw-p 00000000 00:00 0                          [stack:5989]
7fb84abe8000-7fb84abe9000 ---p 00000000 00:00 0 
7fb84abe9000-7fb84ace9000 rw-p 00000000 00:00 0                          [stack:5988]
7fb84ace9000-7fb84acea000 ---p 00000000 00:00 0 
7fb84acea000-7fb84b4ea000 rw-p 00000000 00:00 0                          [stack:5987]
7fb84b4ea000-7fb84b515000 r-xp 00000000 08:02 14689607                   /usr/lib/x86_64-linux-gnu/libvorbis.so.0.4.7
7fb84b515000-7fb84b714000 ---p 0002b000 08:02 14689607                   /usr/lib/x86_64-linux-gnu/libvorbis.so.0.4.7
7fb84b714000-7fb84b715000 r--p 0002a000 08:02 14689607                   /usr/lib/x86_64-linux-gnu/libvorbis.so.0.4.7
7fb84b715000-7fb84b716000 rw-p 0002b000 08:02 14689607                   /usr/lib/x86_64-linux-gnu/libvorbis.so.0.4.7
7fb84b716000-7fb84b71d000 r-xp 00000000 08:02 14689287                   /usr/lib/x86_64-linux-gnu/libogg.so.0.8.2
7fb84b71d000-7fb84b91d000 ---p 00007000 08:02 14689287                   /usr/lib/x86_64-linux-gnu/libogg.so.0.8.2
7fb84b91d000-7fb84b91e000 r--p 00007000 08:02 14689287                   /usr/lib/x86_64-linux-gnu/libogg.so.0.8.2
7fb84b91e000-7fb84b91f000 rw-p 00008000 08:02 14689287                   /usr/lib/x86_64-linux-gnu/libogg.so.0.8.2
7fb84b91f000-7fb84b931000 r-xp 00000000 08:02 16912757                   /lib/x86_64-linux-gnu/libgpg-error.so.0.15.0
7fb84b931000-7fb84bb30000 ---p 00012000 08:02 16912757                   /lib/x86_64-linux-gnu/libgpg-error.so.0.15.0
7fb84bb30000-7fb84bb31000 r--p 00011000 08:02 16912757                   /lib/x86_64-linux-gnu/libgpg-error.so.0.15.0
7fb84bb31000-7fb84bb32000 rw-p 00012000 08:02 16912757                   /lib/x86_64-linux-gnu/libgpg-error.so.0.15.0
7fb84bb32000-7fb84bb49000 r-xp 00000000 08:02 16912685                   /lib/x86_64-linux-gnu/libresolv-2.21.so
7fb84bb49000-7fb84bd49000 ---p 00017000 08:02 16912685                   /lib/x86_64-linux-gnu/libresolv-2.21.so
7fb84bd49000-7fb84bd4a000 r--p 00017000 08:02 16912685                   /lib/x86_64-linux-gnu/libresolv-2.21.so
7fb84bd4a000-7fb84bd4b000 rw-p 00018000 08:02 16912685                   /lib/x86_64-linux-gnu/libresolv-2.21.so
7fb84bd4b000-7fb84bd4d000 rw-p 00000000 00:00 0 
7fb84bd4d000-7fb84bdde000 r-xp 00000000 08:02 14689609                   /usr/lib/x86_64-linux-gnu/libvorbisenc.so.2.0.10
7fb84bdde000-7fb84bfdd000 ---p 00091000 08:02 14689609                   /usr/lib/x86_64-linux-gnu/libvorbisenc.so.2.0.10
7fb84bfdd000-7fb84bfff000 r--p 00090000 08:02 14689609                   /usr/lib/x86_64-linux-gnu/libvorbisenc.so.2.0.10
7fb84bfff000-7fb84c000000 rw-p 000b2000 08:02 14689609                   /usr/lib/x86_64-linux-gnu/libvorbisenc.so.2.0.10
7fb84c000000-7fb84c021000 rw-p 00000000 00:00 0 
7fb84c021000-7fb850000000 ---p 00000000 00:00 0 
7fb850008000-7fb850014000 rw-s 00000000 00:05 140113                     /drm mm object (deleted)
7fb850014000-7fb850028000 rw-s 00000000 00:05 140109                     /drm mm object (deleted)
7fb850028000-7fb850034000 rw-s 00000000 00:05 140108                     /drm mm object (deleted)
7fb850034000-7fb850064000 rw-s 00000000 00:05 140105                     /drm mm object (deleted)
7fb850064000-7fb850081000 r-xp 00000000 08:02 16912882                   /lib/x86_64-linux-gnu/libudev.so.1.6.4
7fb850081000-7fb850082000 r--p 0001c000 08:02 16912882                   /lib/x86_64-linux-gnu/libudev.so.1.6.4
7fb850082000-7fb850083000 rw-p 0001d000 08:02 16912882                   /lib/x86_64-linux-gnu/libudev.so.1.6.4
7fb850088000-7fb85009c000 rw-s 00000000 00:05 140107                     /drm mm object (deleted)
7fb85009c000-7fb85010f000 r-xp 00000000 08:02 14688391                   /usr/lib/x86_64-linux-gnu/libFLAC.so.8.3.0
7fb85010f000-7fb85030f000 ---p 00073000 08:02 14688391                   /usr/lib/x86_64-linux-gnu/libFLAC.so.8.3.0
7fb85030f000-7fb850310000 r--p 00073000 08:02 14688391                   /usr/lib/x86_64-linux-gnu/libFLAC.so.8.3.0
7fb850310000-7fb850311000 rw-p 00074000 08:02 14688391                   /usr/lib/x86_64-linux-gnu/libFLAC.so.8.3.0
7fb850311000-7fb8503e9000 r-xp 00000000 08:02 16912691                   /lib/x86_64-linux-gnu/libgcrypt.so.20.0.3
7fb8503e9000-7fb8505e9000 ---p 000d8000 08:02 16912691                   /lib/x86_64-linux-gnu/libgcrypt.so.20.0.3
7fb8505e9000-7fb8505ea000 r--p 000d8000 08:02 16912691                   /lib/x86_64-linux-gnu/libgcrypt.so.20.0.3
7fb8505ea000-7fb8505f2000 rw-p 000d9000 08:02 16912691                   /lib/x86_64-linux-gnu/libgcrypt.so.20.0.3
7fb8505f2000-7fb8505f3000 rw-p 00000000 00:00 0 
7fb8505f3000-7fb850614000 r-xp 00000000 08:02 16912777                   /lib/x86_64-linux-gnu/liblzma.so.5.0.0
7fb850614000-7fb850813000 ---p 00021000 08:02 16912777                   /lib/x86_64-linux-gnu/liblzma.so.5.0.0
7fb850813000-7fb850814000 r--p 00020000 08:02 16912777                   /lib/x86_64-linux-gnu/liblzma.so.5.0.0
7fb850814000-7fb850815000 rw-p 00021000 08:02 16912777                   /lib/x86_64-linux-gnu/liblzma.so.5.0.0
7fb850815000-7fb85081a000 r-xp 00000000 08:02 14688616                   /usr/lib/x86_64-linux-gnu/libasyncns.so.0.3.1
7fb85081a000-7fb850a19000 ---p 00005000 08:02 14688616                   /usr/lib/x86_64-linux-gnu/libasyncns.so.0.3.1
7fb850a19000-7fb850a1a000 r--p 00004000 08:02 14688616                   /usr/lib/x86_64-linux-gnu/libasyncns.so.0.3.1
7fb850a1a000-7fb850a1b000 rw-p 00005000 08:02 14688616                   /usr/lib/x86_64-linux-gnu/libasyncns.so.0.3.1
7fb850a1b000-7fb850a7d000 r-xp 00000000 08:02 14684534                   /usr/lib/x86_64-linux-gnu/libsndfile.so.1.0.25
7fb850a7d000-7fb850c7d000 ---p 00062000 08:02 14684534                   /usr/lib/x86_64-linux-gnu/libsndfile.so.1.0.25
7fb850c7d000-7fb850c7f000 r--p 00062000 08:02 14684534                   /usr/lib/x86_64-linux-gnu/libsndfile.so.1.0.25
7fb850c7f000-7fb850c80000 rw-p 00064000 08:02 14684534                   /usr/lib/x86_64-linux-gnu/libsndfile.so.1.0.25
7fb850c80000-7fb850c84000 rw-p 00000000 00:00 0 
7fb850c84000-7fb850c8c000 r-xp 00000000 08:02 16912894                   /lib/x86_64-linux-gnu/libwrap.so.0.7.6
7fb850c8c000-7fb850e8b000 ---p 00008000 08:02 16912894                   /lib/x86_64-linux-gnu/libwrap.so.0.7.6
7fb850e8b000-7fb850e8c000 r--p 00007000 08:02 16912894                   /lib/x86_64-linux-gnu/libwrap.so.0.7.6
7fb850e8c000-7fb850e8d000 rw-p 00008000 08:02 16912894                   /lib/x86_64-linux-gnu/libwrap.so.0.7.6
7fb850e8d000-7fb850e8e000 rw-p 00000000 00:00 0 
7fb850e8e000-7fb850f0b000 r-xp 00000000 08:02 16912876                   /lib/x86_64-linux-gnu/libsystemd.so.0.10.2
7fb850f0b000-7fb850f0e000 r--p 0007c000 08:02 16912876                   /lib/x86_64-linux-gnu/libsystemd.so.0.10.2
7fb850f0e000-7fb850f0f000 rw-p 0007f000 08:02 16912876                   /lib/x86_64-linux-gnu/libsystemd.so.0.10.2
7fb850f0f000-7fb850f59000 r-xp 00000000 08:02 16912734                   /lib/x86_64-linux-gnu/libdbus-1.so.3.14.3
7fb850f59000-7fb851159000 ---p 0004a000 08:02 16912734                   /lib/x86_64-linux-gnu/libdbus-1.so.3.14.3
7fb851159000-7fb85115a000 r--p 0004a000 08:02 16912734                   /lib/x86_64-linux-gnu/libdbus-1.so.3.14.3
7fb85115a000-7fb85115b000 rw-p 0004b000 08:02 16912734                   /lib/x86_64-linux-gnu/libdbus-1.so.3.14.3
7fb85115b000-7fb8511d2000 r-xp 00000000 08:02 15076544                   /usr/lib/x86_64-linux-gnu/pulseaudio/libpulsecommon-6.0.so
7fb8511d2000-7fb8513d2000 ---p 00077000 08:02 15076544                   /usr/lib/x86_64-linux-gnu/pulseaudio/libpulsecommon-6.0.so
7fb8513d2000-7fb8513d3000 r--p 00077000 08:02 15076544                   /usr/lib/x86_64-linux-gnu/pulseaudio/libpulsecommon-6.0.so
7fb8513d3000-7fb8513d4000 rw-p 00078000 08:02 15076544                   /usr/lib/x86_64-linux-gnu/pulseaudio/libpulsecommon-6.0.so
7fb8513d4000-7fb8513de000 r-xp 00000000 08:02 16912770                   /lib/x86_64-linux-gnu/libjson-c.so.2.0.0
7fb8513de000-7fb8515dd000 ---p 0000a000 08:02 16912770                   /lib/x86_64-linux-gnu/libjson-c.so.2.0.0
7fb8515dd000-7fb8515de000 r--p 00009000 08:02 16912770                   /lib/x86_64-linux-gnu/libjson-c.so.2.0.0
7fb8515de000-7fb8515df000 rw-p 0000a000 08:02 16912770                   /lib/x86_64-linux-gnu/libjson-c.so.2.0.0
7fb8515df000-7fb85162d000 r-xp 00000000 08:02 14689366                   /usr/lib/x86_64-linux-gnu/libpulse.so.0.18.0
7fb85162d000-7fb85182c000 ---p 0004e000 08:02 14689366                   /usr/lib/x86_64-linux-gnu/libpulse.so.0.18.0
7fb85182c000-7fb85182d000 r--p 0004d000 08:02 14689366                   /usr/lib/x86_64-linux-gnu/libpulse.so.0.18.0
7fb85182d000-7fb85182e000 rw-p 0004e000 08:02 14689366                   /usr/lib/x86_64-linux-gnu/libpulse.so.0.18.0
7fb85182e000-7fb851883000 r-xp 00000000 08:02 4456495                    /tmp/libgdxwillis/31ce78a2/libopenal64.so
7fb851883000-7fb851a82000 ---p 00055000 08:02 4456495                    /tmp/libgdxwillis/31ce78a2/libopenal64.so
7fb851a82000-7fb851a85000 r--p 00054000 08:02 4456495                    /tmp/libgdxwillis/31ce78a2/libopenal64.so
7fb851a85000-7fb851a86000 rw-p 00057000 08:02 4456495                    /tmp/libgdxwillis/31ce78a2/libopenal64.so
7fb851a86000-7fb851a87000 rw-p 00000000 00:00 0 
7fb851a87000-7fb851a8c000 r-xp 00000000 08:02 14688577                   /usr/lib/x86_64-linux-gnu/libXxf86vm.so.1.0.0
7fb851a8c000-7fb851c8b000 ---p 00005000 08:02 14688577                   /usr/lib/x86_64-linux-gnu/libXxf86vm.so.1.0.0
7fb851c8b000-7fb851c8c000 r--p 00004000 08:02 14688577                   /usr/lib/x86_64-linux-gnu/libXxf86vm.so.1.0.0
7fb851c8c000-7fb851c8d000 rw-p 00005000 08:02 14688577                   /usr/lib/x86_64-linux-gnu/libXxf86vm.so.1.0.0
7fb851c8d000-7fb851c97000 r-xp 00000000 08:02 14688559                   /usr/lib/x86_64-linux-gnu/libXrandr.so.2.2.0
7fb851c97000-7fb851e96000 ---p 0000a000 08:02 14688559                   /usr/lib/x86_64-linux-gnu/libXrandr.so.2.2.0
7fb851e96000-7fb851e97000 r--p 00009000 08:02 14688559                   /usr/lib/x86_64-linux-gnu/libXrandr.so.2.2.0
7fb851e97000-7fb851e98000 rw-p 0000a000 08:02 14688559                   /usr/lib/x86_64-linux-gnu/libXrandr.so.2.2.0
7fb851e98000-7fb851f08000 r-xp 00000000 08:02 4456494                    /tmp/libgdxwillis/31ce78a2/liblwjgl64.so
7fb851f08000-7fb852108000 ---p 00070000 08:02 4456494                    /tmp/libgdxwillis/31ce78a2/liblwjgl64.so
7fb852108000-7fb85210a000 r--p 00070000 08:02 4456494                    /tmp/libgdxwillis/31ce78a2/liblwjgl64.so
7fb85210a000-7fb85210b000 rw-p 00072000 08:02 4456494                    /tmp/libgdxwillis/31ce78a2/liblwjgl64.so
7fb85210b000-7fb85210c000 r-xp 00000000 08:02 14948393                   /usr/local/java/jdk1.8.0_73/jre/lib/amd64/libjawt.so
7fb85210c000-7fb85230b000 ---p 00001000 08:02 14948393                   /usr/local/java/jdk1.8.0_73/jre/lib/amd64/libjawt.so
7fb85230b000-7fb85230c000 rw-p 00000000 08:02 14948393                   /usr/local/java/jdk1.8.0_73/jre/lib/amd64/libjawt.so
7fb85230c000-7fb85230f000 ---p 00000000 00:00 0 
7fb85230f000-7fb85240d000 rw-p 00000000 00:00 0                          [stack:5985]
7fb85240d000-7fb852412000 r-xp 00000000 08:02 14688543                   /usr/lib/x86_64-linux-gnu/libXfixes.so.3.1.0
7fb852412000-7fb852611000 ---p 00005000 08:02 14688543                   /usr/lib/x86_64-linux-gnu/libXfixes.so.3.1.0
7fb852611000-7fb852612000 r--p 00004000 08:02 14688543                   /usr/lib/x86_64-linux-gnu/libXfixes.so.3.1.0
7fb852612000-7fb852613000 rw-p 00005000 08:02 14688543                   /usr/lib/x86_64-linux-gnu/libXfixes.so.3.1.0
7fb852613000-7fb85261c000 r-xp 00000000 08:02 14688535                   /usr/lib/x86_64-linux-gnu/libXcursor.so.1.0.2
7fb85261c000-7fb85281b000 ---p 00009000 08:02 14688535                   /usr/lib/x86_64-linux-gnu/libXcursor.so.1.0.2
7fb85281b000-7fb85281c000 r--p 00008000 08:02 14688535                   /usr/lib/x86_64-linux-gnu/libXcursor.so.1.0.2
7fb85281c000-7fb85281d000 rw-p 00009000 08:02 14688535                   /usr/lib/x86_64-linux-gnu/libXcursor.so.1.0.2
7fb85281d000-7fb852820000 ---p 00000000 00:00 0 
7fb852820000-7fb85291e000 rw-p 00000000 00:00 0                          [stack:5984]
7fb85291e000-7fb852983000 r-xp 00000000 08:02 14948365                   /usr/local/java/jdk1.8.0_73/jre/lib/amd64/libfontmanager.so
7fb852983000-7fb852b82000 ---p 00065000 08:02 14948365                   /usr/local/java/jdk1.8.0_73/jre/lib/amd64/libfontmanager.so
7fb852b82000-7fb852b87000 rw-p 00064000 08:02 14948365                   /usr/local/java/jdk1.8.0_73/jre/lib/amd64/libfontmanager.so
7fb852b87000-7fb852b97000 rw-p 00000000 00:00 0 
7fb852b97000-7fb852b9c000 r-xp 00000000 08:02 14688539                   /usr/lib/x86_64-linux-gnu/libXdmcp.so.6.0.0
7fb852b9c000-7fb852d9b000 ---p 00005000 08:02 14688539                   /usr/lib/x86_64-linux-gnu/libXdmcp.so.6.0.0
7fb852d9b000-7fb852d9c000 r--p 00004000 08:02 14688539                   /usr/lib/x86_64-linux-gnu/libXdmcp.so.6.0.0
7fb852d9c000-7fb852d9d000 rw-p 00005000 08:02 14688539                   /usr/lib/x86_64-linux-gnu/libXdmcp.so.6.0.0
7fb852d9d000-7fb852d9f000 r-xp 00000000 08:02 14688528                   /usr/lib/x86_64-linux-gnu/libXau.so.6.0.0
7fb852d9f000-7fb852f9f000 ---p 00002000 08:02 14688528                   /usr/lib/x86_64-linux-gnu/libXau.so.6.0.0
7fb852f9f000-7fb852fa0000 r--p 00002000 08:02 14688528                   /usr/lib/x86_64-linux-gnu/libXau.so.6.0.0
7fb852fa0000-7fb852fa1000 rw-p 00003000 08:02 14688528                   /usr/lib/x86_64-linux-gnu/libXau.so.6.0.0
7fb852fa1000-7fb852fc1000 r-xp 00000000 08:02 14689722                   /usr/lib/x86_64-linux-gnu/libxcb.so.1.1.0
7fb852fc1000-7fb8531c0000 ---p 00020000 08:02 14689722                   /usr/lib/x86_64-linux-gnu/libxcb.so.1.1.0
7fb8531c0000-7fb8531c1000 r--p 0001f000 08:02 14689722                   /usr/lib/x86_64-linux-gnu/libxcb.so.1.1.0
7fb8531c1000-7fb8531c2000 rw-p 00020000 08:02 14689722                   /usr/lib/x86_64-linux-gnu/libxcb.so.1.1.0
7fb8531c2000-7fb8531d1000 r-xp 00000000 08:02 14688549                   /usr/lib/x86_64-linux-gnu/libXi.so.6.1.0
7fb8531d1000-7fb8533d0000 ---p 0000f000 08:02 14688549                   /usr/lib/x86_64-linux-gnu/libXi.so.6.1.0
7fb8533d0000-7fb8533d1000 r--p 0000e000 08:02 14688549                   /usr/lib/x86_64-linux-gnu/libXi.so.6.1.0
7fb8533d1000-7fb8533d2000 rw-p 0000f000 08:02 14688549                   /usr/lib/x86_64-linux-gnu/libXi.so.6.1.0
7fb8533d2000-7fb8533d7000 r-xp 00000000 08:02 14688567                   /usr/lib/x86_64-linux-gnu/libXtst.so.6.1.0
7fb8533d7000-7fb8535d6000 ---p 00005000 08:02 14688567                   /usr/lib/x86_64-linux-gnu/libXtst.so.6.1.0
7fb8535d6000-7fb8535d7000 r--p 00004000 08:02 14688567                   /usr/lib/x86_64-linux-gnu/libXtst.so.6.1.0
7fb8535d7000-7fb8535d8000 rw-p 00005000 08:02 14688567                   /usr/lib/x86_64-linux-gnu/libXtst.so.6.1.0
7fb8535d8000-7fb8535e1000 r-xp 00000000 08:02 14688561                   /usr/lib/x86_64-linux-gnu/libXrender.so.1.3.0
7fb8535e1000-7fb8537e0000 ---p 00009000 08:02 14688561                   /usr/lib/x86_64-linux-gnu/libXrender.so.1.3.0
7fb8537e0000-7fb8537e1000 r--p 00008000 08:02 14688561                   /usr/lib/x86_64-linux-gnu/libXrender.so.1.3.0
7fb8537e1000-7fb8537e2000 rw-p 00009000 08:02 14688561                   /usr/lib/x86_64-linux-gnu/libXrender.so.1.3.0
7fb8537e2000-7fb853917000 r-xp 00000000 08:02 14688524                   /usr/lib/x86_64-linux-gnu/libX11.so.6.3.0
7fb853917000-7fb853b17000 ---p 00135000 08:02 14688524                   /usr/lib/x86_64-linux-gnu/libX11.so.6.3.0
7fb853b17000-7fb853b18000 r--p 00135000 08:02 14688524                   /usr/lib/x86_64-linux-gnu/libX11.so.6.3.0
7fb853b18000-7fb853b1c000 rw-p 00136000 08:02 14688524                   /usr/lib/x86_64-linux-gnu/libX11.so.6.3.0
7fb853b1c000-7fb853b2d000 r-xp 00000000 08:02 14688541                   /usr/lib/x86_64-linux-gnu/libXext.so.6.4.0
7fb853b2d000-7fb853d2c000 ---p 00011000 08:02 14688541                   /usr/lib/x86_64-linux-gnu/libXext.so.6.4.0
7fb853d2c000-7fb853d2d000 r--p 00010000 08:02 14688541                   /usr/lib/x86_64-linux-gnu/libXext.so.6.4.0
7fb853d2d000-7fb853d2e000 rw-p 00011000 08:02 14688541                   /usr/lib/x86_64-linux-gnu/libXext.so.6.4.0
7fb853d2e000-7fb853dd0000 r-xp 00000000 08:02 14948405                   /usr/local/java/jdk1.8.0_73/jre/lib/amd64/libawt.so
7fb853dd0000-7fb853fd0000 ---p 000a2000 08:02 14948405                   /usr/local/java/jdk1.8.0_73/jre/lib/amd64/libawt.so
7fb853fd0000-7fb853fdc000 rw-p 000a2000 08:02 14948405                   /usr/local/java/jdk1.8.0_73/jre/lib/amd64/libawt.so
7fb853fdc000-7fb854000000 rw-p 00000000 00:00 0 
7fb854000000-7fb854021000 rw-p 00000000 00:00 0 
7fb854021000-7fb858000000 ---p 00000000 00:00 0 
7fb858000000-7fb858021000 rw-p 00000000 00:00 0 
7fb858021000-7fb85c000000 ---p 00000000 00:00 0 
7fb85c000000-7fb85c2d8000 rw-p 00000000 00:00 0 
7fb85c2d8000-7fb860000000 ---p 00000000 00:00 0 
7fb860000000-7fb860021000 rw-p 00000000 00:00 0 
7fb860021000-7fb864000000 ---p 00000000 00:00 0 
7fb864000000-7fb864383000 rw-p 00000000 00:00 0 
7fb864383000-7fb868000000 ---p 00000000 00:00 0 
7fb868000000-7fb868477000 rw-p 00000000 00:00 0 
7fb868477000-7fb86c000000 ---p 00000000 00:00 0 
7fb86c000000-7fb86c021000 rw-p 00000000 00:00 0 
7fb86c021000-7fb870000000 ---p 00000000 00:00 0 
7fb870000000-7fb870021000 rw-p 00000000 00:00 0 
7fb870021000-7fb874000000 ---p 00000000 00:00 0 
7fb874000000-7fb874021000 rw-p 00000000 00:00 0 
7fb874021000-7fb878000000 ---p 00000000 00:00 0 
7fb878000000-7fb878021000 rw-p 00000000 00:00 0 
7fb878021000-7fb87c000000 ---p 00000000 00:00 0 
7fb87c000000-7fb87c021000 rw-p 00000000 00:00 0 
7fb87c021000-7fb880000000 ---p 00000000 00:00 0 
7fb88000b000-7fb880013000 rw-s 00000000 00:05 141109                     /drm mm object (deleted)
7fb880013000-7fb880016000 ---p 00000000 00:00 0 
7fb880016000-7fb88004c000 rw-p 00000000 00:00 0                          [stack:5991]
7fb88004c000-7fb8800a0000 r-xp 00000000 08:02 14948373                   /usr/local/java/jdk1.8.0_73/jre/lib/amd64/libawt_xawt.so
7fb8800a0000-7fb8802a0000 ---p 00054000 08:02 14948373                   /usr/local/java/jdk1.8.0_73/jre/lib/amd64/libawt_xawt.so
7fb8802a0000-7fb8802a4000 rw-p 00054000 08:02 14948373                   /usr/local/java/jdk1.8.0_73/jre/lib/amd64/libawt_xawt.so
7fb8802a4000-7fb8802a5000 rw-p 00000000 00:00 0 
7fb8802a5000-7fb8802bb000 r-xp 00000000 08:02 16912751                   /lib/x86_64-linux-gnu/libgcc_s.so.1
7fb8802bb000-7fb8804ba000 ---p 00016000 08:02 16912751                   /lib/x86_64-linux-gnu/libgcc_s.so.1
7fb8804ba000-7fb8804bb000 r--p 00015000 08:02 16912751                   /lib/x86_64-linux-gnu/libgcc_s.so.1
7fb8804bb000-7fb8804bc000 rw-p 00016000 08:02 16912751                   /lib/x86_64-linux-gnu/libgcc_s.so.1
7fb8804bc000-7fb88062f000 r-xp 00000000 08:02 14689504                   /usr/lib/x86_64-linux-gnu/libstdc++.so.6.0.21
7fb88062f000-7fb88082e000 ---p 00173000 08:02 14689504                   /usr/lib/x86_64-linux-gnu/libstdc++.so.6.0.21
7fb88082e000-7fb880838000 r--p 00172000 08:02 14689504                   /usr/lib/x86_64-linux-gnu/libstdc++.so.6.0.21
7fb880838000-7fb88083a000 rw-p 0017c000 08:02 14689504                   /usr/lib/x86_64-linux-gnu/libstdc++.so.6.0.21
7fb88083a000-7fb88083f000 rw-p 00000000 00:00 0 
7fb88083f000-7fb880840000 rwxp 00000000 00:00 0 
7fb880840000-7fb880848000 rw-s 00000000 00:05 141108                     /drm mm object (deleted)
7fb880848000-7fb880850000 rw-s 00000000 00:05 141104                     /drm mm object (deleted)
7fb880850000-7fb880857000 r--s 00000000 08:02 15075737                   /usr/lib/x86_64-linux-gnu/gconv/gconv-modules.cache
7fb880857000-7fb88088f000 r-xp 00000000 08:02 4456492                    /tmp/libgdxwillis/6ef2d459/libgdx64.so
7fb88088f000-7fb880a8e000 ---p 00038000 08:02 4456492                    /tmp/libgdxwillis/6ef2d459/libgdx64.so
7fb880a8e000-7fb880a8f000 r--p 00037000 08:02 4456492                    /tmp/libgdxwillis/6ef2d459/libgdx64.so
7fb880a8f000-7fb880a90000 rw-p 00038000 08:02 4456492                    /tmp/libgdxwillis/6ef2d459/libgdx64.so
7fb880a90000-7fb880d91000 rw-p 00000000 00:00 0 
7fb880d91000-7fb880da7000 r-xp 00000000 08:02 14948348                   /usr/local/java/jdk1.8.0_73/jre/lib/amd64/libnet.so
7fb880da7000-7fb880fa7000 ---p 00016000 08:02 14948348                   /usr/local/java/jdk1.8.0_73/jre/lib/amd64/libnet.so
7fb880fa7000-7fb880fa8000 rw-p 00016000 08:02 14948348                   /usr/local/java/jdk1.8.0_73/jre/lib/amd64/libnet.so
7fb880fa8000-7fb880fab000 ---p 00000000 00:00 0 
7fb880fab000-7fb8810a9000 rw-p 00000000 00:00 0                          [stack:5977]
7fb8810a9000-7fb8810aa000 r-xp 00000000 08:02 12584215                   /home/willis/MyApps/idea-IC-143.2287.1/bin/libbreakgen64.so
7fb8810aa000-7fb8812a9000 ---p 00001000 08:02 12584215                   /home/willis/MyApps/idea-IC-143.2287.1/bin/libbreakgen64.so
7fb8812a9000-7fb8812aa000 r--p 00000000 08:02 12584215                   /home/willis/MyApps/idea-IC-143.2287.1/bin/libbreakgen64.so
7fb8812aa000-7fb8812ab000 rw-p 00001000 08:02 12584215                   /home/willis/MyApps/idea-IC-143.2287.1/bin/libbreakgen64.so
7fb8812ab000-7fb8812ff000 r--s 0085a000 08:11 1006                       /media/willis/BE2C-AFCE/Workspace/SimpleNinja/libs/runnable-texturepacker.jar
7fb8812ff000-7fb881353000 r--s 0085a000 08:11 1005                       /media/willis/BE2C-AFCE/Workspace/SimpleNinja/libs/runnable-2D-particles.jar
7fb881353000-7fb881364000 r--s 00133000 08:11 1003                       /media/willis/BE2C-AFCE/Workspace/SimpleNinja/libs/gdx-backend-lwjgl.jar
7fb881364000-7fb881373000 r--s 00118000 08:11 1002                       /media/willis/BE2C-AFCE/Workspace/SimpleNinja/libs/gdx-sources.jar
7fb881373000-7fb88138d000 r--s 0019e000 08:11 999                        /media/willis/BE2C-AFCE/Workspace/SimpleNinja/libs/gdx.jar
7fb88138d000-7fb88139f000 r--s 00345000 08:02 14812714                   /usr/local/java/jdk1.8.0_73/jre/lib/resources.jar
7fb88139f000-7fb8813b2000 r--s 000d6000 08:02 14812713                   /usr/local/java/jdk1.8.0_73/jre/lib/plugin.jar
7fb8813b2000-7fb8813cd000 r--s 00207000 08:02 14812709                   /usr/local/java/jdk1.8.0_73/jre/lib/deploy.jar
7fb8813cd000-7fb8813ce000 ---p 00000000 00:00 0 
7fb8813ce000-7fb8814ce000 rw-p 00000000 00:00 0                          [stack:5969]
7fb8814ce000-7fb8814d1000 ---p 00000000 00:00 0 
7fb8814d1000-7fb8815cf000 rw-p 00000000 00:00 0                          [stack:5966]
7fb8815cf000-7fb8815d2000 ---p 00000000 00:00 0 
7fb8815d2000-7fb8816d0000 rw-p 00000000 00:00 0                          [stack:5965]
7fb8816d0000-7fb8816d3000 ---p 00000000 00:00 0 
7fb8816d3000-7fb8817d1000 rw-p 00000000 00:00 0                          [stack:5964]
7fb8817d1000-7fb8817d4000 ---p 00000000 00:00 0 
7fb8817d4000-7fb8818d2000 rw-p 00000000 00:00 0                          [stack:5963]
7fb8818d2000-7fb8818d5000 ---p 00000000 00:00 0 
7fb8818d5000-7fb8819d3000 rw-p 00000000 00:00 0                          [stack:5962]
7fb8819d3000-7fb8820b5000 r--p 00000000 08:02 14687389                   /usr/lib/locale/locale-archive
7fb8820b5000-7fb8820b8000 ---p 00000000 00:00 0 
7fb8820b8000-7fb8821b6000 rw-p 00000000 00:00 0                          [stack:5961]
7fb8821b6000-7fb8821b9000 ---p 00000000 00:00 0 
7fb8821b9000-7fb8822b7000 rw-p 00000000 00:00 0                          [stack:5960]
7fb8822b7000-7fb8822b8000 ---p 00000000 00:00 0 
7fb8822b8000-7fb88324a000 rw-p 00000000 00:00 0                          [stack:5959]
7fb88324a000-7fb883422000 r--s 03d23000 08:02 14812690                   /usr/local/java/jdk1.8.0_73/jre/lib/rt.jar
7fb883422000-7fb884000000 rw-p 00000000 00:00 0 
7fb884000000-7fb884021000 rw-p 00000000 00:00 0 
7fb884021000-7fb888000000 ---p 00000000 00:00 0 
7fb888000000-7fb888021000 rw-p 00000000 00:00 0 
7fb888021000-7fb88c000000 ---p 00000000 00:00 0 
7fb88c000000-7fb88c021000 rw-p 00000000 00:00 0 
7fb88c021000-7fb890000000 ---p 00000000 00:00 0 
7fb890000000-7fb890001000 rw-s 00000000 00:05 141106                     /drm mm object (deleted)
7fb890001000-7fb890002000 rw-s 1023c2000 00:06 266                       /dev/dri/card0
7fb890002000-7fb890006000 r--s 00097000 08:02 14812655                   /usr/local/java/jdk1.8.0_73/jre/lib/jsse.jar
7fb890006000-7fb890008000 r--s 0001e000 08:02 12584223                   /home/willis/MyApps/idea-IC-143.2287.1/lib/idea_rt.jar
7fb890008000-7fb893fae000 rw-p 00000000 00:00 0 
7fb893fae000-7fb893faf000 ---p 00000000 00:00 0 
7fb893faf000-7fb8940af000 rw-p 00000000 00:00 0                          [stack:5958]
7fb8940af000-7fb8940b0000 ---p 00000000 00:00 0 
7fb8940b0000-7fb8941b0000 rw-p 00000000 00:00 0                          [stack:5957]
7fb8941b0000-7fb8941b1000 ---p 00000000 00:00 0 
7fb8941b1000-7fb8942b1000 rw-p 00000000 00:00 0                          [stack:5956]
7fb8942b1000-7fb8942b2000 ---p 00000000 00:00 0 
7fb8942b2000-7fb8943dc000 rw-p 00000000 00:00 0                          [stack:5955]
7fb8943dc000-7fb894646000 ---p 00000000 00:00 0 
7fb894646000-7fb894670000 rw-p 00000000 00:00 0 
7fb894670000-7fb8948da000 ---p 00000000 00:00 0 
7fb8948da000-7fb8948fe000 rw-p 00000000 00:00 0 
7fb8948fe000-7fb894a24000 ---p 00000000 00:00 0 
7fb894a24000-7fb894a37000 rw-p 00000000 00:00 0 
7fb894a37000-7fb894de5000 ---p 00000000 00:00 0 
7fb894de5000-7fb895245000 rwxp 00000000 00:00 0 
7fb895245000-7fb8a3de5000 ---p 00000000 00:00 0 
7fb8a3de5000-7fb8a3dff000 r-xp 00000000 08:02 14948369                   /usr/local/java/jdk1.8.0_73/jre/lib/amd64/libzip.so
7fb8a3dff000-7fb8a3fff000 ---p 0001a000 08:02 14948369                   /usr/local/java/jdk1.8.0_73/jre/lib/amd64/libzip.so
7fb8a3fff000-7fb8a4000000 rw-p 0001a000 08:02 14948369                   /usr/local/java/jdk1.8.0_73/jre/lib/amd64/libzip.so
7fb8a4000000-7fb8a446b000 rw-p 00000000 00:00 0 
7fb8a446b000-7fb8a8000000 ---p 00000000 00:00 0 
7fb8a8000000-7fb8a8001000 r--s 0018c000 08:11 1007                       /media/willis/BE2C-AFCE/Workspace/SimpleNinja/libs/gdx-backend-lwjgl-natives.jar
7fb8a8001000-7fb8a8002000 r--s 000fa000 08:11 1004                       /media/willis/BE2C-AFCE/Workspace/SimpleNinja/libs/gdx-box2d-natives.jar
7fb8a8002000-7fb8a800e000 r-xp 00000000 08:02 16908380                   /lib/x86_64-linux-gnu/libnss_files-2.21.so
7fb8a800e000-7fb8a820d000 ---p 0000c000 08:02 16908380                   /lib/x86_64-linux-gnu/libnss_files-2.21.so
7fb8a820d000-7fb8a820e000 r--p 0000b000 08:02 16908380                   /lib/x86_64-linux-gnu/libnss_files-2.21.so
7fb8a820e000-7fb8a820f000 rw-p 0000c000 08:02 16908380                   /lib/x86_64-linux-gnu/libnss_files-2.21.so
7fb8a820f000-7fb8a821a000 r-xp 00000000 08:02 16908391                   /lib/x86_64-linux-gnu/libnss_nis-2.21.so
7fb8a821a000-7fb8a8419000 ---p 0000b000 08:02 16908391                   /lib/x86_64-linux-gnu/libnss_nis-2.21.so
7fb8a8419000-7fb8a841a000 r--p 0000a000 08:02 16908391                   /lib/x86_64-linux-gnu/libnss_nis-2.21.so
7fb8a841a000-7fb8a841b000 rw-p 0000b000 08:02 16908391                   /lib/x86_64-linux-gnu/libnss_nis-2.21.so
7fb8a841b000-7fb8a8432000 r-xp 00000000 08:02 16908385                   /lib/x86_64-linux-gnu/libnsl-2.21.so
7fb8a8432000-7fb8a8631000 ---p 00017000 08:02 16908385                   /lib/x86_64-linux-gnu/libnsl-2.21.so
7fb8a8631000-7fb8a8632000 r--p 00016000 08:02 16908385                   /lib/x86_64-linux-gnu/libnsl-2.21.so
7fb8a8632000-7fb8a8633000 rw-p 00017000 08:02 16908385                   /lib/x86_64-linux-gnu/libnsl-2.21.so
7fb8a8633000-7fb8a8635000 rw-p 00000000 00:00 0 
7fb8a8635000-7fb8a863d000 r-xp 00000000 08:02 16908381                   /lib/x86_64-linux-gnu/libnss_compat-2.21.so
7fb8a863d000-7fb8a883c000 ---p 00008000 08:02 16908381                   /lib/x86_64-linux-gnu/libnss_compat-2.21.so
7fb8a883c000-7fb8a883d000 r--p 00007000 08:02 16908381                   /lib/x86_64-linux-gnu/libnss_compat-2.21.so
7fb8a883d000-7fb8a883e000 rw-p 00008000 08:02 16908381                   /lib/x86_64-linux-gnu/libnss_compat-2.21.so
7fb8a883e000-7fb8a8868000 r-xp 00000000 08:02 14948395                   /usr/local/java/jdk1.8.0_73/jre/lib/amd64/libjava.so
7fb8a8868000-7fb8a8a68000 ---p 0002a000 08:02 14948395                   /usr/local/java/jdk1.8.0_73/jre/lib/amd64/libjava.so
7fb8a8a68000-7fb8a8a6a000 rw-p 0002a000 08:02 14948395                   /usr/local/java/jdk1.8.0_73/jre/lib/amd64/libjava.so
7fb8a8a6a000-7fb8a8a77000 r-xp 00000000 08:02 14948349                   /usr/local/java/jdk1.8.0_73/jre/lib/amd64/libverify.so
7fb8a8a77000-7fb8a8c77000 ---p 0000d000 08:02 14948349                   /usr/local/java/jdk1.8.0_73/jre/lib/amd64/libverify.so
7fb8a8c77000-7fb8a8c79000 rw-p 0000d000 08:02 14948349                   /usr/local/java/jdk1.8.0_73/jre/lib/amd64/libverify.so
7fb8a8c79000-7fb8a8c80000 r-xp 00000000 08:02 16908307                   /lib/x86_64-linux-gnu/librt-2.21.so
7fb8a8c80000-7fb8a8e7f000 ---p 00007000 08:02 16908307                   /lib/x86_64-linux-gnu/librt-2.21.so
7fb8a8e7f000-7fb8a8e80000 r--p 00006000 08:02 16908307                   /lib/x86_64-linux-gnu/librt-2.21.so
7fb8a8e80000-7fb8a8e81000 rw-p 00007000 08:02 16908307                   /lib/x86_64-linux-gnu/librt-2.21.so
7fb8a8e81000-7fb8a8f88000 r-xp 00000000 08:02 16908393                   /lib/x86_64-linux-gnu/libm-2.21.so
7fb8a8f88000-7fb8a9187000 ---p 00107000 08:02 16908393                   /lib/x86_64-linux-gnu/libm-2.21.so
7fb8a9187000-7fb8a9188000 r--p 00106000 08:02 16908393                   /lib/x86_64-linux-gnu/libm-2.21.so
7fb8a9188000-7fb8a9189000 rw-p 00107000 08:02 16908393                   /lib/x86_64-linux-gnu/libm-2.21.so
7fb8a9189000-7fb8a9e48000 r-xp 00000000 08:02 14948399                   /usr/local/java/jdk1.8.0_73/jre/lib/amd64/server/libjvm.so
7fb8a9e48000-7fb8aa047000 ---p 00cbf000 08:02 14948399                   /usr/local/java/jdk1.8.0_73/jre/lib/amd64/server/libjvm.so
7fb8aa047000-7fb8aa120000 rw-p 00cbe000 08:02 14948399                   /usr/local/java/jdk1.8.0_73/jre/lib/amd64/server/libjvm.so
7fb8aa120000-7fb8aa169000 rw-p 00000000 00:00 0 
7fb8aa169000-7fb8aa329000 r-xp 00000000 08:02 16908394                   /lib/x86_64-linux-gnu/libc-2.21.so
7fb8aa329000-7fb8aa529000 ---p 001c0000 08:02 16908394                   /lib/x86_64-linux-gnu/libc-2.21.so
7fb8aa529000-7fb8aa52d000 r--p 001c0000 08:02 16908394                   /lib/x86_64-linux-gnu/libc-2.21.so
7fb8aa52d000-7fb8aa52f000 rw-p 001c4000 08:02 16908394                   /lib/x86_64-linux-gnu/libc-2.21.so
7fb8aa52f000-7fb8aa533000 rw-p 00000000 00:00 0 
7fb8aa533000-7fb8aa536000 r-xp 00000000 08:02 16908390                   /lib/x86_64-linux-gnu/libdl-2.21.so
7fb8aa536000-7fb8aa735000 ---p 00003000 08:02 16908390                   /lib/x86_64-linux-gnu/libdl-2.21.so
7fb8aa735000-7fb8aa736000 r--p 00002000 08:02 16908390                   /lib/x86_64-linux-gnu/libdl-2.21.so
7fb8aa736000-7fb8aa737000 rw-p 00003000 08:02 16908390                   /lib/x86_64-linux-gnu/libdl-2.21.so
7fb8aa737000-7fb8aa74c000 r-xp 00000000 08:02 14689858                   /usr/local/java/jdk1.8.0_73/lib/amd64/jli/libjli.so
7fb8aa74c000-7fb8aa94c000 ---p 00015000 08:02 14689858                   /usr/local/java/jdk1.8.0_73/lib/amd64/jli/libjli.so
7fb8aa94c000-7fb8aa94d000 rw-p 00015000 08:02 14689858                   /usr/local/java/jdk1.8.0_73/lib/amd64/jli/libjli.so
7fb8aa94d000-7fb8aa965000 r-xp 00000000 08:02 16908315                   /lib/x86_64-linux-gnu/libpthread-2.21.so
7fb8aa965000-7fb8aab65000 ---p 00018000 08:02 16908315                   /lib/x86_64-linux-gnu/libpthread-2.21.so
7fb8aab65000-7fb8aab66000 r--p 00018000 08:02 16908315                   /lib/x86_64-linux-gnu/libpthread-2.21.so
7fb8aab66000-7fb8aab67000 rw-p 00019000 08:02 16908315                   /lib/x86_64-linux-gnu/libpthread-2.21.so
7fb8aab67000-7fb8aab6b000 rw-p 00000000 00:00 0 
7fb8aab6b000-7fb8aab8f000 r-xp 00000000 08:02 16908388                   /lib/x86_64-linux-gnu/ld-2.21.so
7fb8aab8f000-7fb8aab90000 r--s 000d2000 08:11 1001                       /media/willis/BE2C-AFCE/Workspace/SimpleNinja/libs/gdx-natives.jar
7fb8aab90000-7fb8aab93000 r--s 0000f000 08:11 1000                       /media/willis/BE2C-AFCE/Workspace/SimpleNinja/libs/gdx-box2d.jar
7fb8aab93000-7fb8aab97000 r--s 00097000 08:02 14812655                   /usr/local/java/jdk1.8.0_73/jre/lib/jsse.jar
7fb8aab97000-7fb8aab99000 r--s 00007000 08:02 14812694                   /usr/local/java/jdk1.8.0_73/jre/lib/jfxswt.jar
7fb8aab99000-7fb8aaba3000 r--s 0006b000 08:02 14812708                   /usr/local/java/jdk1.8.0_73/jre/lib/javaws.jar
7fb8aaba3000-7fb8aac6e000 rw-p 00000000 00:00 0 
7fb8aac6e000-7fb8aac71000 ---p 00000000 00:00 0 
7fb8aac71000-7fb8aad73000 rw-p 00000000 00:00 0                          [stack:5954]
7fb8aad73000-7fb8aad74000 r--s 00000000 08:02 14812700                   /usr/local/java/jdk1.8.0_73/jre/lib/management-agent.jar
7fb8aad74000-7fb8aad79000 r--s 00084000 08:02 14812706                   /usr/local/java/jdk1.8.0_73/jre/lib/jfr.jar
7fb8aad79000-7fb8aad7c000 r--s 0001a000 08:02 14812718                   /usr/local/java/jdk1.8.0_73/jre/lib/jce.jar
7fb8aad7c000-7fb8aad82000 r--s 002f8000 08:02 14812656                   /usr/local/java/jdk1.8.0_73/jre/lib/charsets.jar
7fb8aad82000-7fb8aad8a000 rw-s 00000000 08:02 4456484                    /tmp/hsperfdata_willis/5953
7fb8aad8a000-7fb8aad8b000 rw-p 00000000 00:00 0 
7fb8aad8b000-7fb8aad8c000 r--p 00000000 00:00 0 
7fb8aad8c000-7fb8aad8e000 rw-p 00000000 00:00 0 
7fb8aad8e000-7fb8aad8f000 r--p 00023000 08:02 16908388                   /lib/x86_64-linux-gnu/ld-2.21.so
7fb8aad8f000-7fb8aad90000 rw-p 00024000 08:02 16908388                   /lib/x86_64-linux-gnu/ld-2.21.so
7fb8aad90000-7fb8aad91000 rw-p 00000000 00:00 0 
7ffc114a7000-7ffc114c8000 rw-p 00000000 00:00 0                          [stack]
7ffc115bd000-7ffc115bf000 r--p 00000000 00:00 0                          [vvar]
7ffc115bf000-7ffc115c1000 r-xp 00000000 00:00 0                          [vdso]
ffffffffff600000-ffffffffff601000 r-xp 00000000 00:00 0                  [vsyscall]

VM Arguments:
jvm_args: -Didea.launcher.port=7544 -Didea.launcher.bin.path=/home/willis/MyApps/idea-IC-143.2287.1/bin -Dfile.encoding=UTF-8 
java_command: com.intellij.rt.execution.application.AppMain com.slickgames.simpleninja.main.Launcher
java_class_path (initial): /media/willis/BE2C-AFCE/Workspace/SimpleNinja/bin:/usr/local/java/jdk1.8.0_73/jre/lib/charsets.jar:/usr/local/java/jdk1.8.0_73/jre/lib/deploy.jar:/usr/local/java/jdk1.8.0_73/jre/lib/ext/cldrdata.jar:/usr/local/java/jdk1.8.0_73/jre/lib/ext/dnsns.jar:/usr/local/java/jdk1.8.0_73/jre/lib/ext/jaccess.jar:/usr/local/java/jdk1.8.0_73/jre/lib/ext/jfxrt.jar:/usr/local/java/jdk1.8.0_73/jre/lib/ext/localedata.jar:/usr/local/java/jdk1.8.0_73/jre/lib/ext/nashorn.jar:/usr/local/java/jdk1.8.0_73/jre/lib/ext/sunec.jar:/usr/local/java/jdk1.8.0_73/jre/lib/ext/sunjce_provider.jar:/usr/local/java/jdk1.8.0_73/jre/lib/ext/sunpkcs11.jar:/usr/local/java/jdk1.8.0_73/jre/lib/ext/zipfs.jar:/usr/local/java/jdk1.8.0_73/jre/lib/javaws.jar:/usr/local/java/jdk1.8.0_73/jre/lib/jce.jar:/usr/local/java/jdk1.8.0_73/jre/lib/jfr.jar:/usr/local/java/jdk1.8.0_73/jre/lib/jfxswt.jar:/usr/local/java/jdk1.8.0_73/jre/lib/jsse.jar:/usr/local/java/jdk1.8.0_73/jre/lib/management-agent.jar:/usr/local/java/jdk1.8.0_73/jre/lib/plugin.jar:/usr/local/java/jdk1.8.0_73/jre/lib/resources.jar:/usr/local/java/jdk1.8.0_73/jre/lib/rt.jar:/media/willis/BE2C-AFCE/Workspace/SimpleNinja/libs/gdx.jar:/media/willis/BE2C-AFCE/Workspace/SimpleNinja/libs/gdx-box2d.jar:/media/willis/BE2C-AFCE/Workspace/SimpleNinja/libs/gdx-natives.jar:/media/willis/BE2C-AFCE/Workspace/SimpleNinja/libs/gdx-sources.jar:/media/willis/BE2C-AFCE/Workspace/SimpleNinja/libs/gdx-backend-lwjgl.jar:/media/willis/BE2C-AFCE/Workspace/SimpleNinja/libs/gdx-box2d-natives.jar:/media/willis/BE2C-AFCE/Workspace/SimpleNinja/libs/runnable-2D-particles.jar:/media/willis/BE2C-AFCE/Workspace/SimpleNinja/libs/runnable-texturepacker.jar:/media/willis/BE2C-AFCE/Workspace/SimpleNinja/libs/gdx-backend-lwjgl-natives.jar:/home/willis/MyApps/idea-IC-143.2287.1/lib/idea_rt.jar
Launcher Type: SUN_STANDARD

Environment Variables:
JAVA_HOME=/usr/local/java/jdk1.8.0_73
PATH=/usr/local/sbin:/usr/local/bin:/usr/sbin:/usr/bin:/sbin:/bin:/usr/games:/usr/local/games:/home/willis/bin:/usr/local/java/jdk1.8.0_73/bin
LD_LIBRARY_PATH=/home/willis/MyApps/idea-IC-143.2287.1/bin:
SHELL=/bin/bash
DISPLAY=:0

Signal Handlers:
SIGSEGV: [libjvm.so+0xabafa0], sa_mask[0]=11111111011111111101111111111110, sa_flags=SA_RESTART|SA_SIGINFO
SIGBUS: [libjvm.so+0xabafa0], sa_mask[0]=11111111011111111101111111111110, sa_flags=SA_RESTART|SA_SIGINFO
SIGFPE: [libjvm.so+0x9183c0], sa_mask[0]=11111111011111111101111111111110, sa_flags=SA_RESTART|SA_SIGINFO
SIGPIPE: [libjvm.so+0x9183c0], sa_mask[0]=11111111011111111101111111111110, sa_flags=SA_RESTART|SA_SIGINFO
SIGXFSZ: [libjvm.so+0x9183c0], sa_mask[0]=11111111011111111101111111111110, sa_flags=SA_RESTART|SA_SIGINFO
SIGILL: [libjvm.so+0x9183c0], sa_mask[0]=11111111011111111101111111111110, sa_flags=SA_RESTART|SA_SIGINFO
SIGUSR1: SIG_DFL, sa_mask[0]=00000000000000000000000000000000, sa_flags=none
SIGUSR2: [libjvm.so+0x9199f0], sa_mask[0]=00100000000000000000000000000000, sa_flags=SA_RESTART|SA_SIGINFO
SIGHUP: [libjvm.so+0x91adf0], sa_mask[0]=11111111011111111101111111111110, sa_flags=SA_RESTART|SA_SIGINFO
SIGINT: [libjvm.so+0x91adf0], sa_mask[0]=11111111011111111101111111111110, sa_flags=SA_RESTART|SA_SIGINFO
SIGTERM: [libjvm.so+0x91adf0], sa_mask[0]=11111111011111111101111111111110, sa_flags=SA_RESTART|SA_SIGINFO
SIGQUIT: [libjvm.so+0x91adf0], sa_mask[0]=11111111011111111101111111111110, sa_flags=SA_RESTART|SA_SIGINFO


---------------  S Y S T E M  ---------------

OS:DISTRIB_ID=Ubuntu
DISTRIB_RELEASE=15.10
DISTRIB_CODENAME=wily
DISTRIB_DESCRIPTION="Ubuntu 15.10"

uname:Linux 4.2.0-34-generic #39-Ubuntu SMP Thu Mar 10 22:13:01 UTC 2016 x86_64
libc:glibc 2.21 NPTL 2.21 
rlimit: STACK 8192k, CORE 0k, NPROC 31291, NOFILE 65536, AS infinity
load average:0.76 0.53 0.44

/proc/meminfo:
MemTotal:        8105528 kB
MemFree:         4700052 kB
MemAvailable:    5903960 kB
Buffers:           72856 kB
Cached:          1485000 kB
SwapCached:            0 kB
Active:          2204440 kB
Inactive:        1011644 kB
Active(anon):    1660388 kB
Inactive(anon):   363316 kB
Active(file):     544052 kB
Inactive(file):   648328 kB
Unevictable:          96 kB
Mlocked:              96 kB
SwapTotal:       8318972 kB
SwapFree:        8318972 kB
Dirty:              1112 kB
Writeback:             0 kB
AnonPages:       1658432 kB
Mapped:           321216 kB
Shmem:            365472 kB
Slab:              89536 kB
SReclaimable:      53900 kB
SUnreclaim:        35636 kB
KernelStack:        9392 kB
PageTables:        36284 kB
NFS_Unstable:          0 kB
Bounce:                0 kB
WritebackTmp:          0 kB
CommitLimit:    12371736 kB
Committed_AS:    5887820 kB
VmallocTotal:   34359738367 kB
VmallocUsed:      558576 kB
VmallocChunk:   34358423548 kB
HardwareCorrupted:     0 kB
AnonHugePages:    993280 kB
CmaTotal:              0 kB
CmaFree:               0 kB
HugePages_Total:       0
HugePages_Free:        0
HugePages_Rsvd:        0
HugePages_Surp:        0
Hugepagesize:       2048 kB
DirectMap4k:      143680 kB
DirectMap2M:     3981312 kB
DirectMap1G:     5242880 kB


CPU:total 4 (2 cores per cpu, 2 threads per core) family 6 model 69 stepping 1, cmov, cx8, fxsr, mmx, sse, sse2, sse3, ssse3, sse4.1, sse4.2, popcnt, avx, avx2, aes, clmul, erms, lzcnt, ht, tsc, tscinvbit, bmi1, bmi2

/proc/cpuinfo:
processor	: 0
vendor_id	: GenuineIntel
cpu family	: 6
model		: 69
model name	: Intel(R) Core(TM) i5-4200U CPU @ 1.60GHz
stepping	: 1
microcode	: 0x1c
cpu MHz		: 2374.570
cache size	: 3072 KB
physical id	: 0
siblings	: 4
core id		: 0
cpu cores	: 2
apicid		: 0
initial apicid	: 0
fpu		: yes
fpu_exception	: yes
cpuid level	: 13
wp		: yes
flags		: fpu vme de pse tsc msr pae mce cx8 apic sep mtrr pge mca cmov pat pse36 clflush dts acpi mmx fxsr sse sse2 ss ht tm pbe syscall nx pdpe1gb rdtscp lm constant_tsc arch_perfmon pebs bts rep_good nopl xtopology nonstop_tsc aperfmperf eagerfpu pni pclmulqdq dtes64 monitor ds_cpl vmx est tm2 ssse3 fma cx16 xtpr pdcm pcid sse4_1 sse4_2 movbe popcnt tsc_deadline_timer aes xsave avx f16c rdrand lahf_lm abm ida arat epb pln pts dtherm tpr_shadow vnmi flexpriority ept vpid fsgsbase tsc_adjust bmi1 avx2 smep bmi2 erms invpcid xsaveopt
bugs		:
bogomips	: 4589.40
clflush size	: 64
cache_alignment	: 64
address sizes	: 39 bits physical, 48 bits virtual
power management:

processor	: 1
vendor_id	: GenuineIntel
cpu family	: 6
model		: 69
model name	: Intel(R) Core(TM) i5-4200U CPU @ 1.60GHz
stepping	: 1
microcode	: 0x1c
cpu MHz		: 2220.218
cache size	: 3072 KB
physical id	: 0
siblings	: 4
core id		: 0
cpu cores	: 2
apicid		: 1
initial apicid	: 1
fpu		: yes
fpu_exception	: yes
cpuid level	: 13
wp		: yes
flags		: fpu vme de pse tsc msr pae mce cx8 apic sep mtrr pge mca cmov pat pse36 clflush dts acpi mmx fxsr sse sse2 ss ht tm pbe syscall nx pdpe1gb rdtscp lm constant_tsc arch_perfmon pebs bts rep_good nopl xtopology nonstop_tsc aperfmperf eagerfpu pni pclmulqdq dtes64 monitor ds_cpl vmx est tm2 ssse3 fma cx16 xtpr pdcm pcid sse4_1 sse4_2 movbe popcnt tsc_deadline_timer aes xsave avx f16c rdrand lahf_lm abm ida arat epb pln pts dtherm tpr_shadow vnmi flexpriority ept vpid fsgsbase tsc_adjust bmi1 avx2 smep bmi2 erms invpcid xsaveopt
bugs		:
bogomips	: 4589.40
clflush size	: 64
cache_alignment	: 64
address sizes	: 39 bits physical, 48 bits virtual
power management:

processor	: 2
vendor_id	: GenuineIntel
cpu family	: 6
model		: 69
model name	: Intel(R) Core(TM) i5-4200U CPU @ 1.60GHz
stepping	: 1
microcode	: 0x1c
cpu MHz		: 1620.960
cache size	: 3072 KB
physical id	: 0
siblings	: 4
core id		: 1
cpu cores	: 2
apicid		: 2
initial apicid	: 2
fpu		: yes
fpu_exception	: yes
cpuid level	: 13
wp		: yes
flags		: fpu vme de pse tsc msr pae mce cx8 apic sep mtrr pge mca cmov pat pse36 clflush dts acpi mmx fxsr sse sse2 ss ht tm pbe syscall nx pdpe1gb rdtscp lm constant_tsc arch_perfmon pebs bts rep_good nopl xtopology nonstop_tsc aperfmperf eagerfpu pni pclmulqdq dtes64 monitor ds_cpl vmx est tm2 ssse3 fma cx16 xtpr pdcm pcid sse4_1 sse4_2 movbe popcnt tsc_deadline_timer aes xsave avx f16c rdrand lahf_lm abm ida arat epb pln pts dtherm tpr_shadow vnmi flexpriority ept vpid fsgsbase tsc_adjust bmi1 avx2 smep bmi2 erms invpcid xsaveopt
bugs		:
bogomips	: 4589.40
clflush size	: 64
cache_alignment	: 64
address sizes	: 39 bits physical, 48 bits virtual
power management:

processor	: 3
vendor_id	: GenuineIntel
cpu family	: 6
model		: 69
model name	: Intel(R) Core(TM) i5-4200U CPU @ 1.60GHz
stepping	: 1
microcode	: 0x1c
cpu MHz		: 1756.714
cache size	: 3072 KB
physical id	: 0
siblings	: 4
core id		: 1
cpu cores	: 2
apicid		: 3
initial apicid	: 3
fpu		: yes
fpu_exception	: yes
cpuid level	: 13
wp		: yes
flags		: fpu vme de pse tsc msr pae mce cx8 apic sep mtrr pge mca cmov pat pse36 clflush dts acpi mmx fxsr sse sse2 ss ht tm pbe syscall nx pdpe1gb rdtscp lm constant_tsc arch_perfmon pebs bts rep_good nopl xtopology nonstop_tsc aperfmperf eagerfpu pni pclmulqdq dtes64 monitor ds_cpl vmx est tm2 ssse3 fma cx16 xtpr pdcm pcid sse4_1 sse4_2 movbe popcnt tsc_deadline_timer aes xsave avx f16c rdrand lahf_lm abm ida arat epb pln pts dtherm tpr_shadow vnmi flexpriority ept vpid fsgsbase tsc_adjust bmi1 avx2 smep bmi2 erms invpcid xsaveopt
bugs		:
bogomips	: 4589.40
clflush size	: 64
cache_alignment	: 64
address sizes	: 39 bits physical, 48 bits virtual
power management:



Memory: 4k page, physical 8105528k(4700052k free), swap 8318972k(8318972k free)

vm_info: Java HotSpot(TM) 64-Bit Server VM (25.73-b02) for linux-amd64 JRE (1.8.0_73-b02), built on Jan 29 2016 17:39:45 by "java_re" with gcc 4.3.0 20080428 (Red Hat 4.3.0-8)

time: Tue Mar 15 17:43:12 2016
elapsed time: 4 seconds (0d 0h 0m 4s)

