#
# A fatal error has been detected by the Java Runtime Environment:
#
#  EXCEPTION_ACCESS_VIOLATION (0xc0000005) at pc=0x6e64d970, pid=6340, tid=532
#
# JRE version: Java(TM) SE Runtime Environment (8.0_73-b02) (build 1.8.0_73-b02)
# Java VM: Java HotSpot(TM) Client VM (25.73-b02 mixed mode windows-x86 )
# Problematic frame:
# C  [gdx-box2d.dll+0xd970]
#
# Failed to write core dump. Minidumps are not enabled by default on client versions of Windows
#
# If you would like to submit a bug report, please visit:
#   http://bugreport.java.com/bugreport/crash.jsp
# The crash happened outside the Java Virtual Machine in native code.
# See problematic frame for where to report the bug.
#

---------------  T H R E A D  ---------------

Current thread (0x148f0c00):  JavaThread "LWJGL Application" [_thread_in_native, id=532, stack(0x15210000,0x15260000)]

siginfo: ExceptionCode=0xc0000005, writing address 0x6e68db08

Registers:
EAX=0x14df6998, EBX=0x00000003, ECX=0x6e68db08, EDX=0x14df5f18
ESP=0x1525ef70, EBP=0x1525efe8, ESI=0x14df5f18, EDI=0x14df6998
EIP=0x6e64d970, EFLAGS=0x00010202

Top of Stack: (sp=0x1525ef70)
0x1525ef70:   00000001 1525efac 1525f29c 5649014c
0x1525ef80:   14066f00 ffffffff 6e68db08 6e64d27c
0x1525ef90:   14df6998 00000003 14df5f18 00000000
0x1525efa0:   00000001 403f8f53 6e68db08 1525f0fc
0x1525efb0:   ffffffff 14dddb58 1525efd8 6e67e3db
0x1525efc0:   018f0d40 6e6807e0 6e680ef8 1525efe0
0x1525efd0:   6e64d2f8 1525ef90 1525f058 14df6998
0x1525efe0:   14df5f18 14df6998 1525f008 6e64d361 

Instructions: (pc=0x6e64d970)
0x6e64d950:   58 80 68 6e e8 d7 57 02 00 e9 2e ff ff ff 66 90
0x6e64d960:   53 83 ec 18 8b 54 24 28 8b 44 24 20 8b 5c 24 24
0x6e64d970:   c7 01 08 dc 68 6e f3 0f 10 4a 10 c7 41 04 04 00
0x6e64d980:   00 00 89 59 38 8b 5c 24 2c f3 0f 59 48 10 89 41 


Register to memory mapping:

EAX=0x14df6998 is an unknown value
EBX=0x00000003 is an unknown value
ECX=0x6e68db08 is an unknown value
EDX=0x14df5f18 is an unknown value
ESP=0x1525ef70 is pointing into the stack for thread: 0x148f0c00
EBP=0x1525efe8 is pointing into the stack for thread: 0x148f0c00
ESI=0x14df5f18 is an unknown value
EDI=0x14df6998 is an unknown value


Stack: [0x15210000,0x15260000],  sp=0x1525ef70,  free space=315k
Native frames: (J=compiled Java code, j=interpreted, Vv=VM code, C=native code)
C  [gdx-box2d.dll+0xd970]
C  [gdx-box2d.dll+0xd361]
C  [gdx-box2d.dll+0x1f998]
C  [gdx-box2d.dll+0x3db55]
C  [gdx-box2d.dll+0x1fa7e]
C  [gdx-box2d.dll+0x225dc]
C  [gdx-box2d.dll+0x23f21]
C  [gdx-box2d.dll+0x285f9]
j  com.badlogic.gdx.physics.box2d.World.jniStep(JFII)V+0
J 571 C1 com.slickgames.simpleninja.states.Play.update(F)V (642 bytes) @ 0x01d59a6c [0x01d59430+0x63c]
j  com.slickgames.simpleninja.handlers.GameStateManager.update(F)V+11
j  com.slickgames.simpleninja.main.Game.render()V+32
j  com.badlogic.gdx.backends.lwjgl.LwjglApplication.mainLoop()V+684
j  com.badlogic.gdx.backends.lwjgl.LwjglApplication$1.run()V+27
v  ~StubRoutines::call_stub
V  [jvm.dll+0x158bf5]
V  [jvm.dll+0x21e0be]
V  [jvm.dll+0x158c8e]
V  [jvm.dll+0x158e16]
V  [jvm.dll+0x158e87]
V  [jvm.dll+0xfd68f]
V  [jvm.dll+0x17c03c]
V  [jvm.dll+0x17c12a]
V  [jvm.dll+0x1c0636]
C  [msvcr100.dll+0x5c556]
C  [msvcr100.dll+0x5c600]
C  [kernel32.dll+0x4ed6c]
C  [ntdll.dll+0x637eb]
C  [ntdll.dll+0x637be]
C  0x00000000

Java frames: (J=compiled Java code, j=interpreted, Vv=VM code)
j  com.badlogic.gdx.physics.box2d.World.jniStep(JFII)V+0
J 571 C1 com.slickgames.simpleninja.states.Play.update(F)V (642 bytes) @ 0x01d59a6c [0x01d59430+0x63c]
j  com.slickgames.simpleninja.handlers.GameStateManager.update(F)V+11
j  com.slickgames.simpleninja.main.Game.render()V+32
j  com.badlogic.gdx.backends.lwjgl.LwjglApplication.mainLoop()V+684
j  com.badlogic.gdx.backends.lwjgl.LwjglApplication$1.run()V+27
v  ~StubRoutines::call_stub

---------------  P R O C E S S  ---------------

Java Threads: ( => current thread )
  0x14a0f400 JavaThread "LWJGL Timer" daemon [_thread_blocked, id=2280, stack(0x168b0000,0x16900000)]
  0x14a8e400 JavaThread "AsynchExecutor-Thread" daemon [_thread_blocked, id=7100, stack(0x14fa0000,0x14ff0000)]
  0x016fbc00 JavaThread "DestroyJavaVM" [_thread_blocked, id=5644, stack(0x004f0000,0x00540000)]
=>0x148f0c00 JavaThread "LWJGL Application" [_thread_in_native, id=532, stack(0x15210000,0x15260000)]
  0x140d9c00 JavaThread "Service Thread" daemon [_thread_blocked, id=5364, stack(0x147a0000,0x147f0000)]
  0x140b5400 JavaThread "C1 CompilerThread0" daemon [_thread_blocked, id=7796, stack(0x14720000,0x14770000)]
  0x140b4400 JavaThread "Attach Listener" daemon [_thread_blocked, id=6472, stack(0x145a0000,0x145f0000)]
  0x140bc800 JavaThread "Signal Dispatcher" daemon [_thread_blocked, id=6620, stack(0x14620000,0x14670000)]
  0x14084000 JavaThread "Finalizer" daemon [_thread_blocked, id=5948, stack(0x142f0000,0x14340000)]
  0x1407e000 JavaThread "Reference Handler" daemon [_thread_blocked, id=2912, stack(0x14480000,0x144d0000)]

Other Threads:
  0x14078c00 VMThread [stack: 0x14260000,0x142b0000] [id=6000]
  0x140e7c00 WatcherThread [stack: 0x14850000,0x148a0000] [id=8020]

VM state:not at safepoint (normal execution)

VM Mutex/Monitor currently owned by a thread: None

Heap:
 def new generation   total 4928K, used 2705K [0x03c00000, 0x04150000, 0x09150000)
  eden space 4416K,  49% used [0x03c00000, 0x03e24588, 0x04050000)
  from space 512K, 100% used [0x040d0000, 0x04150000, 0x04150000)
  to   space 512K,   0% used [0x04050000, 0x04050000, 0x040d0000)
 tenured generation   total 10944K, used 6949K [0x09150000, 0x09c00000, 0x13c00000)
   the space 10944K,  63% used [0x09150000, 0x09819470, 0x09819600, 0x09c00000)
 Metaspace       used 6133K, capacity 6272K, committed 6272K, reserved 6528K

Card table byte_map: [0x01600000,0x01690000] byte_map_base: 0x015e2000

Polling page: 0x00380000

CodeCache: size=32768Kb used=1698Kb max_used=1699Kb free=31069Kb
 bounds [0x01bd0000, 0x01d80000, 0x03bd0000]
 total_blobs=912 nmethods=611 adapters=232
 compilation: enabled

Compilation events (10 events):
Event: 9.104 Thread 0x140b5400  611             java.lang.Number::<init> (5 bytes)
Event: 9.104 Thread 0x140b5400 nmethod 611 0x01d78748 code [0x01d78840, 0x01d788c0]
Event: 9.171 Thread 0x140b5400  612             com.badlogic.gdx.maps.tiled.tiles.StaticTiledMapTile::getTextureRegion (5 bytes)
Event: 9.171 Thread 0x140b5400 nmethod 612 0x01d78908 code [0x01d78a00, 0x01d78a80]
Event: 9.171 Thread 0x140b5400  613             com.badlogic.gdx.maps.tiled.tiles.StaticTiledMapTile::getOffsetX (5 bytes)
Event: 9.171 Thread 0x140b5400 nmethod 613 0x01d78ac8 code [0x01d78bc0, 0x01d78c40]
Event: 9.172 Thread 0x140b5400  614             com.badlogic.gdx.maps.tiled.tiles.StaticTiledMapTile::getOffsetY (5 bytes)
Event: 9.172 Thread 0x140b5400 nmethod 614 0x01d1c308 code [0x01d1c400, 0x01d1c480]
Event: 9.187 Thread 0x140b5400  615             com.slickgames.simpleninja.handlers.Animation::getCurrentFrame (5 bytes)
Event: 9.187 Thread 0x140b5400 nmethod 615 0x01d1c708 code [0x01d1c800, 0x01d1c880]

GC Heap History (10 events):
Event: 0.708 GC heap before
{Heap before GC invocations=2 (full 0):
 def new generation   total 4928K, used 4928K [0x03c00000, 0x04150000, 0x09150000)
  eden space 4416K, 100% used [0x03c00000, 0x04050000, 0x04050000)
  from space 512K, 100% used [0x04050000, 0x040d0000, 0x040d0000)
  to   space 512K,   0% used [0x040d0000, 0x040d0000, 0x04150000)
 tenured generation   total 10944K, used 3154K [0x09150000, 0x09c00000, 0x13c00000)
   the space 10944K,  28% used [0x09150000, 0x09464bc0, 0x09464c00, 0x09c00000)
 Metaspace       used 3992K, capacity 4033K, committed 4160K, reserved 4480K
Event: 0.710 GC heap after
Heap after GC invocations=3 (full 0):
 def new generation   total 4928K, used 2K [0x03c00000, 0x04150000, 0x09150000)
  eden space 4416K,   0% used [0x03c00000, 0x03c00000, 0x04050000)
  from space 512K,   0% used [0x040d0000, 0x040d09e8, 0x04150000)
  to   space 512K,   0% used [0x04050000, 0x04050000, 0x040d0000)
 tenured generation   total 10944K, used 4816K [0x09150000, 0x09c00000, 0x13c00000)
   the space 10944K,  44% used [0x09150000, 0x096040f0, 0x09604200, 0x09c00000)
 Metaspace       used 3992K, capacity 4033K, committed 4160K, reserved 4480K
}
Event: 0.710 GC heap before
{Heap before GC invocations=3 (full 0):
 def new generation   total 4928K, used 74K [0x03c00000, 0x04150000, 0x09150000)
  eden space 4416K,   1% used [0x03c00000, 0x03c120e0, 0x04050000)
  from space 512K,   0% used [0x040d0000, 0x040d09e8, 0x04150000)
  to   space 512K,   0% used [0x04050000, 0x04050000, 0x040d0000)
 tenured generation   total 10944K, used 4816K [0x09150000, 0x09c00000, 0x13c00000)
   the space 10944K,  44% used [0x09150000, 0x096040f0, 0x09604200, 0x09c00000)
 Metaspace       used 3992K, capacity 4033K, committed 4160K, reserved 4480K
Event: 0.710 GC heap after
Heap after GC invocations=4 (full 0):
 def new generation   total 4928K, used 2K [0x03c00000, 0x04150000, 0x09150000)
  eden space 4416K,   0% used [0x03c00000, 0x03c00000, 0x04050000)
  from space 512K,   0% used [0x04050000, 0x04050a28, 0x040d0000)
  to   space 512K,   0% used [0x040d0000, 0x040d0000, 0x04150000)
 tenured generation   total 10944K, used 4816K [0x09150000, 0x09c00000, 0x13c00000)
   the space 10944K,  44% used [0x09150000, 0x096040f0, 0x09604200, 0x09c00000)
 Metaspace       used 3992K, capacity 4033K, committed 4160K, reserved 4480K
}
Event: 0.855 GC heap before
{Heap before GC invocations=4 (full 0):
 def new generation   total 4928K, used 4418K [0x03c00000, 0x04150000, 0x09150000)
  eden space 4416K, 100% used [0x03c00000, 0x04050000, 0x04050000)
  from space 512K,   0% used [0x04050000, 0x04050a28, 0x040d0000)
  to   space 512K,   0% used [0x040d0000, 0x040d0000, 0x04150000)
 tenured generation   total 10944K, used 4816K [0x09150000, 0x09c00000, 0x13c00000)
   the space 10944K,  44% used [0x09150000, 0x096040f0, 0x09604200, 0x09c00000)
 Metaspace       used 4074K, capacity 4129K, committed 4160K, reserved 4480K
Event: 0.856 GC heap after
Heap after GC invocations=5 (full 0):
 def new generation   total 4928K, used 146K [0x03c00000, 0x04150000, 0x09150000)
  eden space 4416K,   0% used [0x03c00000, 0x03c00000, 0x04050000)
  from space 512K,  28% used [0x040d0000, 0x040f4970, 0x04150000)
  to   space 512K,   0% used [0x04050000, 0x04050000, 0x040d0000)
 tenured generation   total 10944K, used 4816K [0x09150000, 0x09c00000, 0x13c00000)
   the space 10944K,  44% used [0x09150000, 0x096040f0, 0x09604200, 0x09c00000)
 Metaspace       used 4074K, capacity 4129K, committed 4160K, reserved 4480K
}
Event: 1.063 GC heap before
{Heap before GC invocations=5 (full 0):
 def new generation   total 4928K, used 4541K [0x03c00000, 0x04150000, 0x09150000)
  eden space 4416K,  99% used [0x03c00000, 0x0404aac8, 0x04050000)
  from space 512K,  28% used [0x040d0000, 0x040f4970, 0x04150000)
  to   space 512K,   0% used [0x04050000, 0x04050000, 0x040d0000)
 tenured generation   total 10944K, used 4816K [0x09150000, 0x09c00000, 0x13c00000)
   the space 10944K,  44% used [0x09150000, 0x096040f0, 0x09604200, 0x09c00000)
 Metaspace       used 4828K, capacity 4865K, committed 4992K, reserved 5504K
Event: 1.064 GC heap after
Heap after GC invocations=6 (full 0):
 def new generation   total 4928K, used 512K [0x03c00000, 0x04150000, 0x09150000)
  eden space 4416K,   0% used [0x03c00000, 0x03c00000, 0x04050000)
  from space 512K, 100% used [0x04050000, 0x040d0000, 0x040d0000)
  to   space 512K,   0% used [0x040d0000, 0x040d0000, 0x04150000)
 tenured generation   total 10944K, used 5496K [0x09150000, 0x09c00000, 0x13c00000)
   the space 10944K,  50% used [0x09150000, 0x096ae1b8, 0x096ae200, 0x09c00000)
 Metaspace       used 4828K, capacity 4865K, committed 4992K, reserved 5504K
}
Event: 5.135 GC heap before
{Heap before GC invocations=6 (full 0):
 def new generation   total 4928K, used 4928K [0x03c00000, 0x04150000, 0x09150000)
  eden space 4416K, 100% used [0x03c00000, 0x04050000, 0x04050000)
  from space 512K, 100% used [0x04050000, 0x040d0000, 0x040d0000)
  to   space 512K,   0% used [0x040d0000, 0x040d0000, 0x04150000)
 tenured generation   total 10944K, used 5496K [0x09150000, 0x09c00000, 0x13c00000)
   the space 10944K,  50% used [0x09150000, 0x096ae1b8, 0x096ae200, 0x09c00000)
 Metaspace       used 5617K, capacity 5646K, committed 5760K, reserved 6528K
Event: 5.137 GC heap after
Heap after GC invocations=7 (full 0):
 def new generation   total 4928K, used 512K [0x03c00000, 0x04150000, 0x09150000)
  eden space 4416K,   0% used [0x03c00000, 0x03c00000, 0x04050000)
  from space 512K, 100% used [0x040d0000, 0x04150000, 0x04150000)
  to   space 512K,   0% used [0x04050000, 0x04050000, 0x040d0000)
 tenured generation   total 10944K, used 6949K [0x09150000, 0x09c00000, 0x13c00000)
   the space 10944K,  63% used [0x09150000, 0x09819470, 0x09819600, 0x09c00000)
 Metaspace       used 5617K, capacity 5646K, committed 5760K, reserved 6528K
}

Deoptimization events (0 events):
No events

Internal exceptions (10 events):
Event: 6.937 Thread 0x148f0c00 Exception <a 'java/lang/ClassCastException': com.slickgames.simpleninja.entities.Player cannot be cast to com.slickgames.simpleninja.entities.Projectile> (0x03dd3878) thrown at [D:\re\workspace\8-2-build-windows-i586-cygwin\jdk8u73\6086\hotspot\src\share\vÒÃ>Z7@
Event: 7.804 Thread 0x148f0c00 Exception <a 'java/lang/ClassCastException': com.slickgames.simpleninja.entities.Player cannot be cast to com.slickgames.simpleninja.entities.Projectile> (0x03df7ad0) thrown at [D:\re\workspace\8-2-build-windows-i586-cygwin\jdk8u73\6086\hotspot\src\share\vœá°j®
 @
Event: 8.021 Thread 0x148f0c00 Exception <a 'java/lang/ClassCastException': com.slickgames.simpleninja.entities.Player cannot be cast to com.slickgames.simpleninja.entities.Projectile> (0x03dfc388) thrown at [D:\re\workspace\8-2-build-windows-i586-cygwin\jdk8u73\6086\hotspot\src\share\vﬁÍ¥n◊ @
Event: 8.421 Thread 0x148f0c00 Exception <a 'java/lang/ClassCastException': com.slickgames.simpleninja.entities.Player cannot be cast to com.slickgames.simpleninja.entities.Projectile> (0x03e009e8) thrown at [D:\re\workspace\8-2-build-windows-i586-cygwin\jdk8u73\6086\hotspot\src\share\vêﬁC$!@
Event: 8.571 Thread 0x148f0c00 Exception <a 'java/lang/ClassCastException': com.slickgames.simpleninja.entities.Player cannot be cast to com.slickgames.simpleninja.entities.Projectile> (0x03e04940) thrown at [D:\re\workspace\8-2-build-windows-i586-cygwin\jdk8u73\6086\hotspot\src\share\v…í†Ø;F!@
Event: 8.637 Thread 0x148f0c00 Exception <a 'java/lang/ClassCastException'> (0x03e07b80) thrown at [D:\re\workspace\8-2-build-windows-i586-cygwin\jdk8u73\6086\hotspot\src\share\vm\runtime\sharedRuntime.cpp, line 605]
Event: 8.804 Thread 0x148f0c00 Exception <a 'java/lang/ClassCastException'> (0x03e0b9e8) thrown at [D:\re\workspace\8-2-build-windows-i586-cygwin\jdk8u73\6086\hotspot\src\share\vm\runtime\sharedRuntime.cpp, line 605]
Event: 9.021 Thread 0x148f0c00 Exception <a 'java/lang/ClassCastException'> (0x03e0ee90) thrown at [D:\re\workspace\8-2-build-windows-i586-cygwin\jdk8u73\6086\hotspot\src\share\vm\runtime\sharedRuntime.cpp, line 605]
Event: 9.137 Thread 0x148f0c00 Exception <a 'java/lang/ClassCastException'> (0x03e11cc8) thrown at [D:\re\workspace\8-2-build-windows-i586-cygwin\jdk8u73\6086\hotspot\src\share\vm\runtime\sharedRuntime.cpp, line 605]
Event: 9.204 Thread 0x148f0c00 Exception <a 'java/lang/ClassCastException'> (0x03e12800) thrown at [D:\re\workspace\8-2-build-windows-i586-cygwin\jdk8u73\6086\hotspot\src\share\vm\runtime\sharedRuntime.cpp, line 605]

Events (10 events):
Event: 5.235 loading class com/badlogic/gdx/graphics/glutils/ShapeRenderer$ShapeType
Event: 5.235 loading class com/badlogic/gdx/graphics/glutils/ShapeRenderer$ShapeType done
Event: 5.687 loading class org/lwjgl/opengl/WindowsKeycodes
Event: 5.687 loading class org/lwjgl/opengl/WindowsKeycodes done
Event: 5.688 loading class com/badlogic/gdx/backends/lwjgl/LwjglInput$KeyEvent
Event: 5.688 loading class com/badlogic/gdx/backends/lwjgl/LwjglInput$KeyEvent done
Event: 5.787 loading class com/slickgames/simpleninja/entities/Projectile
Event: 5.787 loading class com/slickgames/simpleninja/entities/Projectile done
Event: 9.172 Thread 0x140b5400 flushing nmethod 0x01d1c288
Event: 9.172 Thread 0x140b5400 flushing nmethod 0x01d1c688


Dynamic libraries:
0x009c0000 - 0x009f3000 	H:\CommonFiles\Java\bin\javaw.exe
0x77710000 - 0x7784c000 	C:\Windows\SYSTEM32\ntdll.dll
0x76810000 - 0x768e4000 	C:\Windows\system32\kernel32.dll
0x759c0000 - 0x75a0b000 	C:\Windows\system32\KERNELBASE.dll
0x768f0000 - 0x76990000 	C:\Windows\system32\ADVAPI32.dll
0x76990000 - 0x76a3c000 	C:\Windows\system32\msvcrt.dll
0x75b50000 - 0x75b69000 	C:\Windows\SYSTEM32\sechost.dll
0x76380000 - 0x76422000 	C:\Windows\system32\RPCRT4.dll
0x75a80000 - 0x75b49000 	C:\Windows\system32\USER32.dll
0x76330000 - 0x7637e000 	C:\Windows\system32\GDI32.dll
0x77850000 - 0x7785a000 	C:\Windows\system32\LPK.dll
0x76770000 - 0x7680d000 	C:\Windows\system32\USP10.dll
0x74610000 - 0x747ae000 	C:\Windows\WinSxS\x86_microsoft.windows.common-controls_6595b64144ccf1df_6.0.7601.17514_none_41e6975e2bd6f2b2\COMCTL32.dll
0x762d0000 - 0x76327000 	C:\Windows\system32\SHLWAPI.dll
0x77860000 - 0x7787f000 	C:\Windows\system32\IMM32.DLL
0x75ff0000 - 0x760bc000 	C:\Windows\system32\MSCTF.dll
0x756d0000 - 0x756e5000 	C:\Windows\system32\AMINIT32.DLL
0x6c110000 - 0x6c1cf000 	H:\CommonFiles\Java\bin\msvcr100.dll
0x561b0000 - 0x56578000 	H:\CommonFiles\Java\bin\client\jvm.dll
0x72230000 - 0x72237000 	C:\Windows\system32\WSOCK32.dll
0x76430000 - 0x76465000 	C:\Windows\system32\WS2_32.dll
0x77930000 - 0x77936000 	C:\Windows\system32\NSI.dll
0x72d10000 - 0x72d42000 	C:\Windows\system32\WINMM.dll
0x74bb0000 - 0x74bb9000 	C:\Windows\system32\VERSION.dll
0x77890000 - 0x77895000 	C:\Windows\system32\PSAPI.DLL
0x6db70000 - 0x6db7c000 	H:\CommonFiles\Java\bin\verify.dll
0x690a0000 - 0x690c1000 	H:\CommonFiles\Java\bin\java.dll
0x68a00000 - 0x68a13000 	H:\CommonFiles\Java\bin\zip.dll
0x76ac0000 - 0x7770a000 	C:\Windows\system32\SHELL32.dll
0x76610000 - 0x7676c000 	C:\Windows\system32\ole32.dll
0x75720000 - 0x7572b000 	C:\Windows\system32\profapi.dll
0x6cec0000 - 0x6cf33000 	C:\Users\456295\AppData\Local\Temp\libgdx456295\5a7f4445\gdx.dll
0x75180000 - 0x75196000 	C:\Windows\system32\CRYPTSP.dll
0x74f20000 - 0x74f5b000 	C:\Windows\system32\rsaenh.dll
0x74d10000 - 0x74d27000 	C:\Windows\system32\USERENV.dll
0x75650000 - 0x7565c000 	C:\Windows\system32\CRYPTBASE.dll
0x67fd0000 - 0x67fe6000 	H:\CommonFiles\Java\bin\net.dll
0x75140000 - 0x7517c000 	C:\Windows\system32\mswsock.dll
0x75130000 - 0x75136000 	C:\Windows\System32\wship6.dll
0x73900000 - 0x7391c000 	C:\Windows\system32\IPHLPAPI.DLL
0x738c0000 - 0x738c7000 	C:\Windows\system32\WINNSI.DLL
0x73770000 - 0x7377d000 	C:\Windows\system32\dhcpcsvc6.DLL
0x73750000 - 0x73762000 	C:\Windows\system32\dhcpcsvc.DLL
0x67fc0000 - 0x67fcf000 	H:\CommonFiles\Java\bin\nio.dll
0x14400000 - 0x1444f000 	C:\Users\456295\AppData\Local\Temp\libgdx456295\68069333\lwjgl.dll
0x6be00000 - 0x6bec8000 	C:\Windows\system32\OPENGL32.dll
0x6bd70000 - 0x6bd92000 	C:\Windows\system32\GLU32.dll
0x69df0000 - 0x69ed7000 	C:\Windows\system32\DDRAW.dll
0x73ef0000 - 0x73ef6000 	C:\Windows\system32\DCIMAN32.dll
0x76470000 - 0x7660d000 	C:\Windows\system32\SETUPAPI.dll
0x75a50000 - 0x75a77000 	C:\Windows\system32\CFGMGR32.dll
0x761f0000 - 0x7627f000 	C:\Windows\system32\OLEAUT32.dll
0x758c0000 - 0x758d2000 	C:\Windows\system32\DEVOBJ.dll
0x74570000 - 0x74583000 	C:\Windows\system32\dwmapi.dll
0x14670000 - 0x146d5000 	C:\Users\456295\AppData\Local\Temp\libgdx456295\68069333\OpenAL32.dll
0x74520000 - 0x74560000 	C:\Windows\system32\uxtheme.dll
0x778a0000 - 0x77923000 	C:\Windows\system32\CLBCatQ.DLL
0x74190000 - 0x74285000 	C:\Windows\System32\PROPSYS.dll
0x75a20000 - 0x75a4e000 	C:\Windows\system32\WINTRUST.dll
0x757a0000 - 0x758c0000 	C:\Windows\system32\CRYPT32.dll
0x75790000 - 0x7579c000 	C:\Windows\system32\MSASN1.dll
0x6c010000 - 0x6c082000 	C:\Windows\system32\dsound.dll
0x73ac0000 - 0x73ae5000 	C:\Windows\system32\POWRPROF.dll
0x745a0000 - 0x745b0000 	C:\Windows\system32\LSKHOOK.DLL
0x74290000 - 0x742c9000 	C:\Windows\System32\MMDevApi.dll
0x714b0000 - 0x714e6000 	C:\Windows\system32\AUDIOSES.DLL
0x15d40000 - 0x167a6000 	C:\Windows\system32\ig4icd32.dll
0x67f40000 - 0x67fb9000 	C:\Windows\system32\mscms.dll
0x6bd30000 - 0x6bd68000 	C:\Windows\system32\icm32.dll
0x6e640000 - 0x6e6d2000 	C:\Users\456295\AppData\Local\Temp\libgdx456295\a8e90ee8\gdx-box2d.dll
0x72100000 - 0x721eb000 	C:\Windows\system32\dbghelp.dll

VM Arguments:
jvm_args: -Dfile.encoding=Cp1252 
java_command: com.slickgames.simpleninja.main.Launcher
java_class_path (initial): F:\SimpleNinja\bin;F:\SimpleNinja\libs\gdx-backend-lwjgl-natives.jar;F:\SimpleNinja\libs\gdx-backend-lwjgl.jar;F:\SimpleNinja\libs\gdx-box2d-natives.jar;F:\SimpleNinja\libs\gdx-box2d.jar;F:\SimpleNinja\libs\gdx-natives.jar;F:\SimpleNinja\libs\gdx-sources.jar;F:\SimpleNinja\libs\gdx.jar;F:\SimpleNinja\libs\runnable-2D-particles.jar;F:\SimpleNinja\libs\runnable-texturepacker.jar
Launcher Type: SUN_STANDARD

Environment Variables:
CLASSPATH=.;C:\Program Files\Java\jre6\lib\ext\QTJava.zip
PATH=H:/CommonFiles/Java/bin/client;H:/CommonFiles/Java/bin;H:/CommonFiles/Java/lib/i386;H:\CommonFiles\Java\bin;H:\Eclipse;
USERNAME=456295
OS=Windows_NT
PROCESSOR_IDENTIFIER=x86 Family 6 Model 42 Stepping 7, GenuineIntel



---------------  S Y S T E M  ---------------

OS: Windows 7 Build 7601 (6.1.7601.18015)

CPU:total 4 (4 cores per cpu, 1 threads per core) family 6 model 42 stepping 7, cmov, cx8, fxsr, mmx, sse, sse2, sse3, ssse3, sse4.1, sse4.2, popcnt, avx, aes, clmul, tsc, tscinvbit

Memory: 4k page, physical 3318724k(1549224k free), swap 6635696k(4312712k free)

vm_info: Java HotSpot(TM) Client VM (25.73-b02) for windows-x86 JRE (1.8.0_73-b02), built on Jan 29 2016 17:05:52 by "java_re" with MS VC++ 10.0 (VS2010)

time: Thu Apr 07 11:59:44 2016
elapsed time: 9 seconds (0d 0h 0m 9s)

