#
# A fatal error has been detected by the Java Runtime Environment:
#
#  EXCEPTION_ACCESS_VIOLATION (0xc0000005) at pc=0x6e64d970, pid=3004, tid=4076
#
# JRE version: Java(TM) SE Runtime Environment (8.0_60-b27) (build 1.8.0_60-b27)
# Java VM: Java HotSpot(TM) Client VM (25.60-b23 mixed mode windows-x86 )
# Problematic frame:
# C  [gdx-box2d.dll+0xd970]
#
# Failed to write core dump. Minidumps are not enabled by default on client versions of Windows
#
# If you would like to submit a bug report, please visit:
#   http://bugreport.java.com/bugreport/crash.jsp
# The crash happened outside the Java Virtual Machine in native code.
# See problematic frame for where to report the bug.
#

---------------  T H R E A D  ---------------

Current thread (0x14870000):  JavaThread "LWJGL Application" [_thread_in_native, id=4076, stack(0x15cc0000,0x15d10000)]

siginfo: ExceptionCode=0xc0000005, writing address 0x6e68db08

Registers:
EAX=0x14d65aa0, EBX=0x00000000, ECX=0x6e68db08, EDX=0x14d66b20
ESP=0x15d0f4c0, EBP=0x15d0f538, ESI=0x14d65aa0, EDI=0x14d66b20
EIP=0x6e64d970, EFLAGS=0x00010206

Top of Stack: (sp=0x15d0f4c0)
0x15d0f4c0:   00000001 15d0f4fc 15d0f704 6c8df4ec
0x15d0f4d0:   144d7328 00000002 6e68db08 6e650e0e
0x15d0f4e0:   14d65aa0 00000000 14d66b20 00000000
0x15d0f4f0:   00000001 14870000 6e68db08 00000000
0x15d0f500:   ffffffff 00000002 15d0f528 6e67e3db
0x15d0f510:   01870140 6e6807e0 6e680f20 15d0f530
0x15d0f520:   6e650e8a 15d0f4e0 15d0f5a8 00000000
0x15d0f530:   14d65aa0 14d66b20 15d0f558 6e650ee3 

Instructions: (pc=0x6e64d970)
0x6e64d950:   58 80 68 6e e8 d7 57 02 00 e9 2e ff ff ff 66 90
0x6e64d960:   53 83 ec 18 8b 54 24 28 8b 44 24 20 8b 5c 24 24
0x6e64d970:   c7 01 08 dc 68 6e f3 0f 10 4a 10 c7 41 04 04 00
0x6e64d980:   00 00 89 59 38 8b 5c 24 2c f3 0f 59 48 10 89 41 


Register to memory mapping:

EAX=0x14d65aa0 is an unknown value
EBX=0x00000000 is an unknown value
ECX=0x6e68db08 is an unknown value
EDX=0x14d66b20 is an unknown value
ESP=0x15d0f4c0 is pointing into the stack for thread: 0x14870000
EBP=0x15d0f538 is pointing into the stack for thread: 0x14870000
ESI=0x14d65aa0 is an unknown value
EDI=0x14d66b20 is an unknown value


Stack: [0x15cc0000,0x15d10000],  sp=0x15d0f4c0,  free space=317k
Native frames: (J=compiled Java code, j=interpreted, Vv=VM code, C=native code)
C  [gdx-box2d.dll+0xd970]
C  [gdx-box2d.dll+0x10ee3]
C  [gdx-box2d.dll+0x1f998]
C  [gdx-box2d.dll+0x3db55]
C  [gdx-box2d.dll+0x1fa7e]
C  [gdx-box2d.dll+0x24004]
C  [gdx-box2d.dll+0x285f9]
j  com.badlogic.gdx.physics.box2d.World.jniStep(JFII)V+0
j  com.badlogic.gdx.physics.box2d.World.step(FII)V+8
j  com.slickgames.simpleninja.states.Play.update(F)V+190
j  com.slickgames.simpleninja.handlers.GameStateManager.update(F)V+11
j  com.slickgames.simpleninja.main.Game.render()V+32
j  com.badlogic.gdx.backends.lwjgl.LwjglApplication.mainLoop()V+684
j  com.badlogic.gdx.backends.lwjgl.LwjglApplication$1.run()V+27
v  ~StubRoutines::call_stub
V  [jvm.dll+0x158985]
V  [jvm.dll+0x21df3e]
V  [jvm.dll+0x158a1e]
V  [jvm.dll+0x158ba6]
V  [jvm.dll+0x158c17]
V  [jvm.dll+0xfd45f]
V  [jvm.dll+0x17bddc]
V  [jvm.dll+0x17beca]
V  [jvm.dll+0x1c0466]
C  [msvcr100.dll+0x5c556]
C  [msvcr100.dll+0x5c600]
C  [kernel32.dll+0x4ed6c]
C  [ntdll.dll+0x637eb]
C  [ntdll.dll+0x637be]
C  0x00000000

Java frames: (J=compiled Java code, j=interpreted, Vv=VM code)
j  com.badlogic.gdx.physics.box2d.World.jniStep(JFII)V+0
j  com.badlogic.gdx.physics.box2d.World.step(FII)V+8
j  com.slickgames.simpleninja.states.Play.update(F)V+190
j  com.slickgames.simpleninja.handlers.GameStateManager.update(F)V+11
j  com.slickgames.simpleninja.main.Game.render()V+32
j  com.badlogic.gdx.backends.lwjgl.LwjglApplication.mainLoop()V+684
j  com.badlogic.gdx.backends.lwjgl.LwjglApplication$1.run()V+27
v  ~StubRoutines::call_stub

---------------  P R O C E S S  ---------------

Java Threads: ( => current thread )
  0x149ea800 JavaThread "LWJGL Timer" daemon [_thread_blocked, id=6704, stack(0x197c0000,0x19810000)]
  0x14a6cc00 JavaThread "AsynchExecutor-Thread" daemon [_thread_blocked, id=1960, stack(0x18c50000,0x18ca0000)]
  0x00c7d400 JavaThread "DestroyJavaVM" [_thread_blocked, id=8152, stack(0x00620000,0x00670000)]
=>0x14870000 JavaThread "LWJGL Application" [_thread_in_native, id=4076, stack(0x15cc0000,0x15d10000)]
  0x145b6c00 JavaThread "Monitor Ctrl-Break" daemon [_thread_in_native, id=7076, stack(0x14e80000,0x14ed0000)]
  0x14490c00 JavaThread "Service Thread" daemon [_thread_blocked, id=8128, stack(0x00c90000,0x00ce0000)]
  0x14489800 JavaThread "C1 CompilerThread0" daemon [_thread_blocked, id=2540, stack(0x03d70000,0x03dc0000)]
  0x1449c000 JavaThread "Attach Listener" daemon [_thread_blocked, id=5020, stack(0x14270000,0x142c0000)]
  0x14499000 JavaThread "Signal Dispatcher" daemon [_thread_blocked, id=5892, stack(0x006d0000,0x00720000)]
  0x14457400 JavaThread "Finalizer" daemon [_thread_blocked, id=3148, stack(0x142f0000,0x14340000)]
  0x14451c00 JavaThread "Reference Handler" daemon [_thread_blocked, id=4548, stack(0x03d00000,0x03d50000)]

Other Threads:
  0x00b8f000 VMThread [stack: 0x00d10000,0x00d60000] [id=5996]
  0x14492c00 WatcherThread [stack: 0x147b0000,0x14800000] [id=6856]

VM state:not at safepoint (normal execution)

VM Mutex/Monitor currently owned by a thread: None

Heap:
 def new generation   total 4928K, used 2334K [0x03e00000, 0x04350000, 0x09350000)
  eden space 4416K,  41% used [0x03e00000, 0x03fc7ad8, 0x04250000)
  from space 512K, 100% used [0x042d0000, 0x04350000, 0x04350000)
  to   space 512K,   0% used [0x04250000, 0x04250000, 0x042d0000)
 tenured generation   total 10944K, used 4051K [0x09350000, 0x09e00000, 0x13e00000)
   the space 10944K,  37% used [0x09350000, 0x09744e38, 0x09745000, 0x09e00000)
 Metaspace       used 6363K, capacity 6496K, committed 6528K, reserved 6528K

Card table byte_map: [0x00b90000,0x00c20000] byte_map_base: 0x00b71000

Polling page: 0x00280000

CodeCache: size=32768Kb used=1473Kb max_used=1473Kb free=31294Kb
 bounds [0x01ca0000, 0x01e18000, 0x03ca0000]
 total_blobs=790 nmethods=489 adapters=232
 compilation: enabled

Compilation events (10 events):
Event: 3.603 Thread 0x14489800  490             com.slickgames.simpleninja.handlers.Animation::getFrame (10 bytes)
Event: 3.603 Thread 0x14489800 nmethod 490 0x01d9f288 code [0x01d9f380, 0x01d9f420]
Event: 3.619 Thread 0x14489800  491             com.badlogic.gdx.backends.lwjgl.LwjglInput::updateKeyboard (408 bytes)
Event: 3.621 Thread 0x14489800 nmethod 491 0x01d9d0c8 code [0x01d9d330, 0x01d9e614]
Event: 3.654 Thread 0x14489800  492             com.badlogic.gdx.math.Matrix4::mul (13 bytes)
Event: 3.654 Thread 0x14489800 nmethod 492 0x01d9ce88 code [0x01d9cf90, 0x01d9d02c]
Event: 3.654 Thread 0x14489800  493             com.badlogic.gdx.backends.lwjgl.LwjglGL20::glDisable (5 bytes)
Event: 3.654 Thread 0x14489800 nmethod 493 0x01d9c808 code [0x01d9c940, 0x01d9cb80]
Event: 3.654 Thread 0x14489800  494             org.lwjgl.opengl.GL11::glDisable (19 bytes)
Event: 3.654 Thread 0x14489800 nmethod 494 0x01e10188 code [0x01e102c0, 0x01e104f0]

GC Heap History (10 events):
Event: 0.954 GC heap before
{Heap before GC invocations=2 (full 0):
 def new generation   total 4928K, used 4927K [0x03e00000, 0x04350000, 0x09350000)
  eden space 4416K, 100% used [0x03e00000, 0x04250000, 0x04250000)
  from space 512K,  99% used [0x04250000, 0x042cfff8, 0x042d0000)
  to   space 512K,   0% used [0x042d0000, 0x042d0000, 0x04350000)
 tenured generation   total 10944K, used 1679K [0x09350000, 0x09e00000, 0x13e00000)
   the space 10944K,  15% used [0x09350000, 0x094f3d30, 0x094f3e00, 0x09e00000)
 Metaspace       used 4199K, capacity 4225K, committed 4288K, reserved 4480K
Event: 0.955 GC heap after
Heap after GC invocations=3 (full 0):
 def new generation   total 4928K, used 45K [0x03e00000, 0x04350000, 0x09350000)
  eden space 4416K,   0% used [0x03e00000, 0x03e00000, 0x04250000)
  from space 512K,   8% used [0x042d0000, 0x042db5f0, 0x04350000)
  to   space 512K,   0% used [0x04250000, 0x04250000, 0x042d0000)
 tenured generation   total 10944K, used 1940K [0x09350000, 0x09e00000, 0x13e00000)
   the space 10944K,  17% used [0x09350000, 0x09535060, 0x09535200, 0x09e00000)
 Metaspace       used 4199K, capacity 4225K, committed 4288K, reserved 4480K
}
Event: 1.102 GC heap before
{Heap before GC invocations=3 (full 0):
 def new generation   total 4928K, used 4451K [0x03e00000, 0x04350000, 0x09350000)
  eden space 4416K,  99% used [0x03e00000, 0x0424d820, 0x04250000)
  from space 512K,   8% used [0x042d0000, 0x042db5f0, 0x04350000)
  to   space 512K,   0% used [0x04250000, 0x04250000, 0x042d0000)
 tenured generation   total 10944K, used 1940K [0x09350000, 0x09e00000, 0x13e00000)
   the space 10944K,  17% used [0x09350000, 0x09535060, 0x09535200, 0x09e00000)
 Metaspace       used 4203K, capacity 4225K, committed 4288K, reserved 4480K
Event: 1.103 GC heap after
Heap after GC invocations=4 (full 0):
 def new generation   total 4928K, used 17K [0x03e00000, 0x04350000, 0x09350000)
  eden space 4416K,   0% used [0x03e00000, 0x03e00000, 0x04250000)
  from space 512K,   3% used [0x04250000, 0x042545c0, 0x042d0000)
  to   space 512K,   0% used [0x042d0000, 0x042d0000, 0x04350000)
 tenured generation   total 10944K, used 1940K [0x09350000, 0x09e00000, 0x13e00000)
   the space 10944K,  17% used [0x09350000, 0x09535060, 0x09535200, 0x09e00000)
 Metaspace       used 4203K, capacity 4225K, committed 4288K, reserved 4480K
}
Event: 1.221 GC heap before
{Heap before GC invocations=4 (full 0):
 def new generation   total 4928K, used 4433K [0x03e00000, 0x04350000, 0x09350000)
  eden space 4416K,  99% used [0x03e00000, 0x0424fed0, 0x04250000)
  from space 512K,   3% used [0x04250000, 0x042545c0, 0x042d0000)
  to   space 512K,   0% used [0x042d0000, 0x042d0000, 0x04350000)
 tenured generation   total 10944K, used 1940K [0x09350000, 0x09e00000, 0x13e00000)
   the space 10944K,  17% used [0x09350000, 0x09535060, 0x09535200, 0x09e00000)
 Metaspace       used 4333K, capacity 4353K, committed 4416K, reserved 4480K
Event: 1.222 GC heap after
Heap after GC invocations=5 (full 0):
 def new generation   total 4928K, used 245K [0x03e00000, 0x04350000, 0x09350000)
  eden space 4416K,   0% used [0x03e00000, 0x03e00000, 0x04250000)
  from space 512K,  47% used [0x042d0000, 0x0430d578, 0x04350000)
  to   space 512K,   0% used [0x04250000, 0x04250000, 0x042d0000)
 tenured generation   total 10944K, used 1940K [0x09350000, 0x09e00000, 0x13e00000)
   the space 10944K,  17% used [0x09350000, 0x09535060, 0x09535200, 0x09e00000)
 Metaspace       used 4333K, capacity 4353K, committed 4416K, reserved 4480K
}
Event: 1.414 GC heap before
{Heap before GC invocations=5 (full 0):
 def new generation   total 4928K, used 4661K [0x03e00000, 0x04350000, 0x09350000)
  eden space 4416K, 100% used [0x03e00000, 0x04250000, 0x04250000)
  from space 512K,  47% used [0x042d0000, 0x0430d578, 0x04350000)
  to   space 512K,   0% used [0x04250000, 0x04250000, 0x042d0000)
 tenured generation   total 10944K, used 1940K [0x09350000, 0x09e00000, 0x13e00000)
   the space 10944K,  17% used [0x09350000, 0x09535060, 0x09535200, 0x09e00000)
 Metaspace       used 5107K, capacity 5153K, committed 5248K, reserved 5504K
Event: 1.415 GC heap after
Heap after GC invocations=6 (full 0):
 def new generation   total 4928K, used 512K [0x03e00000, 0x04350000, 0x09350000)
  eden space 4416K,   0% used [0x03e00000, 0x03e00000, 0x04250000)
  from space 512K, 100% used [0x04250000, 0x042d0000, 0x042d0000)
  to   space 512K,   0% used [0x042d0000, 0x042d0000, 0x04350000)
 tenured generation   total 10944K, used 2648K [0x09350000, 0x09e00000, 0x13e00000)
   the space 10944K,  24% used [0x09350000, 0x095e6318, 0x095e6400, 0x09e00000)
 Metaspace       used 5107K, capacity 5153K, committed 5248K, reserved 5504K
}
Event: 2.470 GC heap before
{Heap before GC invocations=6 (full 0):
 def new generation   total 4928K, used 4928K [0x03e00000, 0x04350000, 0x09350000)
  eden space 4416K, 100% used [0x03e00000, 0x04250000, 0x04250000)
  from space 512K, 100% used [0x04250000, 0x042d0000, 0x042d0000)
  to   space 512K,   0% used [0x042d0000, 0x042d0000, 0x04350000)
 tenured generation   total 10944K, used 2648K [0x09350000, 0x09e00000, 0x13e00000)
   the space 10944K,  24% used [0x09350000, 0x095e6318, 0x095e6400, 0x09e00000)
 Metaspace       used 5827K, capacity 5838K, committed 5888K, reserved 6528K
Event: 2.473 GC heap after
Heap after GC invocations=7 (full 0):
 def new generation   total 4928K, used 512K [0x03e00000, 0x04350000, 0x09350000)
  eden space 4416K,   0% used [0x03e00000, 0x03e00000, 0x04250000)
  from space 512K, 100% used [0x042d0000, 0x04350000, 0x04350000)
  to   space 512K,   0% used [0x04250000, 0x04250000, 0x042d0000)
 tenured generation   total 10944K, used 4051K [0x09350000, 0x09e00000, 0x13e00000)
   the space 10944K,  37% used [0x09350000, 0x09744e38, 0x09745000, 0x09e00000)
 Metaspace       used 5827K, capacity 5838K, committed 5888K, reserved 6528K
}

Deoptimization events (0 events):
No events

Internal exceptions (10 events):
Event: 0.488 Thread 0x00c7d400 Exception <a 'java/security/PrivilegedActionException'> (0x040f8860) thrown at [D:\re\puppet\workspace\8-2-build-windows-i586-cygwin\jdk8u60\4407\hotspot\src\share\vm\prims\jvm.cpp, line 1386]
Event: 2.530 Thread 0x14870000 Exception <a 'java/lang/NoSuchFieldError': method resolution failed> (0x03ee0fc0) thrown at [D:\re\puppet\workspace\8-2-build-windows-i586-cygwin\jdk8u60\4407\hotspot\src\share\vm\prims\methodHandles.cpp, line 1146]
Event: 2.531 Thread 0x14870000 Exception <a 'java/lang/NoSuchFieldError': method resolution failed> (0x03eed0d0) thrown at [D:\re\puppet\workspace\8-2-build-windows-i586-cygwin\jdk8u60\4407\hotspot\src\share\vm\prims\methodHandles.cpp, line 1146]
Event: 3.353 Thread 0x14870000 Exception <a 'java/lang/ClassCastException': com.slickgames.simpleninja.entities.Player cannot be cast to com.slickgames.simpleninja.entities.Projectile> (0x03f9b598) thrown at [D:\re\puppet\workspace\8-2-build-windows-i586-cygwin\jdk8u60\4407\hotspot\src\n!ÆŒ˙Û
@
Event: 3.369 Thread 0x14870000 Exception <a 'java/lang/ClassCastException': com.slickgames.simpleninja.entities.Player cannot be cast to com.slickgames.simpleninja.entities.Projectile> (0x03f9c790) thrown at [D:\re\puppet\workspace\8-2-build-windows-i586-cygwin\jdk8u60\4407\hotspot\src\ÅÖ‰…‚@
Event: 3.387 Thread 0x14870000 Exception <a 'java/lang/ClassCastException': com.slickgames.simpleninja.entities.Projectile cannot be cast to com.slickgames.simpleninja.entities.Crystal> (0x03f9f028) thrown at [D:\re\puppet\workspace\8-2-build-windows-i586-cygwin\jdk8u60\4407\hotspot\src'6 ©ëZ@
Event: 3.419 Thread 0x14870000 Exception <a 'java/lang/ClassCastException': com.slickgames.simpleninja.entities.Player cannot be cast to com.slickgames.simpleninja.entities.Projectile> (0x03fa2cb0) thrown at [D:\re\puppet\workspace\8-2-build-windows-i586-cygwin\jdk8u60\4407\hotspot\src\•≠*∏æ„@
Event: 3.486 Thread 0x14870000 Exception <a 'java/lang/ClassCastException': com.slickgames.simpleninja.entities.Player cannot be cast to com.slickgames.simpleninja.entities.Projectile> (0x03fa69e8) thrown at [D:\re\puppet\workspace\8-2-build-windows-i586-cygwin\jdk8u60\4407\hotspot\src\;^zÉ
Event: 3.537 Thread 0x14870000 Exception <a 'java/lang/ClassCastException': com.slickgames.simpleninja.entities.Projectile cannot be cast to com.slickgames.simpleninja.entities.Crystal> (0x03facb30) thrown at [D:\re\puppet\workspace\8-2-build-windows-i586-cygwin\jdk8u60\4407\hotspot\src˜F…œ∞@
Event: 3.586 Thread 0x14870000 Exception <a 'java/lang/ClassCastException': com.slickgames.simpleninja.entities.Player cannot be cast to com.slickgames.simpleninja.entities.Projectile> (0x03fb02d8) thrown at [D:\re\puppet\workspace\8-2-build-windows-i586-cygwin\jdk8u60\4407\hotspot\src\C]Y@Cﬂ?

Events (10 events):
Event: 2.547 loading class org/lwjgl/opengl/GL13 done
Event: 2.567 loading class com/badlogic/gdx/graphics/glutils/ShapeRenderer$ShapeType
Event: 2.567 loading class com/badlogic/gdx/graphics/glutils/ShapeRenderer$ShapeType done
Event: 2.753 loading class org/lwjgl/opengl/WindowsKeycodes
Event: 2.753 loading class org/lwjgl/opengl/WindowsKeycodes done
Event: 2.754 loading class com/badlogic/gdx/backends/lwjgl/LwjglInput$KeyEvent
Event: 2.754 loading class com/badlogic/gdx/backends/lwjgl/LwjglInput$KeyEvent done
Event: 3.019 loading class com/slickgames/simpleninja/entities/Projectile
Event: 3.019 loading class com/slickgames/simpleninja/entities/Projectile done
Event: 3.489 Thread 0x14489800 flushing nmethod 0x01d9c448


Dynamic libraries:
0x00d90000 - 0x00dc3000 	C:\Program Files\Java\jdk1.8.0_60\bin\java.exe
0x77c90000 - 0x77dcc000 	C:\Windows\SYSTEM32\ntdll.dll
0x77b50000 - 0x77c24000 	C:\Windows\system32\kernel32.dll
0x75de0000 - 0x75e2b000 	C:\Windows\system32\KERNELBASE.dll
0x77de0000 - 0x77e80000 	C:\Windows\system32\ADVAPI32.dll
0x77720000 - 0x777cc000 	C:\Windows\system32\msvcrt.dll
0x77b30000 - 0x77b49000 	C:\Windows\SYSTEM32\sechost.dll
0x77590000 - 0x77632000 	C:\Windows\system32\RPCRT4.dll
0x77200000 - 0x772c9000 	C:\Windows\system32\USER32.dll
0x76560000 - 0x765ae000 	C:\Windows\system32\GDI32.dll
0x760c0000 - 0x760ca000 	C:\Windows\system32\LPK.dll
0x77800000 - 0x7789d000 	C:\Windows\system32\USP10.dll
0x74b90000 - 0x74d2e000 	C:\Windows\WinSxS\x86_microsoft.windows.common-controls_6595b64144ccf1df_6.0.7601.17514_none_41e6975e2bd6f2b2\COMCTL32.dll
0x77c30000 - 0x77c87000 	C:\Windows\system32\SHLWAPI.dll
0x76000000 - 0x7601f000 	C:\Windows\system32\IMM32.DLL
0x760d0000 - 0x7619c000 	C:\Windows\system32\MSCTF.dll
0x75c80000 - 0x75c95000 	C:\Windows\system32\AMINIT32.DLL
0x77f40000 - 0x77fff000 	C:\Program Files\Java\jdk1.8.0_60\jre\bin\msvcr100.dll
0x6c600000 - 0x6c9c5000 	C:\Program Files\Java\jdk1.8.0_60\jre\bin\client\jvm.dll
0x72750000 - 0x72757000 	C:\Windows\system32\WSOCK32.dll
0x77e80000 - 0x77eb5000 	C:\Windows\system32\WS2_32.dll
0x772d0000 - 0x772d6000 	C:\Windows\system32\NSI.dll
0x731a0000 - 0x731d2000 	C:\Windows\system32\WINMM.dll
0x75130000 - 0x75139000 	C:\Windows\system32\VERSION.dll
0x77dd0000 - 0x77dd5000 	C:\Windows\system32\PSAPI.DLL
0x743d0000 - 0x743dc000 	C:\Program Files\Java\jdk1.8.0_60\jre\bin\verify.dll
0x68970000 - 0x68991000 	C:\Program Files\Java\jdk1.8.0_60\jre\bin\java.dll
0x699b0000 - 0x699c3000 	C:\Program Files\Java\jdk1.8.0_60\jre\bin\zip.dll
0x765b0000 - 0x771fa000 	C:\Windows\system32\SHELL32.dll
0x779d0000 - 0x77b2c000 	C:\Windows\system32\ole32.dll
0x75ca0000 - 0x75cab000 	C:\Windows\system32\profapi.dll
0x005c0000 - 0x005c7000 	C:\Program Files\JetBrains\IntelliJ IDEA Community Edition 15.0.4\bin\breakgen.dll
0x6b860000 - 0x6b875000 	C:\Program Files\Java\jdk1.8.0_60\jre\bin\net.dll
0x756c0000 - 0x756fc000 	C:\Windows\system32\mswsock.dll
0x756b0000 - 0x756b6000 	C:\Windows\System32\wship6.dll
0x6cec0000 - 0x6cf33000 	C:\Users\Administrator.510-BSEDO-122\AppData\Local\Temp\libgdxAdministrator\5a7f4445\gdx.dll
0x75700000 - 0x75716000 	C:\Windows\system32\CRYPTSP.dll
0x754a0000 - 0x754db000 	C:\Windows\system32\rsaenh.dll
0x75290000 - 0x752a7000 	C:\Windows\system32\USERENV.dll
0x75bd0000 - 0x75bdc000 	C:\Windows\system32\CRYPTBASE.dll
0x73e90000 - 0x73eac000 	C:\Windows\system32\IPHLPAPI.DLL
0x73e70000 - 0x73e77000 	C:\Windows\system32\WINNSI.DLL
0x73d90000 - 0x73d9d000 	C:\Windows\system32\dhcpcsvc6.DLL
0x73d70000 - 0x73d82000 	C:\Windows\system32\dhcpcsvc.DLL
0x6cc60000 - 0x6cc6f000 	C:\Program Files\Java\jdk1.8.0_60\jre\bin\nio.dll
0x00c20000 - 0x00c6f000 	C:\Users\Administrator.510-BSEDO-122\AppData\Local\Temp\libgdxAdministrator\68069333\lwjgl.dll
0x18d80000 - 0x18e48000 	C:\Windows\system32\OPENGL32.dll
0x621d0000 - 0x621f2000 	C:\Windows\system32\GLU32.dll
0x70e30000 - 0x70f17000 	C:\Windows\system32\DDRAW.dll
0x74840000 - 0x74846000 	C:\Windows\system32\DCIMAN32.dll
0x761a0000 - 0x7633d000 	C:\Windows\system32\SETUPAPI.dll
0x75fd0000 - 0x75ff7000 	C:\Windows\system32\CFGMGR32.dll
0x77640000 - 0x776cf000 	C:\Windows\system32\OLEAUT32.dll
0x75d20000 - 0x75d32000 	C:\Windows\system32\DEVOBJ.dll
0x746c0000 - 0x746d3000 	C:\Windows\system32\dwmapi.dll
0x14e00000 - 0x14e65000 	C:\Users\ADMINI~1.510\AppData\Local\Temp\libgdxAdministrator\68069333\OpenAL32.dll
0x74af0000 - 0x74b30000 	C:\Windows\system32\uxtheme.dll
0x76020000 - 0x760a3000 	C:\Windows\system32\CLBCatQ.DLL
0x746e0000 - 0x747d5000 	C:\Windows\System32\PROPSYS.dll
0x75e50000 - 0x75e7e000 	C:\Windows\system32\WINTRUST.dll
0x75e80000 - 0x75fa0000 	C:\Windows\system32\CRYPT32.dll
0x75d10000 - 0x75d1c000 	C:\Windows\system32\MSASN1.dll
0x62150000 - 0x621c2000 	C:\Windows\system32\dsound.dll
0x74160000 - 0x74185000 	C:\Windows\system32\POWRPROF.dll
0x74f40000 - 0x74f50000 	C:\Windows\system32\LSKHOOK.DLL
0x747e0000 - 0x74819000 	C:\Windows\System32\MMDevApi.dll
0x716b0000 - 0x716e6000 	C:\Windows\system32\AUDIOSES.DLL
0x15e80000 - 0x168e6000 	C:\Windows\system32\ig4icd32.dll
0x689a0000 - 0x68a19000 	C:\Windows\system32\mscms.dll
0x68910000 - 0x68948000 	C:\Windows\system32\icm32.dll
0x6e640000 - 0x6e6d2000 	C:\Users\Administrator.510-BSEDO-122\AppData\Local\Temp\libgdxAdministrator\a8e90ee8\gdx-box2d.dll
0x725e0000 - 0x726cb000 	C:\Windows\system32\dbghelp.dll

VM Arguments:
jvm_args: -Didea.launcher.port=7533 -Didea.launcher.bin.path=C:\Program Files\JetBrains\IntelliJ IDEA Community Edition 15.0.4\bin -Dfile.encoding=UTF-8 
java_command: com.intellij.rt.execution.application.AppMain com.slickgames.simpleninja.main.Launcher
java_class_path (initial): F:\SimpleNinja\bin;C:\Program Files\Java\jdk1.8.0_60\jre\lib\charsets.jar;C:\Program Files\Java\jdk1.8.0_60\jre\lib\deploy.jar;C:\Program Files\Java\jdk1.8.0_60\jre\lib\ext\access-bridge.jar;C:\Program Files\Java\jdk1.8.0_60\jre\lib\ext\cldrdata.jar;C:\Program Files\Java\jdk1.8.0_60\jre\lib\ext\dnsns.jar;C:\Program Files\Java\jdk1.8.0_60\jre\lib\ext\jaccess.jar;C:\Program Files\Java\jdk1.8.0_60\jre\lib\ext\jfxrt.jar;C:\Program Files\Java\jdk1.8.0_60\jre\lib\ext\localedata.jar;C:\Program Files\Java\jdk1.8.0_60\jre\lib\ext\nashorn.jar;C:\Program Files\Java\jdk1.8.0_60\jre\lib\ext\sunec.jar;C:\Program Files\Java\jdk1.8.0_60\jre\lib\ext\sunjce_provider.jar;C:\Program Files\Java\jdk1.8.0_60\jre\lib\ext\sunmscapi.jar;C:\Program Files\Java\jdk1.8.0_60\jre\lib\ext\sunpkcs11.jar;C:\Program Files\Java\jdk1.8.0_60\jre\lib\ext\zipfs.jar;C:\Program Files\Java\jdk1.8.0_60\jre\lib\javaws.jar;C:\Program Files\Java\jdk1.8.0_60\jre\lib\jce.jar;C:\Program Files\Java\jdk1.8.0_60\jre\lib\jfr.jar;C:\Program Files\Java\jdk1.8.0_60\jre\lib\jfxswt.jar;C:\Program Files\Java\jdk1.8.0_60\jre\lib\jsse.jar;C:\Program Files\Java\jdk1.8.0_60\jre\lib\management-agent.jar;C:\Program Files\Java\jdk1.8.0_60\jre\lib\plugin.jar;C:\Program Files\Java\jdk1.8.0_60\jre\lib\resources.jar;C:\Program Files\Java\jdk1.8.0_60\jre\lib\rt.jar;F:\SimpleNinja\libs\gdx.jar;F:\SimpleNinja\libs\gdx-box2d.jar;F:\SimpleNinja\libs\gdx-natives.jar;F:\SimpleNinja\libs\gdx-sources.jar;F:\SimpleNinja\libs\gdx-backend-lwjgl.jar;F:\SimpleNinja\libs\gdx-box2d-natives.jar;F:\SimpleNinja\libs\runnable-2D-particles.jar;F:\SimpleNinja\libs\runnable-texturepacker.jar;F:\SimpleNinja\libs\gdx-backend-lwjgl-natives.jar;C:\Program Files\JetBrains\IntelliJ IDEA Community Edition 15.0.4\lib\idea_rt.jar
Launcher Type: SUN_STANDARD

Environment Variables:
CLASSPATH=.;C:\Program Files\Java\jre6\lib\ext\QTJava.zip
PATH=C:\ProgramData\Oracle\Java\javapath;C:\Program Files\Common Files\Microsoft Shared\Windows Live;C:\Windows\system32;C:\Windows;C:\Windows\System32\Wbem;C:\Program Files\QuickTime\QTSystem\;C:\Program Files\FortisWeb\;C:\Program Files\FortisWeb\Viewers;C:\Program Files\Windows Live\Shared;C:\Windows\System32\WindowsPowerShell\v1.0\;C:\Program Files\Common Files\Roxio Shared\DLLShared\;C:\Program Files\Common Files\Roxio Shared\OEM\DLLShared\;C:\Program Files\Common Files\Roxio Shared\OEM\DLLShared\;C:\Program Files\Common Files\Roxio Shared\OEM\12.0\DLLShared\;C:\Program Files\Roxio\OEM\AudioCore\;C:\Program Files\Symantec\pcAnywhere\;C:\Program Files\Microsoft SQL Server\110\Tools\Binn\;C:\Program Files\IVI Foundation\VISA\WinNT\Bin;C:\Windows\System32\WindowsPowerShell\v1.0\;C:\Program Files\MATLAB\R2015a\bin
USERNAME=Administrator
OS=Windows_NT
PROCESSOR_IDENTIFIER=x86 Family 6 Model 42 Stepping 7, GenuineIntel



---------------  S Y S T E M  ---------------

OS: Windows 7 Build 7601 (6.1.7601.18015)

CPU:total 4 (4 cores per cpu, 1 threads per core) family 6 model 42 stepping 7, cmov, cx8, fxsr, mmx, sse, sse2, sse3, ssse3, sse4.1, sse4.2, popcnt, avx, aes, clmul, tsc, tscinvbit

Memory: 4k page, physical 3318724k(950096k free), swap 6635696k(3692068k free)

vm_info: Java HotSpot(TM) Client VM (25.60-b23) for windows-x86 JRE (1.8.0_60-b27), built on Aug  4 2015 10:57:40 by "java_re" with MS VC++ 10.0 (VS2010)

time: Thu Apr 07 13:02:05 2016
elapsed time: 3 seconds (0d 0h 0m 3s)

