#
# A fatal error has been detected by the Java Runtime Environment:
#
#  EXCEPTION_ACCESS_VIOLATION (0xc0000005) at pc=0x6e64d970, pid=8128, tid=4876
#
# JRE version: Java(TM) SE Runtime Environment (8.0_60-b27) (build 1.8.0_60-b27)
# Java VM: Java HotSpot(TM) Client VM (25.60-b23 mixed mode windows-x86 )
# Problematic frame:
# C  [gdx-box2d.dll+0xd970]
#
# Failed to write core dump. Minidumps are not enabled by default on client versions of Windows
#
# If you would like to submit a bug report, please visit:
#   http://bugreport.java.com/bugreport/crash.jsp
# The crash happened outside the Java Virtual Machine in native code.
# See problematic frame for where to report the bug.
#

---------------  T H R E A D  ---------------

Current thread (0x148bc400):  JavaThread "LWJGL Application" [_thread_in_native, id=4876, stack(0x154a0000,0x154f0000)]

siginfo: ExceptionCode=0xc0000005, writing address 0x6e68db08

Registers:
EAX=0x14e8c818, EBX=0x00000003, ECX=0x6e68db08, EDX=0x14e8c518
ESP=0x154ef0d0, EBP=0x154ef148, ESI=0x14e8c518, EDI=0x14e8c818
EIP=0x6e64d970, EFLAGS=0x00010202

Top of Stack: (sp=0x154ef0d0)
0x154ef0d0:   00000001 154ef10c 154ef3fc 6cfff4ec
0x154ef0e0:   144af2c8 ffffffff 6e68db08 6e64d27c
0x154ef0f0:   14e8c818 00000003 14e8c518 00000000
0x154ef100:   00000001 3fa3d70a 6e68db08 154ef25c
0x154ef110:   ffffffff 14eea128 154ef138 6e67e3db
0x154ef120:   018bc540 6e6807e0 6e680ef8 154ef140
0x154ef130:   6e64d2f8 154ef0f0 154ef1b8 14e8c818
0x154ef140:   14e8c518 14e8c818 154ef168 6e64d361 

Instructions: (pc=0x6e64d970)
0x6e64d950:   58 80 68 6e e8 d7 57 02 00 e9 2e ff ff ff 66 90
0x6e64d960:   53 83 ec 18 8b 54 24 28 8b 44 24 20 8b 5c 24 24
0x6e64d970:   c7 01 08 dc 68 6e f3 0f 10 4a 10 c7 41 04 04 00
0x6e64d980:   00 00 89 59 38 8b 5c 24 2c f3 0f 59 48 10 89 41 


Register to memory mapping:

EAX=0x14e8c818 is an unknown value
EBX=0x00000003 is an unknown value
ECX=0x6e68db08 is an unknown value
EDX=0x14e8c518 is an unknown value
ESP=0x154ef0d0 is pointing into the stack for thread: 0x148bc400
EBP=0x154ef148 is pointing into the stack for thread: 0x148bc400
ESI=0x14e8c518 is an unknown value
EDI=0x14e8c818 is an unknown value


Stack: [0x154a0000,0x154f0000],  sp=0x154ef0d0,  free space=316k
Native frames: (J=compiled Java code, j=interpreted, Vv=VM code, C=native code)
C  [gdx-box2d.dll+0xd970]
C  [gdx-box2d.dll+0xd361]
C  [gdx-box2d.dll+0x1f998]
C  [gdx-box2d.dll+0x3db55]
C  [gdx-box2d.dll+0x1fa7e]
C  [gdx-box2d.dll+0x225dc]
C  [gdx-box2d.dll+0x23f21]
C  [gdx-box2d.dll+0x285f9]
j  com.badlogic.gdx.physics.box2d.World.jniStep(JFII)V+0
J 564 C1 com.slickgames.simpleninja.states.Play.update(F)V (642 bytes) @ 0x01e28958 [0x01e28330+0x628]
j  com.slickgames.simpleninja.handlers.GameStateManager.update(F)V+11
j  com.slickgames.simpleninja.main.Game.render()V+32
j  com.badlogic.gdx.backends.lwjgl.LwjglApplication.mainLoop()V+684
j  com.badlogic.gdx.backends.lwjgl.LwjglApplication$1.run()V+27
v  ~StubRoutines::call_stub
V  [jvm.dll+0x158985]
V  [jvm.dll+0x21df3e]
V  [jvm.dll+0x158a1e]
V  [jvm.dll+0x158ba6]
V  [jvm.dll+0x158c17]
V  [jvm.dll+0xfd45f]
V  [jvm.dll+0x17bddc]
V  [jvm.dll+0x17beca]
V  [jvm.dll+0x1c0466]
C  [msvcr100.dll+0x5c556]
C  [msvcr100.dll+0x5c600]
C  [kernel32.dll+0x4ed6c]
C  [ntdll.dll+0x637eb]
C  [ntdll.dll+0x637be]
C  0x00000000

Java frames: (J=compiled Java code, j=interpreted, Vv=VM code)
j  com.badlogic.gdx.physics.box2d.World.jniStep(JFII)V+0
J 564 C1 com.slickgames.simpleninja.states.Play.update(F)V (642 bytes) @ 0x01e28958 [0x01e28330+0x628]
j  com.slickgames.simpleninja.handlers.GameStateManager.update(F)V+11
j  com.slickgames.simpleninja.main.Game.render()V+32
j  com.badlogic.gdx.backends.lwjgl.LwjglApplication.mainLoop()V+684
j  com.badlogic.gdx.backends.lwjgl.LwjglApplication$1.run()V+27
v  ~StubRoutines::call_stub

---------------  P R O C E S S  ---------------

Java Threads: ( => current thread )
  0x1499c800 JavaThread "LWJGL Timer" daemon [_thread_blocked, id=3944, stack(0x18d00000,0x18d50000)]
  0x14945c00 JavaThread "AsynchExecutor-Thread" daemon [_thread_blocked, id=1280, stack(0x18d90000,0x18de0000)]
  0x005fd400 JavaThread "DestroyJavaVM" [_thread_blocked, id=5712, stack(0x00bc0000,0x00c10000)]
=>0x148bc400 JavaThread "LWJGL Application" [_thread_in_native, id=4876, stack(0x154a0000,0x154f0000)]
  0x145b7000 JavaThread "Monitor Ctrl-Break" daemon [_thread_in_native, id=7148, stack(0x14dc0000,0x14e10000)]
  0x14490c00 JavaThread "Service Thread" daemon [_thread_blocked, id=496, stack(0x14780000,0x147d0000)]
  0x14489800 JavaThread "C1 CompilerThread0" daemon [_thread_blocked, id=2316, stack(0x14390000,0x143e0000)]
  0x1449c000 JavaThread "Attach Listener" daemon [_thread_blocked, id=6160, stack(0x14660000,0x146b0000)]
  0x14499000 JavaThread "Signal Dispatcher" daemon [_thread_blocked, id=1820, stack(0x00c10000,0x00c60000)]
  0x14457400 JavaThread "Finalizer" daemon [_thread_blocked, id=7000, stack(0x00c60000,0x00cb0000)]
  0x14451c00 JavaThread "Reference Handler" daemon [_thread_blocked, id=5908, stack(0x00d30000,0x00d80000)]

Other Threads:
  0x005ef000 VMThread [stack: 0x03d60000,0x03db0000] [id=6016]
  0x14492c00 WatcherThread [stack: 0x14810000,0x14860000] [id=4708]

VM state:not at safepoint (normal execution)

VM Mutex/Monitor currently owned by a thread: None

Heap:
 def new generation   total 4928K, used 3523K [0x03e00000, 0x04350000, 0x09350000)
  eden space 4416K,  68% used [0x03e00000, 0x040f0c78, 0x04250000)
  from space 512K, 100% used [0x04250000, 0x042d0000, 0x042d0000)
  to   space 512K,   0% used [0x042d0000, 0x042d0000, 0x04350000)
 tenured generation   total 10944K, used 6025K [0x09350000, 0x09e00000, 0x13e00000)
   the space 10944K,  55% used [0x09350000, 0x09932730, 0x09932800, 0x09e00000)
 Metaspace       used 6364K, capacity 6496K, committed 6528K, reserved 6528K

Card table byte_map: [0x006e0000,0x00770000] byte_map_base: 0x006c1000

Polling page: 0x00380000

CodeCache: size=32768Kb used=1902Kb max_used=1902Kb free=30865Kb
 bounds [0x01ca0000, 0x01e80000, 0x03ca0000]
 total_blobs=997 nmethods=696 adapters=232
 compilation: enabled

Compilation events (10 events):
Event: 17.735 Thread 0x14489800  702             com.badlogic.gdx.graphics.glutils.ShapeRenderer::begin (84 bytes)
Event: 17.735 Thread 0x14489800 nmethod 702 0x01e77a08 code [0x01e77b50, 0x01e77e00]
Event: 17.735 Thread 0x14489800  703             com.badlogic.gdx.graphics.glutils.ShapeRenderer$ShapeType::getGlType (5 bytes)
Event: 17.735 Thread 0x14489800 nmethod 703 0x01e78148 code [0x01e78240, 0x01e782c0]
Event: 17.735 Thread 0x14489800  704             com.badlogic.gdx.graphics.glutils.ImmediateModeRenderer20::begin (15 bytes)
Event: 17.736 Thread 0x14489800 nmethod 704 0x01e78308 code [0x01e78410, 0x01e7851c]
Event: 17.736 Thread 0x14489800  705             com.badlogic.gdx.graphics.glutils.ImmediateModeRenderer20::flush (113 bytes)
Event: 17.737 Thread 0x14489800 nmethod 705 0x01e78648 code [0x01e788e0, 0x01e79210]
Event: 17.745 Thread 0x14489800  706             com.slickgames.simpleninja.handlers.postprocessing.PostProcessor::render (183 bytes)
Event: 17.747 Thread 0x14489800 nmethod 706 0x01e7a2c8 code [0x01e7a550, 0x01e7ae1c]

GC Heap History (10 events):
Event: 0.984 GC heap before
{Heap before GC invocations=3 (full 0):
 def new generation   total 4928K, used 4928K [0x03e00000, 0x04350000, 0x09350000)
  eden space 4416K, 100% used [0x03e00000, 0x04250000, 0x04250000)
  from space 512K, 100% used [0x042d0000, 0x04350000, 0x04350000)
  to   space 512K,   0% used [0x04250000, 0x04250000, 0x042d0000)
 tenured generation   total 10944K, used 2519K [0x09350000, 0x09e00000, 0x13e00000)
   the space 10944K,  23% used [0x09350000, 0x095c5cb0, 0x095c5e00, 0x09e00000)
 Metaspace       used 4199K, capacity 4225K, committed 4288K, reserved 4480K
Event: 0.986 GC heap after
Heap after GC invocations=4 (full 0):
 def new generation   total 4928K, used 13K [0x03e00000, 0x04350000, 0x09350000)
  eden space 4416K,   0% used [0x03e00000, 0x03e00000, 0x04250000)
  from space 512K,   2% used [0x04250000, 0x04253760, 0x042d0000)
  to   space 512K,   0% used [0x042d0000, 0x042d0000, 0x04350000)
 tenured generation   total 10944K, used 3977K [0x09350000, 0x09e00000, 0x13e00000)
   the space 10944K,  36% used [0x09350000, 0x09732740, 0x09732800, 0x09e00000)
 Metaspace       used 4199K, capacity 4225K, committed 4288K, reserved 4480K
}
Event: 0.987 GC heap before
{Heap before GC invocations=4 (full 0):
 def new generation   total 4928K, used 86K [0x03e00000, 0x04350000, 0x09350000)
  eden space 4416K,   1% used [0x03e00000, 0x03e12458, 0x04250000)
  from space 512K,   2% used [0x04250000, 0x04253760, 0x042d0000)
  to   space 512K,   0% used [0x042d0000, 0x042d0000, 0x04350000)
 tenured generation   total 10944K, used 3977K [0x09350000, 0x09e00000, 0x13e00000)
   the space 10944K,  36% used [0x09350000, 0x09732740, 0x09732800, 0x09e00000)
 Metaspace       used 4199K, capacity 4225K, committed 4288K, reserved 4480K
Event: 0.988 GC heap after
Heap after GC invocations=5 (full 0):
 def new generation   total 4928K, used 13K [0x03e00000, 0x04350000, 0x09350000)
  eden space 4416K,   0% used [0x03e00000, 0x03e00000, 0x04250000)
  from space 512K,   2% used [0x042d0000, 0x042d3588, 0x04350000)
  to   space 512K,   0% used [0x04250000, 0x04250000, 0x042d0000)
 tenured generation   total 10944K, used 3977K [0x09350000, 0x09e00000, 0x13e00000)
   the space 10944K,  36% used [0x09350000, 0x09732740, 0x09732800, 0x09e00000)
 Metaspace       used 4199K, capacity 4225K, committed 4288K, reserved 4480K
}
Event: 1.159 GC heap before
{Heap before GC invocations=5 (full 0):
 def new generation   total 4928K, used 4429K [0x03e00000, 0x04350000, 0x09350000)
  eden space 4416K, 100% used [0x03e00000, 0x04250000, 0x04250000)
  from space 512K,   2% used [0x042d0000, 0x042d3588, 0x04350000)
  to   space 512K,   0% used [0x04250000, 0x04250000, 0x042d0000)
 tenured generation   total 10944K, used 3977K [0x09350000, 0x09e00000, 0x13e00000)
   the space 10944K,  36% used [0x09350000, 0x09732740, 0x09732800, 0x09e00000)
 Metaspace       used 4282K, capacity 4321K, committed 4416K, reserved 4480K
Event: 1.160 GC heap after
Heap after GC invocations=6 (full 0):
 def new generation   total 4928K, used 158K [0x03e00000, 0x04350000, 0x09350000)
  eden space 4416K,   0% used [0x03e00000, 0x03e00000, 0x04250000)
  from space 512K,  30% used [0x04250000, 0x04277830, 0x042d0000)
  to   space 512K,   0% used [0x042d0000, 0x042d0000, 0x04350000)
 tenured generation   total 10944K, used 3977K [0x09350000, 0x09e00000, 0x13e00000)
   the space 10944K,  36% used [0x09350000, 0x09732740, 0x09732800, 0x09e00000)
 Metaspace       used 4282K, capacity 4321K, committed 4416K, reserved 4480K
}
Event: 1.371 GC heap before
{Heap before GC invocations=6 (full 0):
 def new generation   total 4928K, used 4574K [0x03e00000, 0x04350000, 0x09350000)
  eden space 4416K, 100% used [0x03e00000, 0x04250000, 0x04250000)
  from space 512K,  30% used [0x04250000, 0x04277830, 0x042d0000)
  to   space 512K,   0% used [0x042d0000, 0x042d0000, 0x04350000)
 tenured generation   total 10944K, used 3977K [0x09350000, 0x09e00000, 0x13e00000)
   the space 10944K,  36% used [0x09350000, 0x09732740, 0x09732800, 0x09e00000)
 Metaspace       used 5027K, capacity 5089K, committed 5120K, reserved 5504K
Event: 1.373 GC heap after
Heap after GC invocations=7 (full 0):
 def new generation   total 4928K, used 512K [0x03e00000, 0x04350000, 0x09350000)
  eden space 4416K,   0% used [0x03e00000, 0x03e00000, 0x04250000)
  from space 512K, 100% used [0x042d0000, 0x04350000, 0x04350000)
  to   space 512K,   0% used [0x04250000, 0x04250000, 0x042d0000)
 tenured generation   total 10944K, used 4623K [0x09350000, 0x09e00000, 0x13e00000)
   the space 10944K,  42% used [0x09350000, 0x097d3ca0, 0x097d3e00, 0x09e00000)
 Metaspace       used 5027K, capacity 5089K, committed 5120K, reserved 5504K
}
Event: 3.431 GC heap before
{Heap before GC invocations=7 (full 0):
 def new generation   total 4928K, used 4928K [0x03e00000, 0x04350000, 0x09350000)
  eden space 4416K, 100% used [0x03e00000, 0x04250000, 0x04250000)
  from space 512K, 100% used [0x042d0000, 0x04350000, 0x04350000)
  to   space 512K,   0% used [0x04250000, 0x04250000, 0x042d0000)
 tenured generation   total 10944K, used 4623K [0x09350000, 0x09e00000, 0x13e00000)
   the space 10944K,  42% used [0x09350000, 0x097d3ca0, 0x097d3e00, 0x09e00000)
 Metaspace       used 5812K, capacity 5838K, committed 5888K, reserved 6528K
Event: 3.434 GC heap after
Heap after GC invocations=8 (full 0):
 def new generation   total 4928K, used 512K [0x03e00000, 0x04350000, 0x09350000)
  eden space 4416K,   0% used [0x03e00000, 0x03e00000, 0x04250000)
  from space 512K, 100% used [0x04250000, 0x042d0000, 0x042d0000)
  to   space 512K,   0% used [0x042d0000, 0x042d0000, 0x04350000)
 tenured generation   total 10944K, used 6025K [0x09350000, 0x09e00000, 0x13e00000)
   the space 10944K,  55% used [0x09350000, 0x09932730, 0x09932800, 0x09e00000)
 Metaspace       used 5812K, capacity 5838K, committed 5888K, reserved 6528K
}

Deoptimization events (0 events):
No events

Internal exceptions (10 events):
Event: 15.349 Thread 0x148bc400 Exception <a 'java/lang/ClassCastException'> (0x040c7918) thrown at [D:\re\puppet\workspace\8-2-build-windows-i586-cygwin\jdk8u60\4407\hotspot\src\share\vm\runtime\sharedRuntime.cpp, line 605]
Event: 15.559 Thread 0x148bc400 Exception <a 'java/lang/ClassCastException'> (0x040caec8) thrown at [D:\re\puppet\workspace\8-2-build-windows-i586-cygwin\jdk8u60\4407\hotspot\src\share\vm\runtime\sharedRuntime.cpp, line 605]
Event: 15.859 Thread 0x148bc400 Exception <a 'java/lang/ClassCastException'> (0x040ce668) thrown at [D:\re\puppet\workspace\8-2-build-windows-i586-cygwin\jdk8u60\4407\hotspot\src\share\vm\runtime\sharedRuntime.cpp, line 605]
Event: 16.159 Thread 0x148bc400 Exception <a 'java/lang/ClassCastException'> (0x040d2ad8) thrown at [D:\re\puppet\workspace\8-2-build-windows-i586-cygwin\jdk8u60\4407\hotspot\src\share\vm\runtime\sharedRuntime.cpp, line 605]
Event: 16.374 Thread 0x148bc400 Exception <a 'java/lang/ClassCastException'> (0x040d5220) thrown at [D:\re\puppet\workspace\8-2-build-windows-i586-cygwin\jdk8u60\4407\hotspot\src\share\vm\runtime\sharedRuntime.cpp, line 605]
Event: 16.530 Thread 0x148bc400 Exception <a 'java/lang/ClassCastException'> (0x040d6d80) thrown at [D:\re\puppet\workspace\8-2-build-windows-i586-cygwin\jdk8u60\4407\hotspot\src\share\vm\runtime\sharedRuntime.cpp, line 605]
Event: 16.748 Thread 0x148bc400 Exception <a 'java/lang/ClassCastException'> (0x040d8478) thrown at [D:\re\puppet\workspace\8-2-build-windows-i586-cygwin\jdk8u60\4407\hotspot\src\share\vm\runtime\sharedRuntime.cpp, line 605]
Event: 17.171 Thread 0x148bc400 Exception <a 'java/lang/ClassCastException'> (0x040dbab0) thrown at [D:\re\puppet\workspace\8-2-build-windows-i586-cygwin\jdk8u60\4407\hotspot\src\share\vm\runtime\sharedRuntime.cpp, line 605]
Event: 17.425 Thread 0x148bc400 Exception <a 'java/lang/ClassCastException'> (0x040deb50) thrown at [D:\re\puppet\workspace\8-2-build-windows-i586-cygwin\jdk8u60\4407\hotspot\src\share\vm\runtime\sharedRuntime.cpp, line 605]
Event: 17.710 Thread 0x148bc400 Exception <a 'java/lang/ClassCastException'> (0x040e1e28) thrown at [D:\re\puppet\workspace\8-2-build-windows-i586-cygwin\jdk8u60\4407\hotspot\src\share\vm\runtime\sharedRuntime.cpp, line 605]

Events (10 events):
Event: 4.025 loading class com/badlogic/gdx/backends/lwjgl/LwjglInput$KeyEvent done
Event: 4.295 Executing VM operation: EnableBiasedLocking
Event: 4.296 Executing VM operation: EnableBiasedLocking done
Event: 4.409 Thread 0x14489800 flushing nmethod 0x01d56a08
Event: 4.410 Thread 0x14489800 flushing nmethod 0x01d9c448
Event: 4.486 loading class com/slickgames/simpleninja/entities/Projectile
Event: 4.486 loading class com/slickgames/simpleninja/entities/Projectile done
Event: 6.578 Thread 0x14489800 flushing nmethod 0x01dde488
Event: 7.479 Thread 0x14489800 flushing nmethod 0x01dec108
Event: 7.479 Thread 0x14489800 flushing nmethod 0x01dec508


Dynamic libraries:
0x00d90000 - 0x00dc3000 	C:\Program Files\Java\jdk1.8.0_60\bin\java.exe
0x77c90000 - 0x77dcc000 	C:\Windows\SYSTEM32\ntdll.dll
0x77b50000 - 0x77c24000 	C:\Windows\system32\kernel32.dll
0x75de0000 - 0x75e2b000 	C:\Windows\system32\KERNELBASE.dll
0x77de0000 - 0x77e80000 	C:\Windows\system32\ADVAPI32.dll
0x77720000 - 0x777cc000 	C:\Windows\system32\msvcrt.dll
0x77b30000 - 0x77b49000 	C:\Windows\SYSTEM32\sechost.dll
0x77590000 - 0x77632000 	C:\Windows\system32\RPCRT4.dll
0x77200000 - 0x772c9000 	C:\Windows\system32\USER32.dll
0x76560000 - 0x765ae000 	C:\Windows\system32\GDI32.dll
0x760c0000 - 0x760ca000 	C:\Windows\system32\LPK.dll
0x77800000 - 0x7789d000 	C:\Windows\system32\USP10.dll
0x74b90000 - 0x74d2e000 	C:\Windows\WinSxS\x86_microsoft.windows.common-controls_6595b64144ccf1df_6.0.7601.17514_none_41e6975e2bd6f2b2\COMCTL32.dll
0x77c30000 - 0x77c87000 	C:\Windows\system32\SHLWAPI.dll
0x76000000 - 0x7601f000 	C:\Windows\system32\IMM32.DLL
0x760d0000 - 0x7619c000 	C:\Windows\system32\MSCTF.dll
0x75c80000 - 0x75c95000 	C:\Windows\system32\AMINIT32.DLL
0x77f40000 - 0x77fff000 	C:\Program Files\Java\jdk1.8.0_60\jre\bin\msvcr100.dll
0x6cd20000 - 0x6d0e5000 	C:\Program Files\Java\jdk1.8.0_60\jre\bin\client\jvm.dll
0x72750000 - 0x72757000 	C:\Windows\system32\WSOCK32.dll
0x77e80000 - 0x77eb5000 	C:\Windows\system32\WS2_32.dll
0x772d0000 - 0x772d6000 	C:\Windows\system32\NSI.dll
0x731a0000 - 0x731d2000 	C:\Windows\system32\WINMM.dll
0x75130000 - 0x75139000 	C:\Windows\system32\VERSION.dll
0x77dd0000 - 0x77dd5000 	C:\Windows\system32\PSAPI.DLL
0x743d0000 - 0x743dc000 	C:\Program Files\Java\jdk1.8.0_60\jre\bin\verify.dll
0x68ff0000 - 0x69011000 	C:\Program Files\Java\jdk1.8.0_60\jre\bin\java.dll
0x6b860000 - 0x6b873000 	C:\Program Files\Java\jdk1.8.0_60\jre\bin\zip.dll
0x765b0000 - 0x771fa000 	C:\Windows\system32\SHELL32.dll
0x779d0000 - 0x77b2c000 	C:\Windows\system32\ole32.dll
0x75ca0000 - 0x75cab000 	C:\Windows\system32\profapi.dll
0x003c0000 - 0x003c7000 	C:\Program Files\JetBrains\IntelliJ IDEA Community Edition 15.0.4\bin\breakgen.dll
0x6ba40000 - 0x6ba55000 	C:\Program Files\Java\jdk1.8.0_60\jre\bin\net.dll
0x756c0000 - 0x756fc000 	C:\Windows\system32\mswsock.dll
0x756b0000 - 0x756b6000 	C:\Windows\System32\wship6.dll
0x146b0000 - 0x14723000 	C:\Users\Administrator.510-BSEDO-122\AppData\Local\Temp\libgdxAdministrator\5a7f4445\gdx.dll
0x75700000 - 0x75716000 	C:\Windows\system32\CRYPTSP.dll
0x754a0000 - 0x754db000 	C:\Windows\system32\rsaenh.dll
0x75290000 - 0x752a7000 	C:\Windows\system32\USERENV.dll
0x75bd0000 - 0x75bdc000 	C:\Windows\system32\CRYPTBASE.dll
0x73e90000 - 0x73eac000 	C:\Windows\system32\IPHLPAPI.DLL
0x73e70000 - 0x73e77000 	C:\Windows\system32\WINNSI.DLL
0x73d90000 - 0x73d9d000 	C:\Windows\system32\dhcpcsvc6.DLL
0x73d70000 - 0x73d82000 	C:\Windows\system32\dhcpcsvc.DLL
0x6cc60000 - 0x6cc6f000 	C:\Program Files\Java\jdk1.8.0_60\jre\bin\nio.dll
0x007d0000 - 0x0081f000 	C:\Users\Administrator.510-BSEDO-122\AppData\Local\Temp\libgdxAdministrator\68069333\lwjgl.dll
0x190c0000 - 0x19188000 	C:\Windows\system32\OPENGL32.dll
0x699a0000 - 0x699c2000 	C:\Windows\system32\GLU32.dll
0x70600000 - 0x706e7000 	C:\Windows\system32\DDRAW.dll
0x6b970000 - 0x6b976000 	C:\Windows\system32\DCIMAN32.dll
0x761a0000 - 0x7633d000 	C:\Windows\system32\SETUPAPI.dll
0x75fd0000 - 0x75ff7000 	C:\Windows\system32\CFGMGR32.dll
0x77640000 - 0x776cf000 	C:\Windows\system32\OLEAUT32.dll
0x75d20000 - 0x75d32000 	C:\Windows\system32\DEVOBJ.dll
0x746c0000 - 0x746d3000 	C:\Windows\system32\dwmapi.dll
0x15020000 - 0x15085000 	C:\Users\ADMINI~1.510\AppData\Local\Temp\libgdxAdministrator\68069333\OpenAL32.dll
0x74af0000 - 0x74b30000 	C:\Windows\system32\uxtheme.dll
0x76020000 - 0x760a3000 	C:\Windows\system32\CLBCatQ.DLL
0x746e0000 - 0x747d5000 	C:\Windows\System32\PROPSYS.dll
0x75e50000 - 0x75e7e000 	C:\Windows\system32\WINTRUST.dll
0x75e80000 - 0x75fa0000 	C:\Windows\system32\CRYPT32.dll
0x75d10000 - 0x75d1c000 	C:\Windows\system32\MSASN1.dll
0x6e160000 - 0x6e1d2000 	C:\Windows\system32\dsound.dll
0x74160000 - 0x74185000 	C:\Windows\system32\POWRPROF.dll
0x74f40000 - 0x74f50000 	C:\Windows\system32\LSKHOOK.DLL
0x747e0000 - 0x74819000 	C:\Windows\System32\MMDevApi.dll
0x716b0000 - 0x716e6000 	C:\Windows\system32\AUDIOSES.DLL
0x16020000 - 0x16a86000 	C:\Windows\system32\ig4icd32.dll
0x689a0000 - 0x68a19000 	C:\Windows\system32\mscms.dll
0x68910000 - 0x68948000 	C:\Windows\system32\icm32.dll
0x6e640000 - 0x6e6d2000 	C:\Users\Administrator.510-BSEDO-122\AppData\Local\Temp\libgdxAdministrator\a8e90ee8\gdx-box2d.dll
0x725e0000 - 0x726cb000 	C:\Windows\system32\dbghelp.dll

VM Arguments:
jvm_args: -Didea.launcher.port=7534 -Didea.launcher.bin.path=C:\Program Files\JetBrains\IntelliJ IDEA Community Edition 15.0.4\bin -Dfile.encoding=UTF-8 
java_command: com.intellij.rt.execution.application.AppMain com.slickgames.simpleninja.main.Launcher
java_class_path (initial): F:\SimpleNinja\bin;C:\Program Files\Java\jdk1.8.0_60\jre\lib\charsets.jar;C:\Program Files\Java\jdk1.8.0_60\jre\lib\deploy.jar;C:\Program Files\Java\jdk1.8.0_60\jre\lib\ext\access-bridge.jar;C:\Program Files\Java\jdk1.8.0_60\jre\lib\ext\cldrdata.jar;C:\Program Files\Java\jdk1.8.0_60\jre\lib\ext\dnsns.jar;C:\Program Files\Java\jdk1.8.0_60\jre\lib\ext\jaccess.jar;C:\Program Files\Java\jdk1.8.0_60\jre\lib\ext\jfxrt.jar;C:\Program Files\Java\jdk1.8.0_60\jre\lib\ext\localedata.jar;C:\Program Files\Java\jdk1.8.0_60\jre\lib\ext\nashorn.jar;C:\Program Files\Java\jdk1.8.0_60\jre\lib\ext\sunec.jar;C:\Program Files\Java\jdk1.8.0_60\jre\lib\ext\sunjce_provider.jar;C:\Program Files\Java\jdk1.8.0_60\jre\lib\ext\sunmscapi.jar;C:\Program Files\Java\jdk1.8.0_60\jre\lib\ext\sunpkcs11.jar;C:\Program Files\Java\jdk1.8.0_60\jre\lib\ext\zipfs.jar;C:\Program Files\Java\jdk1.8.0_60\jre\lib\javaws.jar;C:\Program Files\Java\jdk1.8.0_60\jre\lib\jce.jar;C:\Program Files\Java\jdk1.8.0_60\jre\lib\jfr.jar;C:\Program Files\Java\jdk1.8.0_60\jre\lib\jfxswt.jar;C:\Program Files\Java\jdk1.8.0_60\jre\lib\jsse.jar;C:\Program Files\Java\jdk1.8.0_60\jre\lib\management-agent.jar;C:\Program Files\Java\jdk1.8.0_60\jre\lib\plugin.jar;C:\Program Files\Java\jdk1.8.0_60\jre\lib\resources.jar;C:\Program Files\Java\jdk1.8.0_60\jre\lib\rt.jar;F:\SimpleNinja\libs\gdx.jar;F:\SimpleNinja\libs\gdx-box2d.jar;F:\SimpleNinja\libs\gdx-natives.jar;F:\SimpleNinja\libs\gdx-sources.jar;F:\SimpleNinja\libs\gdx-backend-lwjgl.jar;F:\SimpleNinja\libs\gdx-box2d-natives.jar;F:\SimpleNinja\libs\runnable-2D-particles.jar;F:\SimpleNinja\libs\runnable-texturepacker.jar;F:\SimpleNinja\libs\gdx-backend-lwjgl-natives.jar;C:\Program Files\JetBrains\IntelliJ IDEA Community Edition 15.0.4\lib\idea_rt.jar
Launcher Type: SUN_STANDARD

Environment Variables:
CLASSPATH=.;C:\Program Files\Java\jre6\lib\ext\QTJava.zip
PATH=C:\ProgramData\Oracle\Java\javapath;C:\Program Files\Common Files\Microsoft Shared\Windows Live;C:\Windows\system32;C:\Windows;C:\Windows\System32\Wbem;C:\Program Files\QuickTime\QTSystem\;C:\Program Files\FortisWeb\;C:\Program Files\FortisWeb\Viewers;C:\Program Files\Windows Live\Shared;C:\Windows\System32\WindowsPowerShell\v1.0\;C:\Program Files\Common Files\Roxio Shared\DLLShared\;C:\Program Files\Common Files\Roxio Shared\OEM\DLLShared\;C:\Program Files\Common Files\Roxio Shared\OEM\DLLShared\;C:\Program Files\Common Files\Roxio Shared\OEM\12.0\DLLShared\;C:\Program Files\Roxio\OEM\AudioCore\;C:\Program Files\Symantec\pcAnywhere\;C:\Program Files\Microsoft SQL Server\110\Tools\Binn\;C:\Program Files\IVI Foundation\VISA\WinNT\Bin;C:\Windows\System32\WindowsPowerShell\v1.0\;C:\Program Files\MATLAB\R2015a\bin
USERNAME=Administrator
OS=Windows_NT
PROCESSOR_IDENTIFIER=x86 Family 6 Model 42 Stepping 7, GenuineIntel



---------------  S Y S T E M  ---------------

OS: Windows 7 Build 7601 (6.1.7601.18015)

CPU:total 4 (4 cores per cpu, 1 threads per core) family 6 model 42 stepping 7, cmov, cx8, fxsr, mmx, sse, sse2, sse3, ssse3, sse4.1, sse4.2, popcnt, avx, aes, clmul, tsc, tscinvbit

Memory: 4k page, physical 3318724k(831492k free), swap 6635696k(3584924k free)

vm_info: Java HotSpot(TM) Client VM (25.60-b23) for windows-x86 JRE (1.8.0_60-b27), built on Aug  4 2015 10:57:40 by "java_re" with MS VC++ 10.0 (VS2010)

time: Thu Apr 07 13:04:28 2016
elapsed time: 17 seconds (0d 0h 0m 17s)

